2024-05-14 13:36:39.174 [main] INFO  com.jbp.front.JbpFrontApplication - Starting JbpFrontApplication on DESKTOP-QENSR3B with PID 8720 (E:\work\workspace\jbp\jbp-front\target\classes started by Administrator in E:\work\workspace\jbp\jbp-front)
2024-05-14 13:36:39.177 [main] INFO  com.jbp.front.JbpFrontApplication - No active profile set, falling back to default profiles: default
2024-05-14 13:36:40.846 [main] INFO  o.s.d.r.config.RepositoryConfigurationDelegate - Multiple Spring Data modules found, entering strict repository configuration mode!
2024-05-14 13:36:40.849 [main] INFO  o.s.d.r.config.RepositoryConfigurationDelegate - Bootstrapping Spring Data Redis repositories in DEFAULT mode.
2024-05-14 13:36:40.882 [main] INFO  o.s.d.r.config.RepositoryConfigurationDelegate - Finished Spring Data repository scanning in 15ms. Found 0 Redis repository interfaces.
2024-05-14 13:36:42.476 [main] INFO  o.s.boot.web.embedded.tomcat.TomcatWebServer - Tomcat initialized with port(s): 8182 (http)
2024-05-14 13:36:42.485 [main] INFO  org.apache.coyote.http11.Http11NioProtocol - Initializing ProtocolHandler ["http-nio-8182"]
2024-05-14 13:36:42.486 [main] INFO  org.apache.catalina.core.StandardService - Starting service [Tomcat]
2024-05-14 13:36:42.486 [main] INFO  org.apache.catalina.core.StandardEngine - Starting Servlet engine: [Apache Tomcat/9.0.33]
2024-05-14 13:36:42.762 [main] INFO  org.apache.jasper.servlet.TldScanner - At least one JAR was scanned for TLDs yet contained no TLDs. Enable debug logging for this logger for a complete list of JARs that were scanned but no TLDs were found in them. Skipping unneeded JARs during scanning can improve startup time and JSP compilation time.
2024-05-14 13:36:42.768 [main] INFO  o.a.c.core.ContainerBase.[Tomcat].[localhost].[/] - Initializing Spring embedded WebApplicationContext
2024-05-14 13:36:42.769 [main] INFO  org.springframework.web.context.ContextLoader - Root WebApplicationContext: initialization completed in 3533 ms
2024-05-14 13:36:49.323 [main] INFO  com.alibaba.druid.pool.DruidDataSource - {dataSource-1} inited
2024-05-14 13:36:52.850 [main] INFO  org.redisson.Version - Redisson 3.14.1
2024-05-14 13:36:54.167 [redisson-netty-2-23] INFO  o.r.connection.pool.MasterPubSubConnectionPool - 1 connections initialized for /127.0.0.1:6379
2024-05-14 13:36:54.202 [redisson-netty-2-19] INFO  org.redisson.connection.pool.MasterConnectionPool - 24 connections initialized for /127.0.0.1:6379
2024-05-14 13:36:54.921 [main] INFO  c.j.front.config.AjCaptchaServiceAutoConfiguration - 自定义配置项：
AjCaptchaProperties{type=DEFAULT, jigsaw='', picClick='', waterMark='Jbp Java', waterFont='WenQuanZhengHei.ttf', fontType='WenQuanZhengHei.ttf', slipOffset='5', aesStatus=true, interferenceOptions='2', cacheNumber='1000', timingClear='180', cacheType=local, reqFrequencyLimitEnable=false, reqGetLockLimit=5, reqGetLockSeconds=300, reqGetMinuteLimit=360, reqCheckMinuteLimit=60, reqVerifyMinuteLimit=60}
2024-05-14 13:36:54.924 [main] INFO  c.jbp.front.service.captcha.CaptchaServiceFactory - supported-captchaCache-service:[local]
2024-05-14 13:36:54.930 [main] INFO  c.jbp.front.service.captcha.CaptchaServiceFactory - supported-captchaTypes-service:[clickWord, default, blockPuzzle]
2024-05-14 13:36:54.943 [main] INFO  com.jbp.common.captcha.util.ImageUtils - 初始化底图:[SLIDING_BLOCK=[Ljava.lang.String;@193d7ac7, ORIGINAL=[Ljava.lang.String;@7d0333c8, PIC_CLICK=[Ljava.lang.String;@185b7cc6]
2024-05-14 13:36:54.943 [main] INFO  c.j.f.s.captcha.impl.ClickWordCaptchaServiceImpl - --->>>初始化验证码底图<<<---clickWord
2024-05-14 13:36:55.011 [main] INFO  c.j.f.s.captcha.impl.ClickWordCaptchaServiceImpl - 初始化local缓存...
2024-05-14 13:36:55.033 [main] INFO  com.jbp.common.captcha.util.ImageUtils - 初始化底图:[SLIDING_BLOCK=[Ljava.lang.String;@510e6b93, ORIGINAL=[Ljava.lang.String;@129e45eb, PIC_CLICK=[Ljava.lang.String;@15c3849f]
2024-05-14 13:36:55.033 [main] INFO  c.j.f.s.captcha.impl.BlockPuzzleCaptchaServiceImpl - --->>>初始化验证码底图<<<---blockPuzzle
2024-05-14 13:36:55.049 [main] INFO  c.j.f.s.captcha.impl.BlockPuzzleCaptchaServiceImpl - 初始化local缓存...
2024-05-14 13:36:55.841 [main] INFO  c.y.y.s.c.provider.file.YopFileSdkConfigProvider - 加载默认配置文件config/yop_sdk_config_default.json
2024-05-14 13:36:56.992 [main] INFO  o.s.b.actuate.endpoint.web.EndpointLinksResolver - Exposing 2 endpoint(s) beneath base path '/actuator'
2024-05-14 13:36:57.211 [main] INFO  o.s.security.web.DefaultSecurityFilterChain - Creating filter chain: any request, [org.springframework.security.web.context.request.async.WebAsyncManagerIntegrationFilter@2d732cda, org.springframework.security.web.context.SecurityContextPersistenceFilter@5e8bc83e, org.springframework.security.web.header.HeaderWriterFilter@49c72fb7, org.springframework.security.web.authentication.logout.LogoutFilter@e5d9fa7, org.springframework.security.web.savedrequest.RequestCacheAwareFilter@69374e28, org.springframework.security.web.servletapi.SecurityContextHolderAwareRequestFilter@5cbebfba, org.springframework.security.web.authentication.AnonymousAuthenticationFilter@755fdfad, org.springframework.security.web.session.SessionManagementFilter@435e224d, org.springframework.security.web.access.ExceptionTranslationFilter@6908674b, org.springframework.security.web.access.intercept.FilterSecurityInterceptor@7a91027c]
2024-05-14 13:36:57.233 [main] INFO  s.d.s.w.PropertySourcedRequestMappingHandlerMapping - Mapped URL path [/v2/api-docs] onto method [springfox.documentation.swagger2.web.Swagger2Controller#getDocumentation(String, HttpServletRequest)]
2024-05-14 13:36:57.260 [main] INFO  o.s.scheduling.concurrent.ThreadPoolTaskExecutor - Initializing ExecutorService
2024-05-14 13:36:57.261 [main] INFO  o.s.scheduling.concurrent.ThreadPoolTaskExecutor - Initializing ExecutorService 'taskExecutor'
2024-05-14 13:36:57.780 [main] INFO  s.d.s.web.plugins.DocumentationPluginsBootstrapper - Context refreshed
2024-05-14 13:36:57.804 [main] INFO  s.d.s.web.plugins.DocumentationPluginsBootstrapper - Found 2 custom documentation plugin(s)
2024-05-14 13:36:57.839 [main] INFO  s.d.spring.web.scanners.ApiListingReferenceScanner - Scanning for api listing references
2024-05-14 13:36:58.018 [main] INFO  s.d.s.w.r.operation.CachingOperationNameGenerator - Generating unique operation named: getListUsingGET_1
2024-05-14 13:36:58.042 [main] INFO  s.d.s.w.r.operation.CachingOperationNameGenerator - Generating unique operation named: getListUsingGET_2
2024-05-14 13:36:58.081 [main] INFO  s.d.s.w.r.operation.CachingOperationNameGenerator - Generating unique operation named: getListUsingGET_3
2024-05-14 13:36:58.108 [main] INFO  s.d.s.w.r.operation.CachingOperationNameGenerator - Generating unique operation named: getListUsingGET_4
2024-05-14 13:36:58.245 [main] INFO  s.d.s.w.r.operation.CachingOperationNameGenerator - Generating unique operation named: getListUsingGET_5
2024-05-14 13:36:58.255 [main] INFO  s.d.s.w.r.operation.CachingOperationNameGenerator - Generating unique operation named: getListUsingGET_6
2024-05-14 13:36:58.386 [main] INFO  s.d.s.w.r.operation.CachingOperationNameGenerator - Generating unique operation named: getIndexInfoUsingGET_1
2024-05-14 13:36:58.431 [main] INFO  s.d.s.w.r.operation.CachingOperationNameGenerator - Generating unique operation named: deleteUsingPOST_1
2024-05-14 13:36:58.494 [main] INFO  s.d.s.w.r.operation.CachingOperationNameGenerator - Generating unique operation named: infoUsingGET_1
2024-05-14 13:36:58.535 [main] INFO  s.d.s.w.r.operation.CachingOperationNameGenerator - Generating unique operation named: getIndexInfoUsingGET_2
2024-05-14 13:36:58.573 [main] INFO  s.d.s.w.r.operation.CachingOperationNameGenerator - Generating unique operation named: getDetailUsingGET_1
2024-05-14 13:36:58.580 [main] INFO  s.d.s.w.r.operation.CachingOperationNameGenerator - Generating unique operation named: getListUsingGET_7
2024-05-14 13:36:58.702 [main] INFO  s.d.s.w.r.operation.CachingOperationNameGenerator - Generating unique operation named: getProductListUsingGET_1
2024-05-14 13:36:58.706 [main] INFO  s.d.s.w.r.operation.CachingOperationNameGenerator - Generating unique operation named: getListUsingGET_8
2024-05-14 13:36:58.712 [main] INFO  s.d.s.w.r.operation.CachingOperationNameGenerator - Generating unique operation named: addUsingPOST_1
2024-05-14 13:36:58.713 [main] INFO  s.d.s.w.r.operation.CachingOperationNameGenerator - Generating unique operation named: deleteUsingPOST_2
2024-05-14 13:36:58.718 [main] INFO  s.d.s.w.r.operation.CachingOperationNameGenerator - Generating unique operation named: getListUsingGET_9
2024-05-14 13:36:58.719 [main] INFO  s.d.s.w.r.operation.CachingOperationNameGenerator - Generating unique operation named: infoUsingGET_2
2024-05-14 13:36:58.763 [main] INFO  s.d.s.w.r.operation.CachingOperationNameGenerator - Generating unique operation named: deleteUsingPOST_3
2024-05-14 13:36:58.766 [main] INFO  s.d.s.w.r.operation.CachingOperationNameGenerator - Generating unique operation named: getListUsingGET_10
2024-05-14 13:36:58.809 [main] INFO  s.d.s.w.r.operation.CachingOperationNameGenerator - Generating unique operation named: getListUsingGET_11
2024-05-14 13:36:58.853 [main] INFO  s.d.spring.web.scanners.ApiListingReferenceScanner - Scanning for api listing references
2024-05-14 13:36:58.866 [main] INFO  org.apache.coyote.http11.Http11NioProtocol - Starting ProtocolHandler ["http-nio-8182"]
2024-05-14 13:36:58.889 [main] INFO  o.s.boot.web.embedded.tomcat.TomcatWebServer - Tomcat started on port(s): 8182 (http) with context path ''
2024-05-14 13:36:58.892 [main] INFO  com.jbp.front.JbpFrontApplication - Started JbpFrontApplication in 20.434 seconds (JVM running for 20.865)
2024-05-14 13:36:58.918 [main] INFO  com.jbp.service.service.impl.YopServiceImpl - 易宝请求参数{"merchantNo":["10090108498"]}
2024-05-14 19:48:10.285 [main] INFO  com.jbp.front.JbpFrontApplication - Starting JbpFrontApplication on DESKTOP-QENSR3B with PID 14532 (E:\work\workspace\jbp\jbp-front\target\classes started by Administrator in E:\work\workspace\jbp\jbp-front)
2024-05-14 19:48:10.286 [main] INFO  com.jbp.front.JbpFrontApplication - No active profile set, falling back to default profiles: default
2024-05-14 19:48:12.690 [main] INFO  o.s.d.r.config.RepositoryConfigurationDelegate - Multiple Spring Data modules found, entering strict repository configuration mode!
2024-05-14 19:48:12.694 [main] INFO  o.s.d.r.config.RepositoryConfigurationDelegate - Bootstrapping Spring Data Redis repositories in DEFAULT mode.
2024-05-14 19:48:12.750 [main] INFO  o.s.d.r.config.RepositoryConfigurationDelegate - Finished Spring Data repository scanning in 29ms. Found 0 Redis repository interfaces.
2024-05-14 19:48:15.327 [main] INFO  o.s.boot.web.embedded.tomcat.TomcatWebServer - Tomcat initialized with port(s): 8182 (http)
2024-05-14 19:48:15.342 [main] INFO  org.apache.coyote.http11.Http11NioProtocol - Initializing ProtocolHandler ["http-nio-8182"]
2024-05-14 19:48:15.342 [main] INFO  org.apache.catalina.core.StandardService - Starting service [Tomcat]
2024-05-14 19:48:15.342 [main] INFO  org.apache.catalina.core.StandardEngine - Starting Servlet engine: [Apache Tomcat/9.0.33]
2024-05-14 19:48:15.788 [main] INFO  org.apache.jasper.servlet.TldScanner - At least one JAR was scanned for TLDs yet contained no TLDs. Enable debug logging for this logger for a complete list of JARs that were scanned but no TLDs were found in them. Skipping unneeded JARs during scanning can improve startup time and JSP compilation time.
2024-05-14 19:48:15.799 [main] INFO  o.a.c.core.ContainerBase.[Tomcat].[localhost].[/] - Initializing Spring embedded WebApplicationContext
2024-05-14 19:48:15.800 [main] INFO  org.springframework.web.context.ContextLoader - Root WebApplicationContext: initialization completed in 5434 ms
2024-05-14 19:48:24.825 [main] INFO  com.alibaba.druid.pool.DruidDataSource - {dataSource-1} inited
2024-05-14 19:48:30.744 [main] INFO  org.redisson.Version - Redisson 3.14.1
2024-05-14 19:48:31.641 [redisson-netty-2-13] INFO  o.r.connection.pool.MasterPubSubConnectionPool - 1 connections initialized for /127.0.0.1:6379
2024-05-14 19:48:31.667 [redisson-netty-2-19] INFO  org.redisson.connection.pool.MasterConnectionPool - 24 connections initialized for /127.0.0.1:6379
2024-05-14 19:48:32.829 [main] INFO  c.j.front.config.AjCaptchaServiceAutoConfiguration - 自定义配置项：
AjCaptchaProperties{type=DEFAULT, jigsaw='', picClick='', waterMark='Jbp Java', waterFont='WenQuanZhengHei.ttf', fontType='WenQuanZhengHei.ttf', slipOffset='5', aesStatus=true, interferenceOptions='2', cacheNumber='1000', timingClear='180', cacheType=local, reqFrequencyLimitEnable=false, reqGetLockLimit=5, reqGetLockSeconds=300, reqGetMinuteLimit=360, reqCheckMinuteLimit=60, reqVerifyMinuteLimit=60}
2024-05-14 19:48:32.831 [main] INFO  c.jbp.front.service.captcha.CaptchaServiceFactory - supported-captchaCache-service:[local]
2024-05-14 19:48:32.838 [main] INFO  c.jbp.front.service.captcha.CaptchaServiceFactory - supported-captchaTypes-service:[clickWord, default, blockPuzzle]
2024-05-14 19:48:32.856 [main] INFO  com.jbp.common.captcha.util.ImageUtils - 初始化底图:[SLIDING_BLOCK=[Ljava.lang.String;@72dc7f0a, ORIGINAL=[Ljava.lang.String;@18ada4e1, PIC_CLICK=[Ljava.lang.String;@10cf3e4f]
2024-05-14 19:48:32.856 [main] INFO  c.j.f.s.captcha.impl.ClickWordCaptchaServiceImpl - --->>>初始化验证码底图<<<---clickWord
2024-05-14 19:48:32.916 [main] INFO  c.j.f.s.captcha.impl.ClickWordCaptchaServiceImpl - 初始化local缓存...
2024-05-14 19:48:32.943 [main] INFO  com.jbp.common.captcha.util.ImageUtils - 初始化底图:[SLIDING_BLOCK=[Ljava.lang.String;@c50503e, ORIGINAL=[Ljava.lang.String;@4ac2b4c6, PIC_CLICK=[Ljava.lang.String;@326489c4]
2024-05-14 19:48:32.943 [main] INFO  c.j.f.s.captcha.impl.BlockPuzzleCaptchaServiceImpl - --->>>初始化验证码底图<<<---blockPuzzle
2024-05-14 19:48:32.971 [main] INFO  c.j.f.s.captcha.impl.BlockPuzzleCaptchaServiceImpl - 初始化local缓存...
2024-05-14 19:48:50.628 [main] INFO  c.y.y.s.c.provider.file.YopFileSdkConfigProvider - 加载默认配置文件config/yop_sdk_config_default.json
