2024-05-11 11:53:48.258 [main] INFO  com.jbp.front.JbpFrontApplication - Starting JbpFrontApplication on DESKTOP-QENSR3B with PID 7424 (E:\work\workspace\jbp\jbp-front\target\classes started by Administrator in E:\work\workspace\jbp\jbp-front)
2024-05-11 11:53:48.260 [main] INFO  com.jbp.front.JbpFrontApplication - No active profile set, falling back to default profiles: default
2024-05-11 11:53:50.510 [main] INFO  o.s.d.r.config.RepositoryConfigurationDelegate - Multiple Spring Data modules found, entering strict repository configuration mode!
2024-05-11 11:53:50.515 [main] INFO  o.s.d.r.config.RepositoryConfigurationDelegate - Bootstrapping Spring Data Redis repositories in DEFAULT mode.
2024-05-11 11:53:50.575 [main] INFO  o.s.d.r.config.RepositoryConfigurationDelegate - Finished Spring Data repository scanning in 29ms. Found 0 Redis repository interfaces.
2024-05-11 11:53:53.081 [main] INFO  o.s.boot.web.embedded.tomcat.TomcatWebServer - Tomcat initialized with port(s): 8182 (http)
2024-05-11 11:53:53.097 [main] INFO  org.apache.coyote.http11.Http11NioProtocol - Initializing ProtocolHandler ["http-nio-8182"]
2024-05-11 11:53:53.098 [main] INFO  org.apache.catalina.core.StandardService - Starting service [Tomcat]
2024-05-11 11:53:53.098 [main] INFO  org.apache.catalina.core.StandardEngine - Starting Servlet engine: [Apache Tomcat/9.0.33]
2024-05-11 11:53:53.507 [main] INFO  org.apache.jasper.servlet.TldScanner - At least one JAR was scanned for TLDs yet contained no TLDs. Enable debug logging for this logger for a complete list of JARs that were scanned but no TLDs were found in them. Skipping unneeded JARs during scanning can improve startup time and JSP compilation time.
2024-05-11 11:53:53.516 [main] INFO  o.a.c.core.ContainerBase.[Tomcat].[localhost].[/] - Initializing Spring embedded WebApplicationContext
2024-05-11 11:53:53.516 [main] INFO  org.springframework.web.context.ContextLoader - Root WebApplicationContext: initialization completed in 5175 ms
2024-05-11 11:54:01.340 [main] INFO  com.alibaba.druid.pool.DruidDataSource - {dataSource-1} inited
2024-05-11 11:58:43.214 [main] INFO  com.jbp.front.JbpFrontApplication - Starting JbpFrontApplication on DESKTOP-QENSR3B with PID 9776 (E:\work\workspace\jbp\jbp-front\target\classes started by Administrator in E:\work\workspace\jbp\jbp-front)
2024-05-11 11:58:43.215 [main] INFO  com.jbp.front.JbpFrontApplication - No active profile set, falling back to default profiles: default
2024-05-11 11:58:44.767 [main] INFO  o.s.d.r.config.RepositoryConfigurationDelegate - Multiple Spring Data modules found, entering strict repository configuration mode!
2024-05-11 11:58:44.770 [main] INFO  o.s.d.r.config.RepositoryConfigurationDelegate - Bootstrapping Spring Data Redis repositories in DEFAULT mode.
2024-05-11 11:58:44.798 [main] INFO  o.s.d.r.config.RepositoryConfigurationDelegate - Finished Spring Data repository scanning in 15ms. Found 0 Redis repository interfaces.
2024-05-11 11:58:46.347 [main] INFO  o.s.boot.web.embedded.tomcat.TomcatWebServer - Tomcat initialized with port(s): 8182 (http)
2024-05-11 11:58:46.356 [main] INFO  org.apache.coyote.http11.Http11NioProtocol - Initializing ProtocolHandler ["http-nio-8182"]
2024-05-11 11:58:46.356 [main] INFO  org.apache.catalina.core.StandardService - Starting service [Tomcat]
2024-05-11 11:58:46.357 [main] INFO  org.apache.catalina.core.StandardEngine - Starting Servlet engine: [Apache Tomcat/9.0.33]
2024-05-11 11:58:46.618 [main] INFO  org.apache.jasper.servlet.TldScanner - At least one JAR was scanned for TLDs yet contained no TLDs. Enable debug logging for this logger for a complete list of JARs that were scanned but no TLDs were found in them. Skipping unneeded JARs during scanning can improve startup time and JSP compilation time.
2024-05-11 11:58:46.624 [main] INFO  o.a.c.core.ContainerBase.[Tomcat].[localhost].[/] - Initializing Spring embedded WebApplicationContext
2024-05-11 11:58:46.624 [main] INFO  org.springframework.web.context.ContextLoader - Root WebApplicationContext: initialization completed in 3357 ms
2024-05-11 11:58:52.382 [main] INFO  com.alibaba.druid.pool.DruidDataSource - {dataSource-1} inited
2024-05-11 11:58:55.902 [main] INFO  org.redisson.Version - Redisson 3.14.1
2024-05-11 11:58:56.603 [redisson-netty-2-19] INFO  o.r.connection.pool.MasterPubSubConnectionPool - 1 connections initialized for /127.0.0.1:6379
2024-05-11 11:58:56.619 [redisson-netty-2-18] INFO  org.redisson.connection.pool.MasterConnectionPool - 24 connections initialized for /127.0.0.1:6379
2024-05-11 11:58:57.368 [main] INFO  c.j.front.config.AjCaptchaServiceAutoConfiguration - 自定义配置项：
AjCaptchaProperties{type=DEFAULT, jigsaw='', picClick='', waterMark='Jbp Java', waterFont='WenQuanZhengHei.ttf', fontType='WenQuanZhengHei.ttf', slipOffset='5', aesStatus=true, interferenceOptions='2', cacheNumber='1000', timingClear='180', cacheType=local, reqFrequencyLimitEnable=false, reqGetLockLimit=5, reqGetLockSeconds=300, reqGetMinuteLimit=360, reqCheckMinuteLimit=60, reqVerifyMinuteLimit=60}
2024-05-11 11:58:57.370 [main] INFO  c.jbp.front.service.captcha.CaptchaServiceFactory - supported-captchaCache-service:[local]
2024-05-11 11:58:57.375 [main] INFO  c.jbp.front.service.captcha.CaptchaServiceFactory - supported-captchaTypes-service:[clickWord, default, blockPuzzle]
2024-05-11 11:58:57.387 [main] INFO  com.jbp.common.captcha.util.ImageUtils - 初始化底图:[SLIDING_BLOCK=[Ljava.lang.String;@55cc4c61, ORIGINAL=[Ljava.lang.String;@2b06f498, PIC_CLICK=[Ljava.lang.String;@4ddb9a8]
2024-05-11 11:58:57.387 [main] INFO  c.j.f.s.captcha.impl.ClickWordCaptchaServiceImpl - --->>>初始化验证码底图<<<---clickWord
2024-05-11 11:58:57.451 [main] INFO  c.j.f.s.captcha.impl.ClickWordCaptchaServiceImpl - 初始化local缓存...
2024-05-11 11:58:57.472 [main] INFO  com.jbp.common.captcha.util.ImageUtils - 初始化底图:[SLIDING_BLOCK=[Ljava.lang.String;@602b7944, ORIGINAL=[Ljava.lang.String;@5f8d4b51, PIC_CLICK=[Ljava.lang.String;@55821edf]
2024-05-11 11:58:57.472 [main] INFO  c.j.f.s.captcha.impl.BlockPuzzleCaptchaServiceImpl - --->>>初始化验证码底图<<<---blockPuzzle
2024-05-11 11:58:57.493 [main] INFO  c.j.f.s.captcha.impl.BlockPuzzleCaptchaServiceImpl - 初始化local缓存...
2024-05-11 11:58:58.209 [main] INFO  c.y.y.s.c.provider.file.YopFileSdkConfigProvider - 加载默认配置文件config/yop_sdk_config_default.json
2024-05-11 11:58:59.306 [main] INFO  o.s.b.actuate.endpoint.web.EndpointLinksResolver - Exposing 2 endpoint(s) beneath base path '/actuator'
2024-05-11 11:58:59.529 [main] INFO  o.s.security.web.DefaultSecurityFilterChain - Creating filter chain: any request, [org.springframework.security.web.context.request.async.WebAsyncManagerIntegrationFilter@32d3b965, org.springframework.security.web.context.SecurityContextPersistenceFilter@2f51b100, org.springframework.security.web.header.HeaderWriterFilter@58df2864, org.springframework.security.web.authentication.logout.LogoutFilter@dffcf1, org.springframework.security.web.savedrequest.RequestCacheAwareFilter@1dba7721, org.springframework.security.web.servletapi.SecurityContextHolderAwareRequestFilter@5b312863, org.springframework.security.web.authentication.AnonymousAuthenticationFilter@7fb2645b, org.springframework.security.web.session.SessionManagementFilter@2a5c115b, org.springframework.security.web.access.ExceptionTranslationFilter@58e0d1ac, org.springframework.security.web.access.intercept.FilterSecurityInterceptor@52518ee1]
2024-05-11 11:58:59.547 [main] INFO  s.d.s.w.PropertySourcedRequestMappingHandlerMapping - Mapped URL path [/v2/api-docs] onto method [springfox.documentation.swagger2.web.Swagger2Controller#getDocumentation(String, HttpServletRequest)]
2024-05-11 11:58:59.570 [main] INFO  o.s.scheduling.concurrent.ThreadPoolTaskExecutor - Initializing ExecutorService
2024-05-11 11:58:59.571 [main] INFO  o.s.scheduling.concurrent.ThreadPoolTaskExecutor - Initializing ExecutorService 'taskExecutor'
2024-05-11 11:59:00.094 [main] INFO  s.d.s.web.plugins.DocumentationPluginsBootstrapper - Context refreshed
2024-05-11 11:59:00.113 [main] INFO  s.d.s.web.plugins.DocumentationPluginsBootstrapper - Found 2 custom documentation plugin(s)
2024-05-11 11:59:00.161 [main] INFO  s.d.spring.web.scanners.ApiListingReferenceScanner - Scanning for api listing references
2024-05-11 11:59:00.337 [main] INFO  s.d.s.w.r.operation.CachingOperationNameGenerator - Generating unique operation named: getListUsingGET_1
2024-05-11 11:59:00.362 [main] INFO  s.d.s.w.r.operation.CachingOperationNameGenerator - Generating unique operation named: getListUsingGET_2
2024-05-11 11:59:00.409 [main] INFO  s.d.s.w.r.operation.CachingOperationNameGenerator - Generating unique operation named: getListUsingGET_3
2024-05-11 11:59:00.438 [main] INFO  s.d.s.w.r.operation.CachingOperationNameGenerator - Generating unique operation named: getListUsingGET_4
2024-05-11 11:59:00.571 [main] INFO  s.d.s.w.r.operation.CachingOperationNameGenerator - Generating unique operation named: getListUsingGET_5
2024-05-11 11:59:00.576 [main] INFO  s.d.s.w.r.operation.CachingOperationNameGenerator - Generating unique operation named: getListUsingGET_6
2024-05-11 11:59:00.697 [main] INFO  s.d.s.w.r.operation.CachingOperationNameGenerator - Generating unique operation named: getIndexInfoUsingGET_1
2024-05-11 11:59:00.732 [main] INFO  s.d.s.w.r.operation.CachingOperationNameGenerator - Generating unique operation named: deleteUsingPOST_1
2024-05-11 11:59:00.800 [main] INFO  s.d.s.w.r.operation.CachingOperationNameGenerator - Generating unique operation named: infoUsingGET_1
2024-05-11 11:59:00.839 [main] INFO  s.d.s.w.r.operation.CachingOperationNameGenerator - Generating unique operation named: getIndexInfoUsingGET_2
2024-05-11 11:59:00.890 [main] INFO  s.d.s.w.r.operation.CachingOperationNameGenerator - Generating unique operation named: getDetailUsingGET_1
2024-05-11 11:59:00.896 [main] INFO  s.d.s.w.r.operation.CachingOperationNameGenerator - Generating unique operation named: getListUsingGET_7
2024-05-11 11:59:01.019 [main] INFO  s.d.s.w.r.operation.CachingOperationNameGenerator - Generating unique operation named: getProductListUsingGET_1
2024-05-11 11:59:01.023 [main] INFO  s.d.s.w.r.operation.CachingOperationNameGenerator - Generating unique operation named: getListUsingGET_8
2024-05-11 11:59:01.030 [main] INFO  s.d.s.w.r.operation.CachingOperationNameGenerator - Generating unique operation named: addUsingPOST_1
2024-05-11 11:59:01.031 [main] INFO  s.d.s.w.r.operation.CachingOperationNameGenerator - Generating unique operation named: deleteUsingPOST_2
2024-05-11 11:59:01.038 [main] INFO  s.d.s.w.r.operation.CachingOperationNameGenerator - Generating unique operation named: getListUsingGET_9
2024-05-11 11:59:01.039 [main] INFO  s.d.s.w.r.operation.CachingOperationNameGenerator - Generating unique operation named: infoUsingGET_2
2024-05-11 11:59:01.085 [main] INFO  s.d.s.w.r.operation.CachingOperationNameGenerator - Generating unique operation named: deleteUsingPOST_3
2024-05-11 11:59:01.090 [main] INFO  s.d.s.w.r.operation.CachingOperationNameGenerator - Generating unique operation named: getListUsingGET_10
2024-05-11 11:59:01.147 [main] INFO  s.d.s.w.r.operation.CachingOperationNameGenerator - Generating unique operation named: getListUsingGET_11
2024-05-11 11:59:01.187 [main] INFO  s.d.spring.web.scanners.ApiListingReferenceScanner - Scanning for api listing references
2024-05-11 11:59:01.203 [main] INFO  org.apache.coyote.http11.Http11NioProtocol - Starting ProtocolHandler ["http-nio-8182"]
2024-05-11 11:59:01.237 [main] INFO  o.s.boot.web.embedded.tomcat.TomcatWebServer - Tomcat started on port(s): 8182 (http) with context path ''
2024-05-11 11:59:01.241 [main] INFO  com.jbp.front.JbpFrontApplication - Started JbpFrontApplication in 18.554 seconds (JVM running for 18.902)
2024-05-11 11:59:01.278 [main] INFO  com.jbp.service.service.impl.YopServiceImpl - 易宝请求参数{"toAccountType":["FUND_ACCOUNT"],"orderAmount":["0.02"],"toMerchantNo":["10090225827"],"fromMerchantNo":["10090269643"],"usage":["服务费"],"notifyUrl":["http://127.0.0.1:8888/soft"],"parentMerchantNo":["10089066338"],"requestNo":["LZT_NDF_154530129481391"]}
2024-05-11 11:59:29.233 [main] INFO  com.jbp.front.JbpFrontApplication - Starting JbpFrontApplication on DESKTOP-QENSR3B with PID 4740 (E:\work\workspace\jbp\jbp-front\target\classes started by Administrator in E:\work\workspace\jbp\jbp-front)
2024-05-11 11:59:29.235 [main] INFO  com.jbp.front.JbpFrontApplication - No active profile set, falling back to default profiles: default
2024-05-11 11:59:31.334 [main] INFO  o.s.d.r.config.RepositoryConfigurationDelegate - Multiple Spring Data modules found, entering strict repository configuration mode!
2024-05-11 11:59:31.339 [main] INFO  o.s.d.r.config.RepositoryConfigurationDelegate - Bootstrapping Spring Data Redis repositories in DEFAULT mode.
2024-05-11 11:59:31.387 [main] INFO  o.s.d.r.config.RepositoryConfigurationDelegate - Finished Spring Data repository scanning in 26ms. Found 0 Redis repository interfaces.
2024-05-11 11:59:33.434 [main] INFO  o.s.boot.web.embedded.tomcat.TomcatWebServer - Tomcat initialized with port(s): 8182 (http)
2024-05-11 11:59:33.448 [main] INFO  org.apache.coyote.http11.Http11NioProtocol - Initializing ProtocolHandler ["http-nio-8182"]
2024-05-11 11:59:33.449 [main] INFO  org.apache.catalina.core.StandardService - Starting service [Tomcat]
2024-05-11 11:59:33.449 [main] INFO  org.apache.catalina.core.StandardEngine - Starting Servlet engine: [Apache Tomcat/9.0.33]
2024-05-11 11:59:33.807 [main] INFO  org.apache.jasper.servlet.TldScanner - At least one JAR was scanned for TLDs yet contained no TLDs. Enable debug logging for this logger for a complete list of JARs that were scanned but no TLDs were found in them. Skipping unneeded JARs during scanning can improve startup time and JSP compilation time.
2024-05-11 11:59:33.812 [main] INFO  o.a.c.core.ContainerBase.[Tomcat].[localhost].[/] - Initializing Spring embedded WebApplicationContext
2024-05-11 11:59:33.813 [main] INFO  org.springframework.web.context.ContextLoader - Root WebApplicationContext: initialization completed in 4493 ms
2024-05-11 11:59:40.455 [main] INFO  com.alibaba.druid.pool.DruidDataSource - {dataSource-1} inited
2024-05-11 11:59:44.204 [main] INFO  org.redisson.Version - Redisson 3.14.1
2024-05-11 11:59:44.930 [redisson-netty-2-13] INFO  o.r.connection.pool.MasterPubSubConnectionPool - 1 connections initialized for /127.0.0.1:6379
2024-05-11 11:59:44.950 [redisson-netty-2-19] INFO  org.redisson.connection.pool.MasterConnectionPool - 24 connections initialized for /127.0.0.1:6379
2024-05-11 11:59:45.828 [main] INFO  c.j.front.config.AjCaptchaServiceAutoConfiguration - 自定义配置项：
AjCaptchaProperties{type=DEFAULT, jigsaw='', picClick='', waterMark='Jbp Java', waterFont='WenQuanZhengHei.ttf', fontType='WenQuanZhengHei.ttf', slipOffset='5', aesStatus=true, interferenceOptions='2', cacheNumber='1000', timingClear='180', cacheType=local, reqFrequencyLimitEnable=false, reqGetLockLimit=5, reqGetLockSeconds=300, reqGetMinuteLimit=360, reqCheckMinuteLimit=60, reqVerifyMinuteLimit=60}
2024-05-11 11:59:45.830 [main] INFO  c.jbp.front.service.captcha.CaptchaServiceFactory - supported-captchaCache-service:[local]
2024-05-11 11:59:45.836 [main] INFO  c.jbp.front.service.captcha.CaptchaServiceFactory - supported-captchaTypes-service:[clickWord, default, blockPuzzle]
2024-05-11 11:59:45.855 [main] INFO  com.jbp.common.captcha.util.ImageUtils - 初始化底图:[SLIDING_BLOCK=[Ljava.lang.String;@282d1023, ORIGINAL=[Ljava.lang.String;@7d1b96b9, PIC_CLICK=[Ljava.lang.String;@505bc480]
2024-05-11 11:59:45.855 [main] INFO  c.j.f.s.captcha.impl.ClickWordCaptchaServiceImpl - --->>>初始化验证码底图<<<---clickWord
2024-05-11 11:59:45.904 [main] INFO  c.j.f.s.captcha.impl.ClickWordCaptchaServiceImpl - 初始化local缓存...
2024-05-11 11:59:45.927 [main] INFO  com.jbp.common.captcha.util.ImageUtils - 初始化底图:[SLIDING_BLOCK=[Ljava.lang.String;@6c09d716, ORIGINAL=[Ljava.lang.String;@734eada1, PIC_CLICK=[Ljava.lang.String;@7f9b46ed]
2024-05-11 11:59:45.927 [main] INFO  c.j.f.s.captcha.impl.BlockPuzzleCaptchaServiceImpl - --->>>初始化验证码底图<<<---blockPuzzle
2024-05-11 11:59:45.946 [main] INFO  c.j.f.s.captcha.impl.BlockPuzzleCaptchaServiceImpl - 初始化local缓存...
2024-05-11 12:00:09.729 [main] INFO  c.y.y.s.c.provider.file.YopFileSdkConfigProvider - 加载默认配置文件config/yop_sdk_config_default.json
2024-05-11 12:04:26.874 [main] INFO  com.jbp.front.JbpFrontApplication - Starting JbpFrontApplication on DESKTOP-QENSR3B with PID 6220 (E:\work\workspace\jbp\jbp-front\target\classes started by Administrator in E:\work\workspace\jbp\jbp-front)
2024-05-11 12:04:26.876 [main] INFO  com.jbp.front.JbpFrontApplication - No active profile set, falling back to default profiles: default
2024-05-11 12:04:29.014 [main] INFO  o.s.d.r.config.RepositoryConfigurationDelegate - Multiple Spring Data modules found, entering strict repository configuration mode!
2024-05-11 12:04:29.018 [main] INFO  o.s.d.r.config.RepositoryConfigurationDelegate - Bootstrapping Spring Data Redis repositories in DEFAULT mode.
2024-05-11 12:04:29.064 [main] INFO  o.s.d.r.config.RepositoryConfigurationDelegate - Finished Spring Data repository scanning in 27ms. Found 0 Redis repository interfaces.
2024-05-11 12:04:31.316 [main] INFO  o.s.boot.web.embedded.tomcat.TomcatWebServer - Tomcat initialized with port(s): 8182 (http)
2024-05-11 12:04:31.328 [main] INFO  org.apache.coyote.http11.Http11NioProtocol - Initializing ProtocolHandler ["http-nio-8182"]
2024-05-11 12:04:31.329 [main] INFO  org.apache.catalina.core.StandardService - Starting service [Tomcat]
2024-05-11 12:04:31.329 [main] INFO  org.apache.catalina.core.StandardEngine - Starting Servlet engine: [Apache Tomcat/9.0.33]
2024-05-11 12:04:31.664 [main] INFO  org.apache.jasper.servlet.TldScanner - At least one JAR was scanned for TLDs yet contained no TLDs. Enable debug logging for this logger for a complete list of JARs that were scanned but no TLDs were found in them. Skipping unneeded JARs during scanning can improve startup time and JSP compilation time.
2024-05-11 12:04:31.671 [main] INFO  o.a.c.core.ContainerBase.[Tomcat].[localhost].[/] - Initializing Spring embedded WebApplicationContext
2024-05-11 12:04:31.672 [main] INFO  org.springframework.web.context.ContextLoader - Root WebApplicationContext: initialization completed in 4710 ms
2024-05-11 12:04:38.540 [main] INFO  com.alibaba.druid.pool.DruidDataSource - {dataSource-1} inited
2024-05-11 12:04:42.674 [main] INFO  org.redisson.Version - Redisson 3.14.1
2024-05-11 12:04:43.403 [redisson-netty-2-23] INFO  o.r.connection.pool.MasterPubSubConnectionPool - 1 connections initialized for /127.0.0.1:6379
2024-05-11 12:04:43.433 [redisson-netty-2-17] INFO  org.redisson.connection.pool.MasterConnectionPool - 24 connections initialized for /127.0.0.1:6379
2024-05-11 12:04:44.327 [main] INFO  c.j.front.config.AjCaptchaServiceAutoConfiguration - 自定义配置项：
AjCaptchaProperties{type=DEFAULT, jigsaw='', picClick='', waterMark='Jbp Java', waterFont='WenQuanZhengHei.ttf', fontType='WenQuanZhengHei.ttf', slipOffset='5', aesStatus=true, interferenceOptions='2', cacheNumber='1000', timingClear='180', cacheType=local, reqFrequencyLimitEnable=false, reqGetLockLimit=5, reqGetLockSeconds=300, reqGetMinuteLimit=360, reqCheckMinuteLimit=60, reqVerifyMinuteLimit=60}
2024-05-11 12:04:44.329 [main] INFO  c.jbp.front.service.captcha.CaptchaServiceFactory - supported-captchaCache-service:[local]
2024-05-11 12:04:44.333 [main] INFO  c.jbp.front.service.captcha.CaptchaServiceFactory - supported-captchaTypes-service:[clickWord, default, blockPuzzle]
2024-05-11 12:04:44.351 [main] INFO  com.jbp.common.captcha.util.ImageUtils - 初始化底图:[SLIDING_BLOCK=[Ljava.lang.String;@12128849, ORIGINAL=[Ljava.lang.String;@367e0b0e, PIC_CLICK=[Ljava.lang.String;@3049dcac]
2024-05-11 12:04:44.351 [main] INFO  c.j.f.s.captcha.impl.ClickWordCaptchaServiceImpl - --->>>初始化验证码底图<<<---clickWord
2024-05-11 12:04:44.401 [main] INFO  c.j.f.s.captcha.impl.ClickWordCaptchaServiceImpl - 初始化local缓存...
2024-05-11 12:04:44.432 [main] INFO  com.jbp.common.captcha.util.ImageUtils - 初始化底图:[SLIDING_BLOCK=[Ljava.lang.String;@524241d9, ORIGINAL=[Ljava.lang.String;@6f55aef7, PIC_CLICK=[Ljava.lang.String;@69c7fe78]
2024-05-11 12:04:44.433 [main] INFO  c.j.f.s.captcha.impl.BlockPuzzleCaptchaServiceImpl - --->>>初始化验证码底图<<<---blockPuzzle
2024-05-11 12:04:44.448 [main] INFO  c.j.f.s.captcha.impl.BlockPuzzleCaptchaServiceImpl - 初始化local缓存...
2024-05-11 12:04:56.613 [main] INFO  c.y.y.s.c.provider.file.YopFileSdkConfigProvider - 加载默认配置文件config/yop_sdk_config_default.json
2024-05-11 12:05:06.911 [main] INFO  o.s.b.actuate.endpoint.web.EndpointLinksResolver - Exposing 2 endpoint(s) beneath base path '/actuator'
2024-05-11 12:05:07.167 [main] INFO  o.s.security.web.DefaultSecurityFilterChain - Creating filter chain: any request, [org.springframework.security.web.context.request.async.WebAsyncManagerIntegrationFilter@5319f536, org.springframework.security.web.context.SecurityContextPersistenceFilter@7b0f5814, org.springframework.security.web.header.HeaderWriterFilter@27f7db5a, org.springframework.security.web.authentication.logout.LogoutFilter@298154d4, org.springframework.security.web.savedrequest.RequestCacheAwareFilter@c62d08a, org.springframework.security.web.servletapi.SecurityContextHolderAwareRequestFilter@7c4a7770, org.springframework.security.web.authentication.AnonymousAuthenticationFilter@1c586bb6, org.springframework.security.web.session.SessionManagementFilter@4ad113d6, org.springframework.security.web.access.ExceptionTranslationFilter@78181f7f, org.springframework.security.web.access.intercept.FilterSecurityInterceptor@522fc67]
2024-05-11 12:05:07.189 [main] INFO  s.d.s.w.PropertySourcedRequestMappingHandlerMapping - Mapped URL path [/v2/api-docs] onto method [springfox.documentation.swagger2.web.Swagger2Controller#getDocumentation(String, HttpServletRequest)]
2024-05-11 12:05:07.213 [main] INFO  o.s.scheduling.concurrent.ThreadPoolTaskExecutor - Initializing ExecutorService
2024-05-11 12:05:07.214 [main] INFO  o.s.scheduling.concurrent.ThreadPoolTaskExecutor - Initializing ExecutorService 'taskExecutor'
2024-05-11 12:05:07.820 [main] INFO  s.d.s.web.plugins.DocumentationPluginsBootstrapper - Context refreshed
2024-05-11 12:05:07.850 [main] INFO  s.d.s.web.plugins.DocumentationPluginsBootstrapper - Found 2 custom documentation plugin(s)
2024-05-11 12:05:07.888 [main] INFO  s.d.spring.web.scanners.ApiListingReferenceScanner - Scanning for api listing references
2024-05-11 12:05:08.078 [main] INFO  s.d.s.w.r.operation.CachingOperationNameGenerator - Generating unique operation named: getListUsingGET_1
2024-05-11 12:05:08.107 [main] INFO  s.d.s.w.r.operation.CachingOperationNameGenerator - Generating unique operation named: getListUsingGET_2
2024-05-11 12:05:08.157 [main] INFO  s.d.s.w.r.operation.CachingOperationNameGenerator - Generating unique operation named: getListUsingGET_3
2024-05-11 12:05:08.191 [main] INFO  s.d.s.w.r.operation.CachingOperationNameGenerator - Generating unique operation named: getListUsingGET_4
2024-05-11 12:05:08.349 [main] INFO  s.d.s.w.r.operation.CachingOperationNameGenerator - Generating unique operation named: getListUsingGET_5
2024-05-11 12:05:08.359 [main] INFO  s.d.s.w.r.operation.CachingOperationNameGenerator - Generating unique operation named: getListUsingGET_6
2024-05-11 12:05:08.488 [main] INFO  s.d.s.w.r.operation.CachingOperationNameGenerator - Generating unique operation named: getIndexInfoUsingGET_1
2024-05-11 12:05:08.543 [main] INFO  s.d.s.w.r.operation.CachingOperationNameGenerator - Generating unique operation named: deleteUsingPOST_1
2024-05-11 12:05:08.626 [main] INFO  s.d.s.w.r.operation.CachingOperationNameGenerator - Generating unique operation named: infoUsingGET_1
2024-05-11 12:05:08.680 [main] INFO  s.d.s.w.r.operation.CachingOperationNameGenerator - Generating unique operation named: getIndexInfoUsingGET_2
2024-05-11 12:05:08.742 [main] INFO  s.d.s.w.r.operation.CachingOperationNameGenerator - Generating unique operation named: getDetailUsingGET_1
2024-05-11 12:05:08.748 [main] INFO  s.d.s.w.r.operation.CachingOperationNameGenerator - Generating unique operation named: getListUsingGET_7
2024-05-11 12:05:08.886 [main] INFO  s.d.s.w.r.operation.CachingOperationNameGenerator - Generating unique operation named: getProductListUsingGET_1
2024-05-11 12:05:08.893 [main] INFO  s.d.s.w.r.operation.CachingOperationNameGenerator - Generating unique operation named: getListUsingGET_8
2024-05-11 12:05:08.901 [main] INFO  s.d.s.w.r.operation.CachingOperationNameGenerator - Generating unique operation named: addUsingPOST_1
2024-05-11 12:05:08.902 [main] INFO  s.d.s.w.r.operation.CachingOperationNameGenerator - Generating unique operation named: deleteUsingPOST_2
2024-05-11 12:05:08.911 [main] INFO  s.d.s.w.r.operation.CachingOperationNameGenerator - Generating unique operation named: getListUsingGET_9
2024-05-11 12:05:08.912 [main] INFO  s.d.s.w.r.operation.CachingOperationNameGenerator - Generating unique operation named: infoUsingGET_2
2024-05-11 12:05:08.970 [main] INFO  s.d.s.w.r.operation.CachingOperationNameGenerator - Generating unique operation named: deleteUsingPOST_3
2024-05-11 12:05:08.975 [main] INFO  s.d.s.w.r.operation.CachingOperationNameGenerator - Generating unique operation named: getListUsingGET_10
2024-05-11 12:05:09.046 [main] INFO  s.d.s.w.r.operation.CachingOperationNameGenerator - Generating unique operation named: getListUsingGET_11
2024-05-11 12:05:09.098 [main] INFO  s.d.spring.web.scanners.ApiListingReferenceScanner - Scanning for api listing references
2024-05-11 12:05:09.114 [main] INFO  org.apache.coyote.http11.Http11NioProtocol - Starting ProtocolHandler ["http-nio-8182"]
2024-05-11 12:05:09.166 [main] INFO  o.s.boot.web.embedded.tomcat.TomcatWebServer - Tomcat started on port(s): 8182 (http) with context path ''
2024-05-11 12:05:09.170 [main] INFO  com.jbp.front.JbpFrontApplication - Started JbpFrontApplication in 43.143 seconds (JVM running for 43.756)
2024-05-11 12:05:09.231 [main] INFO  com.jbp.service.service.impl.YopServiceImpl - 易宝请求参数{"merchantNo":["10090108498"]}
2024-05-11 12:24:31.286 [main] INFO  com.jbp.service.service.impl.YopServiceImpl - 易宝请求参数{"merchantNo":["10090108498"]}
2024-05-11 12:28:25.138 [main] INFO  com.jbp.front.JbpFrontApplication - Starting JbpFrontApplication on DESKTOP-QENSR3B with PID 9760 (E:\work\workspace\jbp\jbp-front\target\classes started by Administrator in E:\work\workspace\jbp\jbp-front)
2024-05-11 12:28:25.139 [main] INFO  com.jbp.front.JbpFrontApplication - No active profile set, falling back to default profiles: default
2024-05-11 12:28:26.836 [main] INFO  o.s.d.r.config.RepositoryConfigurationDelegate - Multiple Spring Data modules found, entering strict repository configuration mode!
2024-05-11 12:28:26.838 [main] INFO  o.s.d.r.config.RepositoryConfigurationDelegate - Bootstrapping Spring Data Redis repositories in DEFAULT mode.
2024-05-11 12:28:26.872 [main] INFO  o.s.d.r.config.RepositoryConfigurationDelegate - Finished Spring Data repository scanning in 19ms. Found 0 Redis repository interfaces.
2024-05-11 12:28:28.490 [main] INFO  o.s.boot.web.embedded.tomcat.TomcatWebServer - Tomcat initialized with port(s): 8182 (http)
2024-05-11 12:28:28.500 [main] INFO  org.apache.coyote.http11.Http11NioProtocol - Initializing ProtocolHandler ["http-nio-8182"]
2024-05-11 12:28:28.500 [main] INFO  org.apache.catalina.core.StandardService - Starting service [Tomcat]
2024-05-11 12:28:28.500 [main] INFO  org.apache.catalina.core.StandardEngine - Starting Servlet engine: [Apache Tomcat/9.0.33]
2024-05-11 12:28:28.763 [main] INFO  org.apache.jasper.servlet.TldScanner - At least one JAR was scanned for TLDs yet contained no TLDs. Enable debug logging for this logger for a complete list of JARs that were scanned but no TLDs were found in them. Skipping unneeded JARs during scanning can improve startup time and JSP compilation time.
2024-05-11 12:28:28.769 [main] INFO  o.a.c.core.ContainerBase.[Tomcat].[localhost].[/] - Initializing Spring embedded WebApplicationContext
2024-05-11 12:28:28.770 [main] INFO  org.springframework.web.context.ContextLoader - Root WebApplicationContext: initialization completed in 3578 ms
2024-05-11 12:28:34.636 [main] INFO  com.alibaba.druid.pool.DruidDataSource - {dataSource-1} inited
2024-05-11 12:28:38.122 [main] INFO  org.redisson.Version - Redisson 3.14.1
2024-05-11 12:28:38.805 [redisson-netty-2-13] INFO  o.r.connection.pool.MasterPubSubConnectionPool - 1 connections initialized for /127.0.0.1:6379
2024-05-11 12:28:38.820 [redisson-netty-2-18] INFO  org.redisson.connection.pool.MasterConnectionPool - 24 connections initialized for /127.0.0.1:6379
2024-05-11 12:28:39.603 [main] INFO  c.j.front.config.AjCaptchaServiceAutoConfiguration - 自定义配置项：
AjCaptchaProperties{type=DEFAULT, jigsaw='', picClick='', waterMark='Jbp Java', waterFont='WenQuanZhengHei.ttf', fontType='WenQuanZhengHei.ttf', slipOffset='5', aesStatus=true, interferenceOptions='2', cacheNumber='1000', timingClear='180', cacheType=local, reqFrequencyLimitEnable=false, reqGetLockLimit=5, reqGetLockSeconds=300, reqGetMinuteLimit=360, reqCheckMinuteLimit=60, reqVerifyMinuteLimit=60}
2024-05-11 12:28:39.604 [main] INFO  c.jbp.front.service.captcha.CaptchaServiceFactory - supported-captchaCache-service:[local]
2024-05-11 12:28:39.610 [main] INFO  c.jbp.front.service.captcha.CaptchaServiceFactory - supported-captchaTypes-service:[clickWord, default, blockPuzzle]
2024-05-11 12:28:39.625 [main] INFO  com.jbp.common.captcha.util.ImageUtils - 初始化底图:[SLIDING_BLOCK=[Ljava.lang.String;@4e67e090, ORIGINAL=[Ljava.lang.String;@361483eb, PIC_CLICK=[Ljava.lang.String;@14983265]
2024-05-11 12:28:39.626 [main] INFO  c.j.f.s.captcha.impl.ClickWordCaptchaServiceImpl - --->>>初始化验证码底图<<<---clickWord
2024-05-11 12:28:39.665 [main] INFO  c.j.f.s.captcha.impl.ClickWordCaptchaServiceImpl - 初始化local缓存...
2024-05-11 12:28:39.688 [main] INFO  com.jbp.common.captcha.util.ImageUtils - 初始化底图:[SLIDING_BLOCK=[Ljava.lang.String;@7272914b, ORIGINAL=[Ljava.lang.String;@663f24e6, PIC_CLICK=[Ljava.lang.String;@7e532f2d]
2024-05-11 12:28:39.688 [main] INFO  c.j.f.s.captcha.impl.BlockPuzzleCaptchaServiceImpl - --->>>初始化验证码底图<<<---blockPuzzle
2024-05-11 12:28:39.703 [main] INFO  c.j.f.s.captcha.impl.BlockPuzzleCaptchaServiceImpl - 初始化local缓存...
2024-05-11 12:28:40.366 [main] INFO  c.y.y.s.c.provider.file.YopFileSdkConfigProvider - 加载默认配置文件config/yop_sdk_config_default.json
2024-05-11 12:28:41.502 [main] INFO  o.s.b.actuate.endpoint.web.EndpointLinksResolver - Exposing 2 endpoint(s) beneath base path '/actuator'
2024-05-11 12:28:41.738 [main] INFO  o.s.security.web.DefaultSecurityFilterChain - Creating filter chain: any request, [org.springframework.security.web.context.request.async.WebAsyncManagerIntegrationFilter@69c335c4, org.springframework.security.web.context.SecurityContextPersistenceFilter@3e8eea59, org.springframework.security.web.header.HeaderWriterFilter@39c93af6, org.springframework.security.web.authentication.logout.LogoutFilter@1254a3cd, org.springframework.security.web.savedrequest.RequestCacheAwareFilter@f9d8285, org.springframework.security.web.servletapi.SecurityContextHolderAwareRequestFilter@654dbb78, org.springframework.security.web.authentication.AnonymousAuthenticationFilter@6f09cb98, org.springframework.security.web.session.SessionManagementFilter@58df2864, org.springframework.security.web.access.ExceptionTranslationFilter@6dd7af2f, org.springframework.security.web.access.intercept.FilterSecurityInterceptor@2d732cda]
2024-05-11 12:28:41.761 [main] INFO  s.d.s.w.PropertySourcedRequestMappingHandlerMapping - Mapped URL path [/v2/api-docs] onto method [springfox.documentation.swagger2.web.Swagger2Controller#getDocumentation(String, HttpServletRequest)]
2024-05-11 12:28:41.782 [main] INFO  o.s.scheduling.concurrent.ThreadPoolTaskExecutor - Initializing ExecutorService
2024-05-11 12:28:41.783 [main] INFO  o.s.scheduling.concurrent.ThreadPoolTaskExecutor - Initializing ExecutorService 'taskExecutor'
2024-05-11 12:28:42.280 [main] INFO  s.d.s.web.plugins.DocumentationPluginsBootstrapper - Context refreshed
2024-05-11 12:28:42.303 [main] INFO  s.d.s.web.plugins.DocumentationPluginsBootstrapper - Found 2 custom documentation plugin(s)
2024-05-11 12:28:42.346 [main] INFO  s.d.spring.web.scanners.ApiListingReferenceScanner - Scanning for api listing references
2024-05-11 12:28:42.536 [main] INFO  s.d.s.w.r.operation.CachingOperationNameGenerator - Generating unique operation named: getListUsingGET_1
2024-05-11 12:28:42.569 [main] INFO  s.d.s.w.r.operation.CachingOperationNameGenerator - Generating unique operation named: getListUsingGET_2
2024-05-11 12:28:42.609 [main] INFO  s.d.s.w.r.operation.CachingOperationNameGenerator - Generating unique operation named: getListUsingGET_3
2024-05-11 12:28:42.632 [main] INFO  s.d.s.w.r.operation.CachingOperationNameGenerator - Generating unique operation named: getListUsingGET_4
2024-05-11 12:28:42.765 [main] INFO  s.d.s.w.r.operation.CachingOperationNameGenerator - Generating unique operation named: getListUsingGET_5
2024-05-11 12:28:42.771 [main] INFO  s.d.s.w.r.operation.CachingOperationNameGenerator - Generating unique operation named: getListUsingGET_6
2024-05-11 12:28:42.880 [main] INFO  s.d.s.w.r.operation.CachingOperationNameGenerator - Generating unique operation named: getIndexInfoUsingGET_1
2024-05-11 12:28:42.915 [main] INFO  s.d.s.w.r.operation.CachingOperationNameGenerator - Generating unique operation named: deleteUsingPOST_1
2024-05-11 12:28:42.977 [main] INFO  s.d.s.w.r.operation.CachingOperationNameGenerator - Generating unique operation named: infoUsingGET_1
2024-05-11 12:28:43.018 [main] INFO  s.d.s.w.r.operation.CachingOperationNameGenerator - Generating unique operation named: getIndexInfoUsingGET_2
2024-05-11 12:28:43.054 [main] INFO  s.d.s.w.r.operation.CachingOperationNameGenerator - Generating unique operation named: getDetailUsingGET_1
2024-05-11 12:28:43.061 [main] INFO  s.d.s.w.r.operation.CachingOperationNameGenerator - Generating unique operation named: getListUsingGET_7
2024-05-11 12:28:43.169 [main] INFO  s.d.s.w.r.operation.CachingOperationNameGenerator - Generating unique operation named: getProductListUsingGET_1
2024-05-11 12:28:43.173 [main] INFO  s.d.s.w.r.operation.CachingOperationNameGenerator - Generating unique operation named: getListUsingGET_8
2024-05-11 12:28:43.183 [main] INFO  s.d.s.w.r.operation.CachingOperationNameGenerator - Generating unique operation named: addUsingPOST_1
2024-05-11 12:28:43.184 [main] INFO  s.d.s.w.r.operation.CachingOperationNameGenerator - Generating unique operation named: deleteUsingPOST_2
2024-05-11 12:28:43.189 [main] INFO  s.d.s.w.r.operation.CachingOperationNameGenerator - Generating unique operation named: getListUsingGET_9
2024-05-11 12:28:43.190 [main] INFO  s.d.s.w.r.operation.CachingOperationNameGenerator - Generating unique operation named: infoUsingGET_2
2024-05-11 12:28:43.220 [main] INFO  s.d.s.w.r.operation.CachingOperationNameGenerator - Generating unique operation named: deleteUsingPOST_3
2024-05-11 12:28:43.222 [main] INFO  s.d.s.w.r.operation.CachingOperationNameGenerator - Generating unique operation named: getListUsingGET_10
2024-05-11 12:28:43.285 [main] INFO  s.d.s.w.r.operation.CachingOperationNameGenerator - Generating unique operation named: getListUsingGET_11
2024-05-11 12:28:43.331 [main] INFO  s.d.spring.web.scanners.ApiListingReferenceScanner - Scanning for api listing references
2024-05-11 12:28:43.349 [main] INFO  org.apache.coyote.http11.Http11NioProtocol - Starting ProtocolHandler ["http-nio-8182"]
2024-05-11 12:28:43.353 [main] INFO  org.apache.coyote.http11.Http11NioProtocol - Pausing ProtocolHandler ["http-nio-8182"]
2024-05-11 12:28:43.353 [main] INFO  org.apache.catalina.core.StandardService - Stopping service [Tomcat]
2024-05-11 12:28:43.357 [main] INFO  org.apache.coyote.http11.Http11NioProtocol - Stopping ProtocolHandler ["http-nio-8182"]
2024-05-11 12:28:43.357 [main] INFO  org.apache.coyote.http11.Http11NioProtocol - Destroying ProtocolHandler ["http-nio-8182"]
2024-05-11 12:28:43.377 [main] INFO  o.s.scheduling.concurrent.ThreadPoolTaskExecutor - Shutting down ExecutorService 'taskExecutor'
2024-05-11 12:28:43.425 [main] INFO  com.alibaba.druid.pool.DruidDataSource - {dataSource-1} closing ...
2024-05-11 12:28:43.434 [main] INFO  com.alibaba.druid.pool.DruidDataSource - {dataSource-1} closed
2024-05-11 12:29:18.281 [main] INFO  com.jbp.front.JbpFrontApplication - Starting JbpFrontApplication on DESKTOP-QENSR3B with PID 7744 (E:\work\workspace\jbp\jbp-front\target\classes started by Administrator in E:\work\workspace\jbp\jbp-front)
2024-05-11 12:29:18.282 [main] INFO  com.jbp.front.JbpFrontApplication - No active profile set, falling back to default profiles: default
2024-05-11 12:29:19.882 [main] INFO  o.s.d.r.config.RepositoryConfigurationDelegate - Multiple Spring Data modules found, entering strict repository configuration mode!
2024-05-11 12:29:19.886 [main] INFO  o.s.d.r.config.RepositoryConfigurationDelegate - Bootstrapping Spring Data Redis repositories in DEFAULT mode.
2024-05-11 12:29:19.923 [main] INFO  o.s.d.r.config.RepositoryConfigurationDelegate - Finished Spring Data repository scanning in 19ms. Found 0 Redis repository interfaces.
2024-05-11 12:29:21.393 [main] INFO  o.s.boot.web.embedded.tomcat.TomcatWebServer - Tomcat initialized with port(s): 8182 (http)
2024-05-11 12:29:21.401 [main] INFO  org.apache.coyote.http11.Http11NioProtocol - Initializing ProtocolHandler ["http-nio-8182"]
2024-05-11 12:29:21.402 [main] INFO  org.apache.catalina.core.StandardService - Starting service [Tomcat]
2024-05-11 12:29:21.402 [main] INFO  org.apache.catalina.core.StandardEngine - Starting Servlet engine: [Apache Tomcat/9.0.33]
2024-05-11 12:29:21.672 [main] INFO  org.apache.jasper.servlet.TldScanner - At least one JAR was scanned for TLDs yet contained no TLDs. Enable debug logging for this logger for a complete list of JARs that were scanned but no TLDs were found in them. Skipping unneeded JARs during scanning can improve startup time and JSP compilation time.
2024-05-11 12:29:21.678 [main] INFO  o.a.c.core.ContainerBase.[Tomcat].[localhost].[/] - Initializing Spring embedded WebApplicationContext
2024-05-11 12:29:21.678 [main] INFO  org.springframework.web.context.ContextLoader - Root WebApplicationContext: initialization completed in 3347 ms
2024-05-11 12:29:27.532 [main] INFO  com.alibaba.druid.pool.DruidDataSource - {dataSource-1} inited
2024-05-11 12:29:31.330 [main] INFO  org.redisson.Version - Redisson 3.14.1
2024-05-11 12:29:31.967 [redisson-netty-2-13] INFO  o.r.connection.pool.MasterPubSubConnectionPool - 1 connections initialized for /127.0.0.1:6379
2024-05-11 12:29:31.982 [redisson-netty-2-17] INFO  org.redisson.connection.pool.MasterConnectionPool - 24 connections initialized for /127.0.0.1:6379
2024-05-11 12:29:32.928 [main] INFO  c.j.front.config.AjCaptchaServiceAutoConfiguration - 自定义配置项：
AjCaptchaProperties{type=DEFAULT, jigsaw='', picClick='', waterMark='Jbp Java', waterFont='WenQuanZhengHei.ttf', fontType='WenQuanZhengHei.ttf', slipOffset='5', aesStatus=true, interferenceOptions='2', cacheNumber='1000', timingClear='180', cacheType=local, reqFrequencyLimitEnable=false, reqGetLockLimit=5, reqGetLockSeconds=300, reqGetMinuteLimit=360, reqCheckMinuteLimit=60, reqVerifyMinuteLimit=60}
2024-05-11 12:29:32.930 [main] INFO  c.jbp.front.service.captcha.CaptchaServiceFactory - supported-captchaCache-service:[local]
2024-05-11 12:29:32.935 [main] INFO  c.jbp.front.service.captcha.CaptchaServiceFactory - supported-captchaTypes-service:[clickWord, default, blockPuzzle]
2024-05-11 12:29:32.948 [main] INFO  com.jbp.common.captcha.util.ImageUtils - 初始化底图:[SLIDING_BLOCK=[Ljava.lang.String;@39fb5ddf, ORIGINAL=[Ljava.lang.String;@642d34f1, PIC_CLICK=[Ljava.lang.String;@49b180c8]
2024-05-11 12:29:32.948 [main] INFO  c.j.f.s.captcha.impl.ClickWordCaptchaServiceImpl - --->>>初始化验证码底图<<<---clickWord
2024-05-11 12:29:32.988 [main] INFO  c.j.f.s.captcha.impl.ClickWordCaptchaServiceImpl - 初始化local缓存...
2024-05-11 12:29:33.006 [main] INFO  com.jbp.common.captcha.util.ImageUtils - 初始化底图:[SLIDING_BLOCK=[Ljava.lang.String;@155318b5, ORIGINAL=[Ljava.lang.String;@1add90e0, PIC_CLICK=[Ljava.lang.String;@7bf94e91]
2024-05-11 12:29:33.007 [main] INFO  c.j.f.s.captcha.impl.BlockPuzzleCaptchaServiceImpl - --->>>初始化验证码底图<<<---blockPuzzle
2024-05-11 12:29:33.020 [main] INFO  c.j.f.s.captcha.impl.BlockPuzzleCaptchaServiceImpl - 初始化local缓存...
2024-05-11 12:29:33.671 [main] INFO  c.y.y.s.c.provider.file.YopFileSdkConfigProvider - 加载默认配置文件config/yop_sdk_config_default.json
2024-05-11 12:29:35.187 [main] INFO  o.s.b.actuate.endpoint.web.EndpointLinksResolver - Exposing 2 endpoint(s) beneath base path '/actuator'
2024-05-11 12:29:35.377 [main] INFO  o.s.security.web.DefaultSecurityFilterChain - Creating filter chain: any request, [org.springframework.security.web.context.request.async.WebAsyncManagerIntegrationFilter@5da41d02, org.springframework.security.web.context.SecurityContextPersistenceFilter@4010f232, org.springframework.security.web.header.HeaderWriterFilter@67b1c3af, org.springframework.security.web.authentication.logout.LogoutFilter@280f061e, org.springframework.security.web.savedrequest.RequestCacheAwareFilter@39f3285d, org.springframework.security.web.servletapi.SecurityContextHolderAwareRequestFilter@2ec258f1, org.springframework.security.web.authentication.AnonymousAuthenticationFilter@17d837ab, org.springframework.security.web.session.SessionManagementFilter@24381e4a, org.springframework.security.web.access.ExceptionTranslationFilter@5f26fc4d, org.springframework.security.web.access.intercept.FilterSecurityInterceptor@69c335c4]
2024-05-11 12:29:35.395 [main] INFO  s.d.s.w.PropertySourcedRequestMappingHandlerMapping - Mapped URL path [/v2/api-docs] onto method [springfox.documentation.swagger2.web.Swagger2Controller#getDocumentation(String, HttpServletRequest)]
2024-05-11 12:29:35.417 [main] INFO  o.s.scheduling.concurrent.ThreadPoolTaskExecutor - Initializing ExecutorService
2024-05-11 12:29:35.418 [main] INFO  o.s.scheduling.concurrent.ThreadPoolTaskExecutor - Initializing ExecutorService 'taskExecutor'
2024-05-11 12:29:36.028 [main] INFO  s.d.s.web.plugins.DocumentationPluginsBootstrapper - Context refreshed
2024-05-11 12:29:36.049 [main] INFO  s.d.s.web.plugins.DocumentationPluginsBootstrapper - Found 2 custom documentation plugin(s)
2024-05-11 12:29:36.084 [main] INFO  s.d.spring.web.scanners.ApiListingReferenceScanner - Scanning for api listing references
2024-05-11 12:29:36.265 [main] INFO  s.d.s.w.r.operation.CachingOperationNameGenerator - Generating unique operation named: getListUsingGET_1
2024-05-11 12:29:36.294 [main] INFO  s.d.s.w.r.operation.CachingOperationNameGenerator - Generating unique operation named: getListUsingGET_2
2024-05-11 12:29:36.337 [main] INFO  s.d.s.w.r.operation.CachingOperationNameGenerator - Generating unique operation named: getListUsingGET_3
2024-05-11 12:29:36.363 [main] INFO  s.d.s.w.r.operation.CachingOperationNameGenerator - Generating unique operation named: getListUsingGET_4
2024-05-11 12:29:36.512 [main] INFO  s.d.s.w.r.operation.CachingOperationNameGenerator - Generating unique operation named: getListUsingGET_5
2024-05-11 12:29:36.520 [main] INFO  s.d.s.w.r.operation.CachingOperationNameGenerator - Generating unique operation named: getListUsingGET_6
2024-05-11 12:29:36.632 [main] INFO  s.d.s.w.r.operation.CachingOperationNameGenerator - Generating unique operation named: getIndexInfoUsingGET_1
2024-05-11 12:29:36.675 [main] INFO  s.d.s.w.r.operation.CachingOperationNameGenerator - Generating unique operation named: deleteUsingPOST_1
2024-05-11 12:29:36.738 [main] INFO  s.d.s.w.r.operation.CachingOperationNameGenerator - Generating unique operation named: infoUsingGET_1
2024-05-11 12:29:36.777 [main] INFO  s.d.s.w.r.operation.CachingOperationNameGenerator - Generating unique operation named: getIndexInfoUsingGET_2
2024-05-11 12:29:36.814 [main] INFO  s.d.s.w.r.operation.CachingOperationNameGenerator - Generating unique operation named: getDetailUsingGET_1
2024-05-11 12:29:36.822 [main] INFO  s.d.s.w.r.operation.CachingOperationNameGenerator - Generating unique operation named: getListUsingGET_7
2024-05-11 12:29:36.959 [main] INFO  s.d.s.w.r.operation.CachingOperationNameGenerator - Generating unique operation named: getProductListUsingGET_1
2024-05-11 12:29:36.964 [main] INFO  s.d.s.w.r.operation.CachingOperationNameGenerator - Generating unique operation named: getListUsingGET_8
2024-05-11 12:29:36.973 [main] INFO  s.d.s.w.r.operation.CachingOperationNameGenerator - Generating unique operation named: addUsingPOST_1
2024-05-11 12:29:36.975 [main] INFO  s.d.s.w.r.operation.CachingOperationNameGenerator - Generating unique operation named: deleteUsingPOST_2
2024-05-11 12:29:36.983 [main] INFO  s.d.s.w.r.operation.CachingOperationNameGenerator - Generating unique operation named: getListUsingGET_9
2024-05-11 12:29:36.984 [main] INFO  s.d.s.w.r.operation.CachingOperationNameGenerator - Generating unique operation named: infoUsingGET_2
2024-05-11 12:29:37.030 [main] INFO  s.d.s.w.r.operation.CachingOperationNameGenerator - Generating unique operation named: deleteUsingPOST_3
2024-05-11 12:29:37.035 [main] INFO  s.d.s.w.r.operation.CachingOperationNameGenerator - Generating unique operation named: getListUsingGET_10
2024-05-11 12:29:37.083 [main] INFO  s.d.s.w.r.operation.CachingOperationNameGenerator - Generating unique operation named: getListUsingGET_11
2024-05-11 12:29:37.125 [main] INFO  s.d.spring.web.scanners.ApiListingReferenceScanner - Scanning for api listing references
2024-05-11 12:29:37.142 [main] INFO  org.apache.coyote.http11.Http11NioProtocol - Starting ProtocolHandler ["http-nio-8182"]
2024-05-11 12:29:37.146 [main] INFO  org.apache.coyote.http11.Http11NioProtocol - Pausing ProtocolHandler ["http-nio-8182"]
2024-05-11 12:29:37.146 [main] INFO  org.apache.catalina.core.StandardService - Stopping service [Tomcat]
2024-05-11 12:29:37.148 [main] INFO  org.apache.coyote.http11.Http11NioProtocol - Stopping ProtocolHandler ["http-nio-8182"]
2024-05-11 12:29:37.149 [main] INFO  org.apache.coyote.http11.Http11NioProtocol - Destroying ProtocolHandler ["http-nio-8182"]
2024-05-11 12:29:37.167 [main] INFO  o.s.scheduling.concurrent.ThreadPoolTaskExecutor - Shutting down ExecutorService 'taskExecutor'
2024-05-11 12:29:37.224 [main] INFO  com.alibaba.druid.pool.DruidDataSource - {dataSource-1} closing ...
2024-05-11 12:29:37.233 [main] INFO  com.alibaba.druid.pool.DruidDataSource - {dataSource-1} closed
2024-05-11 12:30:05.668 [main] INFO  com.jbp.front.JbpFrontApplication - Starting JbpFrontApplication on DESKTOP-QENSR3B with PID 7040 (E:\work\workspace\jbp\jbp-front\target\classes started by Administrator in E:\work\workspace\jbp\jbp-front)
2024-05-11 12:30:05.669 [main] INFO  com.jbp.front.JbpFrontApplication - No active profile set, falling back to default profiles: default
2024-05-11 12:30:07.222 [main] INFO  o.s.d.r.config.RepositoryConfigurationDelegate - Multiple Spring Data modules found, entering strict repository configuration mode!
2024-05-11 12:30:07.225 [main] INFO  o.s.d.r.config.RepositoryConfigurationDelegate - Bootstrapping Spring Data Redis repositories in DEFAULT mode.
2024-05-11 12:30:07.332 [main] INFO  o.s.d.r.config.RepositoryConfigurationDelegate - Finished Spring Data repository scanning in 15ms. Found 0 Redis repository interfaces.
2024-05-11 12:30:08.823 [main] INFO  o.s.boot.web.embedded.tomcat.TomcatWebServer - Tomcat initialized with port(s): 8182 (http)
2024-05-11 12:30:08.834 [main] INFO  org.apache.coyote.http11.Http11NioProtocol - Initializing ProtocolHandler ["http-nio-8182"]
2024-05-11 12:30:08.834 [main] INFO  org.apache.catalina.core.StandardService - Starting service [Tomcat]
2024-05-11 12:30:08.834 [main] INFO  org.apache.catalina.core.StandardEngine - Starting Servlet engine: [Apache Tomcat/9.0.33]
2024-05-11 12:30:09.118 [main] INFO  org.apache.jasper.servlet.TldScanner - At least one JAR was scanned for TLDs yet contained no TLDs. Enable debug logging for this logger for a complete list of JARs that were scanned but no TLDs were found in them. Skipping unneeded JARs during scanning can improve startup time and JSP compilation time.
2024-05-11 12:30:09.123 [main] INFO  o.a.c.core.ContainerBase.[Tomcat].[localhost].[/] - Initializing Spring embedded WebApplicationContext
2024-05-11 12:30:09.123 [main] INFO  org.springframework.web.context.ContextLoader - Root WebApplicationContext: initialization completed in 3401 ms
2024-05-11 12:30:14.768 [main] INFO  com.alibaba.druid.pool.DruidDataSource - {dataSource-1} inited
2024-05-11 12:30:19.049 [main] INFO  org.redisson.Version - Redisson 3.14.1
2024-05-11 12:30:19.722 [redisson-netty-2-23] INFO  o.r.connection.pool.MasterPubSubConnectionPool - 1 connections initialized for /127.0.0.1:6379
2024-05-11 12:30:19.739 [redisson-netty-2-19] INFO  org.redisson.connection.pool.MasterConnectionPool - 24 connections initialized for /127.0.0.1:6379
2024-05-11 12:30:20.722 [main] INFO  c.j.front.config.AjCaptchaServiceAutoConfiguration - 自定义配置项：
AjCaptchaProperties{type=DEFAULT, jigsaw='', picClick='', waterMark='Jbp Java', waterFont='WenQuanZhengHei.ttf', fontType='WenQuanZhengHei.ttf', slipOffset='5', aesStatus=true, interferenceOptions='2', cacheNumber='1000', timingClear='180', cacheType=local, reqFrequencyLimitEnable=false, reqGetLockLimit=5, reqGetLockSeconds=300, reqGetMinuteLimit=360, reqCheckMinuteLimit=60, reqVerifyMinuteLimit=60}
2024-05-11 12:30:20.724 [main] INFO  c.jbp.front.service.captcha.CaptchaServiceFactory - supported-captchaCache-service:[local]
2024-05-11 12:30:20.729 [main] INFO  c.jbp.front.service.captcha.CaptchaServiceFactory - supported-captchaTypes-service:[clickWord, default, blockPuzzle]
2024-05-11 12:30:20.743 [main] INFO  com.jbp.common.captcha.util.ImageUtils - 初始化底图:[SLIDING_BLOCK=[Ljava.lang.String;@2f82e3cf, ORIGINAL=[Ljava.lang.String;@3a44993c, PIC_CLICK=[Ljava.lang.String;@6b6606d1]
2024-05-11 12:30:20.743 [main] INFO  c.j.f.s.captcha.impl.ClickWordCaptchaServiceImpl - --->>>初始化验证码底图<<<---clickWord
2024-05-11 12:30:20.983 [main] INFO  c.j.f.s.captcha.impl.ClickWordCaptchaServiceImpl - 初始化local缓存...
2024-05-11 12:30:21.004 [main] INFO  com.jbp.common.captcha.util.ImageUtils - 初始化底图:[SLIDING_BLOCK=[Ljava.lang.String;@2b409174, ORIGINAL=[Ljava.lang.String;@11939a9f, PIC_CLICK=[Ljava.lang.String;@229d508c]
2024-05-11 12:30:21.004 [main] INFO  c.j.f.s.captcha.impl.BlockPuzzleCaptchaServiceImpl - --->>>初始化验证码底图<<<---blockPuzzle
2024-05-11 12:30:21.018 [main] INFO  c.j.f.s.captcha.impl.BlockPuzzleCaptchaServiceImpl - 初始化local缓存...
2024-05-11 12:30:21.642 [main] INFO  c.y.y.s.c.provider.file.YopFileSdkConfigProvider - 加载默认配置文件config/yop_sdk_config_default.json
2024-05-11 12:30:22.901 [main] INFO  o.s.b.actuate.endpoint.web.EndpointLinksResolver - Exposing 2 endpoint(s) beneath base path '/actuator'
2024-05-11 12:30:23.113 [main] INFO  o.s.security.web.DefaultSecurityFilterChain - Creating filter chain: any request, [org.springframework.security.web.context.request.async.WebAsyncManagerIntegrationFilter@7f38545a, org.springframework.security.web.context.SecurityContextPersistenceFilter@35d4fecf, org.springframework.security.web.header.HeaderWriterFilter@6768dc74, org.springframework.security.web.authentication.logout.LogoutFilter@47596e9, org.springframework.security.web.savedrequest.RequestCacheAwareFilter@1f591b2e, org.springframework.security.web.servletapi.SecurityContextHolderAwareRequestFilter@bb160fb, org.springframework.security.web.authentication.AnonymousAuthenticationFilter@549be307, org.springframework.security.web.session.SessionManagementFilter@27260f9c, org.springframework.security.web.access.ExceptionTranslationFilter@5da41d02, org.springframework.security.web.access.intercept.FilterSecurityInterceptor@76d220eb]
2024-05-11 12:30:23.135 [main] INFO  s.d.s.w.PropertySourcedRequestMappingHandlerMapping - Mapped URL path [/v2/api-docs] onto method [springfox.documentation.swagger2.web.Swagger2Controller#getDocumentation(String, HttpServletRequest)]
2024-05-11 12:30:23.155 [main] INFO  o.s.scheduling.concurrent.ThreadPoolTaskExecutor - Initializing ExecutorService
2024-05-11 12:30:23.155 [main] INFO  o.s.scheduling.concurrent.ThreadPoolTaskExecutor - Initializing ExecutorService 'taskExecutor'
2024-05-11 12:30:23.639 [main] INFO  s.d.s.web.plugins.DocumentationPluginsBootstrapper - Context refreshed
2024-05-11 12:30:23.658 [main] INFO  s.d.s.web.plugins.DocumentationPluginsBootstrapper - Found 2 custom documentation plugin(s)
2024-05-11 12:30:23.700 [main] INFO  s.d.spring.web.scanners.ApiListingReferenceScanner - Scanning for api listing references
2024-05-11 12:30:23.868 [main] INFO  s.d.s.w.r.operation.CachingOperationNameGenerator - Generating unique operation named: getListUsingGET_1
2024-05-11 12:30:23.894 [main] INFO  s.d.s.w.r.operation.CachingOperationNameGenerator - Generating unique operation named: getListUsingGET_2
2024-05-11 12:30:23.943 [main] INFO  s.d.s.w.r.operation.CachingOperationNameGenerator - Generating unique operation named: getListUsingGET_3
2024-05-11 12:30:23.977 [main] INFO  s.d.s.w.r.operation.CachingOperationNameGenerator - Generating unique operation named: getListUsingGET_4
2024-05-11 12:30:24.146 [main] INFO  s.d.s.w.r.operation.CachingOperationNameGenerator - Generating unique operation named: getListUsingGET_5
2024-05-11 12:30:24.151 [main] INFO  s.d.s.w.r.operation.CachingOperationNameGenerator - Generating unique operation named: getListUsingGET_6
2024-05-11 12:30:24.234 [main] INFO  s.d.s.w.r.operation.CachingOperationNameGenerator - Generating unique operation named: getIndexInfoUsingGET_1
2024-05-11 12:30:24.268 [main] INFO  s.d.s.w.r.operation.CachingOperationNameGenerator - Generating unique operation named: deleteUsingPOST_1
2024-05-11 12:30:24.332 [main] INFO  s.d.s.w.r.operation.CachingOperationNameGenerator - Generating unique operation named: infoUsingGET_1
2024-05-11 12:30:24.366 [main] INFO  s.d.s.w.r.operation.CachingOperationNameGenerator - Generating unique operation named: getIndexInfoUsingGET_2
2024-05-11 12:30:24.398 [main] INFO  s.d.s.w.r.operation.CachingOperationNameGenerator - Generating unique operation named: getDetailUsingGET_1
2024-05-11 12:30:24.403 [main] INFO  s.d.s.w.r.operation.CachingOperationNameGenerator - Generating unique operation named: getListUsingGET_7
2024-05-11 12:30:24.512 [main] INFO  s.d.s.w.r.operation.CachingOperationNameGenerator - Generating unique operation named: getProductListUsingGET_1
2024-05-11 12:30:24.516 [main] INFO  s.d.s.w.r.operation.CachingOperationNameGenerator - Generating unique operation named: getListUsingGET_8
2024-05-11 12:30:24.525 [main] INFO  s.d.s.w.r.operation.CachingOperationNameGenerator - Generating unique operation named: addUsingPOST_1
2024-05-11 12:30:24.526 [main] INFO  s.d.s.w.r.operation.CachingOperationNameGenerator - Generating unique operation named: deleteUsingPOST_2
2024-05-11 12:30:24.533 [main] INFO  s.d.s.w.r.operation.CachingOperationNameGenerator - Generating unique operation named: getListUsingGET_9
2024-05-11 12:30:24.534 [main] INFO  s.d.s.w.r.operation.CachingOperationNameGenerator - Generating unique operation named: infoUsingGET_2
2024-05-11 12:30:24.567 [main] INFO  s.d.s.w.r.operation.CachingOperationNameGenerator - Generating unique operation named: deleteUsingPOST_3
2024-05-11 12:30:24.570 [main] INFO  s.d.s.w.r.operation.CachingOperationNameGenerator - Generating unique operation named: getListUsingGET_10
2024-05-11 12:30:24.623 [main] INFO  s.d.s.w.r.operation.CachingOperationNameGenerator - Generating unique operation named: getListUsingGET_11
2024-05-11 12:30:24.664 [main] INFO  s.d.spring.web.scanners.ApiListingReferenceScanner - Scanning for api listing references
2024-05-11 12:30:24.679 [main] INFO  org.apache.coyote.http11.Http11NioProtocol - Starting ProtocolHandler ["http-nio-8182"]
2024-05-11 12:30:24.704 [main] INFO  o.s.boot.web.embedded.tomcat.TomcatWebServer - Tomcat started on port(s): 8182 (http) with context path ''
2024-05-11 12:30:24.706 [main] INFO  com.jbp.front.JbpFrontApplication - Started JbpFrontApplication in 19.599 seconds (JVM running for 19.93)
2024-05-11 12:30:24.734 [main] INFO  com.jbp.service.service.impl.YopServiceImpl - 易宝请求参数{"merchantNo":["10090108498"]}
2024-05-11 12:34:42.295 [main] INFO  com.jbp.front.JbpFrontApplication - Starting JbpFrontApplication on DESKTOP-QENSR3B with PID 6440 (E:\work\workspace\jbp\jbp-front\target\classes started by Administrator in E:\work\workspace\jbp\jbp-front)
2024-05-11 12:34:42.295 [main] INFO  com.jbp.front.JbpFrontApplication - No active profile set, falling back to default profiles: default
2024-05-11 12:34:43.923 [main] INFO  o.s.d.r.config.RepositoryConfigurationDelegate - Multiple Spring Data modules found, entering strict repository configuration mode!
2024-05-11 12:34:43.926 [main] INFO  o.s.d.r.config.RepositoryConfigurationDelegate - Bootstrapping Spring Data Redis repositories in DEFAULT mode.
2024-05-11 12:34:43.954 [main] INFO  o.s.d.r.config.RepositoryConfigurationDelegate - Finished Spring Data repository scanning in 17ms. Found 0 Redis repository interfaces.
2024-05-11 12:34:45.465 [main] INFO  o.s.boot.web.embedded.tomcat.TomcatWebServer - Tomcat initialized with port(s): 8182 (http)
2024-05-11 12:34:45.475 [main] INFO  org.apache.coyote.http11.Http11NioProtocol - Initializing ProtocolHandler ["http-nio-8182"]
2024-05-11 12:34:45.475 [main] INFO  org.apache.catalina.core.StandardService - Starting service [Tomcat]
2024-05-11 12:34:45.475 [main] INFO  org.apache.catalina.core.StandardEngine - Starting Servlet engine: [Apache Tomcat/9.0.33]
2024-05-11 12:34:45.772 [main] INFO  org.apache.jasper.servlet.TldScanner - At least one JAR was scanned for TLDs yet contained no TLDs. Enable debug logging for this logger for a complete list of JARs that were scanned but no TLDs were found in them. Skipping unneeded JARs during scanning can improve startup time and JSP compilation time.
2024-05-11 12:34:45.779 [main] INFO  o.a.c.core.ContainerBase.[Tomcat].[localhost].[/] - Initializing Spring embedded WebApplicationContext
2024-05-11 12:34:45.780 [main] INFO  org.springframework.web.context.ContextLoader - Root WebApplicationContext: initialization completed in 3430 ms
2024-05-11 12:34:51.744 [main] INFO  com.alibaba.druid.pool.DruidDataSource - {dataSource-1} inited
2024-05-11 12:34:55.184 [main] INFO  org.redisson.Version - Redisson 3.14.1
2024-05-11 12:34:55.858 [redisson-netty-2-13] INFO  o.r.connection.pool.MasterPubSubConnectionPool - 1 connections initialized for /127.0.0.1:6379
2024-05-11 12:34:55.874 [redisson-netty-2-14] INFO  org.redisson.connection.pool.MasterConnectionPool - 24 connections initialized for /127.0.0.1:6379
2024-05-11 12:34:56.602 [main] INFO  c.j.front.config.AjCaptchaServiceAutoConfiguration - 自定义配置项：
AjCaptchaProperties{type=DEFAULT, jigsaw='', picClick='', waterMark='Jbp Java', waterFont='WenQuanZhengHei.ttf', fontType='WenQuanZhengHei.ttf', slipOffset='5', aesStatus=true, interferenceOptions='2', cacheNumber='1000', timingClear='180', cacheType=local, reqFrequencyLimitEnable=false, reqGetLockLimit=5, reqGetLockSeconds=300, reqGetMinuteLimit=360, reqCheckMinuteLimit=60, reqVerifyMinuteLimit=60}
2024-05-11 12:34:56.604 [main] INFO  c.jbp.front.service.captcha.CaptchaServiceFactory - supported-captchaCache-service:[local]
2024-05-11 12:34:56.612 [main] INFO  c.jbp.front.service.captcha.CaptchaServiceFactory - supported-captchaTypes-service:[clickWord, default, blockPuzzle]
2024-05-11 12:34:56.624 [main] INFO  com.jbp.common.captcha.util.ImageUtils - 初始化底图:[SLIDING_BLOCK=[Ljava.lang.String;@453439e, ORIGINAL=[Ljava.lang.String;@2d33795c, PIC_CLICK=[Ljava.lang.String;@779ef5cb]
2024-05-11 12:34:56.624 [main] INFO  c.j.f.s.captcha.impl.ClickWordCaptchaServiceImpl - --->>>初始化验证码底图<<<---clickWord
2024-05-11 12:34:56.661 [main] INFO  c.j.f.s.captcha.impl.ClickWordCaptchaServiceImpl - 初始化local缓存...
2024-05-11 12:34:56.679 [main] INFO  com.jbp.common.captcha.util.ImageUtils - 初始化底图:[SLIDING_BLOCK=[Ljava.lang.String;@6b4a2887, ORIGINAL=[Ljava.lang.String;@23b087c3, PIC_CLICK=[Ljava.lang.String;@237c8718]
2024-05-11 12:34:56.679 [main] INFO  c.j.f.s.captcha.impl.BlockPuzzleCaptchaServiceImpl - --->>>初始化验证码底图<<<---blockPuzzle
2024-05-11 12:34:56.694 [main] INFO  c.j.f.s.captcha.impl.BlockPuzzleCaptchaServiceImpl - 初始化local缓存...
2024-05-11 12:34:57.371 [main] INFO  c.y.y.s.c.provider.file.YopFileSdkConfigProvider - 加载默认配置文件config/yop_sdk_config_default.json
2024-05-11 12:34:58.566 [main] INFO  o.s.b.actuate.endpoint.web.EndpointLinksResolver - Exposing 2 endpoint(s) beneath base path '/actuator'
2024-05-11 12:34:58.801 [main] INFO  o.s.security.web.DefaultSecurityFilterChain - Creating filter chain: any request, [org.springframework.security.web.context.request.async.WebAsyncManagerIntegrationFilter@4417755b, org.springframework.security.web.context.SecurityContextPersistenceFilter@e6fbf82, org.springframework.security.web.header.HeaderWriterFilter@20a7ce0, org.springframework.security.web.authentication.logout.LogoutFilter@42a89cef, org.springframework.security.web.savedrequest.RequestCacheAwareFilter@1de6f29d, org.springframework.security.web.servletapi.SecurityContextHolderAwareRequestFilter@59043128, org.springframework.security.web.authentication.AnonymousAuthenticationFilter@3811464b, org.springframework.security.web.session.SessionManagementFilter@30bd6bc8, org.springframework.security.web.access.ExceptionTranslationFilter@1b1d93e9, org.springframework.security.web.access.intercept.FilterSecurityInterceptor@698daff6]
2024-05-11 12:34:58.818 [main] INFO  s.d.s.w.PropertySourcedRequestMappingHandlerMapping - Mapped URL path [/v2/api-docs] onto method [springfox.documentation.swagger2.web.Swagger2Controller#getDocumentation(String, HttpServletRequest)]
2024-05-11 12:34:58.838 [main] INFO  o.s.scheduling.concurrent.ThreadPoolTaskExecutor - Initializing ExecutorService
2024-05-11 12:34:58.838 [main] INFO  o.s.scheduling.concurrent.ThreadPoolTaskExecutor - Initializing ExecutorService 'taskExecutor'
2024-05-11 12:34:59.364 [main] INFO  s.d.s.web.plugins.DocumentationPluginsBootstrapper - Context refreshed
2024-05-11 12:34:59.381 [main] INFO  s.d.s.web.plugins.DocumentationPluginsBootstrapper - Found 2 custom documentation plugin(s)
2024-05-11 12:34:59.416 [main] INFO  s.d.spring.web.scanners.ApiListingReferenceScanner - Scanning for api listing references
2024-05-11 12:34:59.593 [main] INFO  s.d.s.w.r.operation.CachingOperationNameGenerator - Generating unique operation named: getListUsingGET_1
2024-05-11 12:34:59.622 [main] INFO  s.d.s.w.r.operation.CachingOperationNameGenerator - Generating unique operation named: getListUsingGET_2
2024-05-11 12:34:59.665 [main] INFO  s.d.s.w.r.operation.CachingOperationNameGenerator - Generating unique operation named: getListUsingGET_3
2024-05-11 12:34:59.689 [main] INFO  s.d.s.w.r.operation.CachingOperationNameGenerator - Generating unique operation named: getListUsingGET_4
2024-05-11 12:34:59.831 [main] INFO  s.d.s.w.r.operation.CachingOperationNameGenerator - Generating unique operation named: getListUsingGET_5
2024-05-11 12:34:59.842 [main] INFO  s.d.s.w.r.operation.CachingOperationNameGenerator - Generating unique operation named: getListUsingGET_6
2024-05-11 12:34:59.978 [main] INFO  s.d.s.w.r.operation.CachingOperationNameGenerator - Generating unique operation named: getIndexInfoUsingGET_1
2024-05-11 12:35:00.022 [main] INFO  s.d.s.w.r.operation.CachingOperationNameGenerator - Generating unique operation named: deleteUsingPOST_1
2024-05-11 12:35:00.082 [main] INFO  s.d.s.w.r.operation.CachingOperationNameGenerator - Generating unique operation named: infoUsingGET_1
2024-05-11 12:35:00.122 [main] INFO  s.d.s.w.r.operation.CachingOperationNameGenerator - Generating unique operation named: getIndexInfoUsingGET_2
2024-05-11 12:35:00.165 [main] INFO  s.d.s.w.r.operation.CachingOperationNameGenerator - Generating unique operation named: getDetailUsingGET_1
2024-05-11 12:35:00.172 [main] INFO  s.d.s.w.r.operation.CachingOperationNameGenerator - Generating unique operation named: getListUsingGET_7
2024-05-11 12:35:00.288 [main] INFO  s.d.s.w.r.operation.CachingOperationNameGenerator - Generating unique operation named: getProductListUsingGET_1
2024-05-11 12:35:00.292 [main] INFO  s.d.s.w.r.operation.CachingOperationNameGenerator - Generating unique operation named: getListUsingGET_8
2024-05-11 12:35:00.297 [main] INFO  s.d.s.w.r.operation.CachingOperationNameGenerator - Generating unique operation named: addUsingPOST_1
2024-05-11 12:35:00.298 [main] INFO  s.d.s.w.r.operation.CachingOperationNameGenerator - Generating unique operation named: deleteUsingPOST_2
2024-05-11 12:35:00.303 [main] INFO  s.d.s.w.r.operation.CachingOperationNameGenerator - Generating unique operation named: getListUsingGET_9
2024-05-11 12:35:00.304 [main] INFO  s.d.s.w.r.operation.CachingOperationNameGenerator - Generating unique operation named: infoUsingGET_2
2024-05-11 12:35:00.337 [main] INFO  s.d.s.w.r.operation.CachingOperationNameGenerator - Generating unique operation named: deleteUsingPOST_3
2024-05-11 12:35:00.339 [main] INFO  s.d.s.w.r.operation.CachingOperationNameGenerator - Generating unique operation named: getListUsingGET_10
2024-05-11 12:35:00.389 [main] INFO  s.d.s.w.r.operation.CachingOperationNameGenerator - Generating unique operation named: getListUsingGET_11
2024-05-11 12:35:00.424 [main] INFO  s.d.spring.web.scanners.ApiListingReferenceScanner - Scanning for api listing references
2024-05-11 12:35:00.439 [main] INFO  org.apache.coyote.http11.Http11NioProtocol - Starting ProtocolHandler ["http-nio-8182"]
2024-05-11 12:35:00.444 [main] INFO  org.apache.coyote.http11.Http11NioProtocol - Pausing ProtocolHandler ["http-nio-8182"]
2024-05-11 12:35:00.445 [main] INFO  org.apache.catalina.core.StandardService - Stopping service [Tomcat]
2024-05-11 12:35:00.448 [main] INFO  org.apache.coyote.http11.Http11NioProtocol - Stopping ProtocolHandler ["http-nio-8182"]
2024-05-11 12:35:00.448 [main] INFO  org.apache.coyote.http11.Http11NioProtocol - Destroying ProtocolHandler ["http-nio-8182"]
2024-05-11 12:35:00.469 [main] INFO  o.s.scheduling.concurrent.ThreadPoolTaskExecutor - Shutting down ExecutorService 'taskExecutor'
2024-05-11 12:35:00.526 [main] INFO  com.alibaba.druid.pool.DruidDataSource - {dataSource-1} closing ...
2024-05-11 12:35:00.534 [main] INFO  com.alibaba.druid.pool.DruidDataSource - {dataSource-1} closed
2024-05-11 12:35:09.894 [main] INFO  com.jbp.front.JbpFrontApplication - Starting JbpFrontApplication on DESKTOP-QENSR3B with PID 3328 (E:\work\workspace\jbp\jbp-front\target\classes started by Administrator in E:\work\workspace\jbp\jbp-front)
2024-05-11 12:35:09.894 [main] INFO  com.jbp.front.JbpFrontApplication - No active profile set, falling back to default profiles: default
2024-05-11 12:35:11.500 [main] INFO  o.s.d.r.config.RepositoryConfigurationDelegate - Multiple Spring Data modules found, entering strict repository configuration mode!
2024-05-11 12:35:11.504 [main] INFO  o.s.d.r.config.RepositoryConfigurationDelegate - Bootstrapping Spring Data Redis repositories in DEFAULT mode.
2024-05-11 12:35:11.544 [main] INFO  o.s.d.r.config.RepositoryConfigurationDelegate - Finished Spring Data repository scanning in 23ms. Found 0 Redis repository interfaces.
2024-05-11 12:35:13.053 [main] INFO  o.s.boot.web.embedded.tomcat.TomcatWebServer - Tomcat initialized with port(s): 8182 (http)
2024-05-11 12:35:13.062 [main] INFO  org.apache.coyote.http11.Http11NioProtocol - Initializing ProtocolHandler ["http-nio-8182"]
2024-05-11 12:35:13.063 [main] INFO  org.apache.catalina.core.StandardService - Starting service [Tomcat]
2024-05-11 12:35:13.063 [main] INFO  org.apache.catalina.core.StandardEngine - Starting Servlet engine: [Apache Tomcat/9.0.33]
2024-05-11 12:35:13.341 [main] INFO  org.apache.jasper.servlet.TldScanner - At least one JAR was scanned for TLDs yet contained no TLDs. Enable debug logging for this logger for a complete list of JARs that were scanned but no TLDs were found in them. Skipping unneeded JARs during scanning can improve startup time and JSP compilation time.
2024-05-11 12:35:13.346 [main] INFO  o.a.c.core.ContainerBase.[Tomcat].[localhost].[/] - Initializing Spring embedded WebApplicationContext
2024-05-11 12:35:13.347 [main] INFO  org.springframework.web.context.ContextLoader - Root WebApplicationContext: initialization completed in 3401 ms
2024-05-11 12:35:19.043 [main] INFO  com.alibaba.druid.pool.DruidDataSource - {dataSource-1} inited
2024-05-11 12:35:22.934 [main] INFO  org.redisson.Version - Redisson 3.14.1
2024-05-11 12:35:23.580 [redisson-netty-2-21] INFO  o.r.connection.pool.MasterPubSubConnectionPool - 1 connections initialized for /127.0.0.1:6379
2024-05-11 12:35:23.598 [redisson-netty-2-19] INFO  org.redisson.connection.pool.MasterConnectionPool - 24 connections initialized for /127.0.0.1:6379
2024-05-11 12:35:24.369 [main] INFO  c.j.front.config.AjCaptchaServiceAutoConfiguration - 自定义配置项：
AjCaptchaProperties{type=DEFAULT, jigsaw='', picClick='', waterMark='Jbp Java', waterFont='WenQuanZhengHei.ttf', fontType='WenQuanZhengHei.ttf', slipOffset='5', aesStatus=true, interferenceOptions='2', cacheNumber='1000', timingClear='180', cacheType=local, reqFrequencyLimitEnable=false, reqGetLockLimit=5, reqGetLockSeconds=300, reqGetMinuteLimit=360, reqCheckMinuteLimit=60, reqVerifyMinuteLimit=60}
2024-05-11 12:35:24.370 [main] INFO  c.jbp.front.service.captcha.CaptchaServiceFactory - supported-captchaCache-service:[local]
2024-05-11 12:35:24.375 [main] INFO  c.jbp.front.service.captcha.CaptchaServiceFactory - supported-captchaTypes-service:[clickWord, default, blockPuzzle]
2024-05-11 12:35:24.388 [main] INFO  com.jbp.common.captcha.util.ImageUtils - 初始化底图:[SLIDING_BLOCK=[Ljava.lang.String;@7a600e21, ORIGINAL=[Ljava.lang.String;@69d1ad64, PIC_CLICK=[Ljava.lang.String;@458b4487]
2024-05-11 12:35:24.388 [main] INFO  c.j.f.s.captcha.impl.ClickWordCaptchaServiceImpl - --->>>初始化验证码底图<<<---clickWord
2024-05-11 12:35:24.433 [main] INFO  c.j.f.s.captcha.impl.ClickWordCaptchaServiceImpl - 初始化local缓存...
2024-05-11 12:35:24.452 [main] INFO  com.jbp.common.captcha.util.ImageUtils - 初始化底图:[SLIDING_BLOCK=[Ljava.lang.String;@2a349a73, ORIGINAL=[Ljava.lang.String;@2ad6895a, PIC_CLICK=[Ljava.lang.String;@10e4cc6]
2024-05-11 12:35:24.459 [main] INFO  c.j.f.s.captcha.impl.BlockPuzzleCaptchaServiceImpl - --->>>初始化验证码底图<<<---blockPuzzle
2024-05-11 12:35:24.473 [main] INFO  c.j.f.s.captcha.impl.BlockPuzzleCaptchaServiceImpl - 初始化local缓存...
2024-05-11 12:35:25.118 [main] INFO  c.y.y.s.c.provider.file.YopFileSdkConfigProvider - 加载默认配置文件config/yop_sdk_config_default.json
2024-05-11 12:35:26.328 [main] INFO  o.s.b.actuate.endpoint.web.EndpointLinksResolver - Exposing 2 endpoint(s) beneath base path '/actuator'
2024-05-11 12:35:26.537 [main] INFO  o.s.security.web.DefaultSecurityFilterChain - Creating filter chain: any request, [org.springframework.security.web.context.request.async.WebAsyncManagerIntegrationFilter@1cb7f2fe, org.springframework.security.web.context.SecurityContextPersistenceFilter@1e186006, org.springframework.security.web.header.HeaderWriterFilter@55a2ca5e, org.springframework.security.web.authentication.logout.LogoutFilter@1a4564a2, org.springframework.security.web.savedrequest.RequestCacheAwareFilter@f047670, org.springframework.security.web.servletapi.SecurityContextHolderAwareRequestFilter@69cc3370, org.springframework.security.web.authentication.AnonymousAuthenticationFilter@5cb64b9c, org.springframework.security.web.session.SessionManagementFilter@1a0e5c0c, org.springframework.security.web.access.ExceptionTranslationFilter@870413c, org.springframework.security.web.access.intercept.FilterSecurityInterceptor@43fdef43]
2024-05-11 12:35:26.554 [main] INFO  s.d.s.w.PropertySourcedRequestMappingHandlerMapping - Mapped URL path [/v2/api-docs] onto method [springfox.documentation.swagger2.web.Swagger2Controller#getDocumentation(String, HttpServletRequest)]
2024-05-11 12:35:26.576 [main] INFO  o.s.scheduling.concurrent.ThreadPoolTaskExecutor - Initializing ExecutorService
2024-05-11 12:35:26.577 [main] INFO  o.s.scheduling.concurrent.ThreadPoolTaskExecutor - Initializing ExecutorService 'taskExecutor'
2024-05-11 12:35:27.084 [main] INFO  s.d.s.web.plugins.DocumentationPluginsBootstrapper - Context refreshed
2024-05-11 12:35:27.106 [main] INFO  s.d.s.web.plugins.DocumentationPluginsBootstrapper - Found 2 custom documentation plugin(s)
2024-05-11 12:35:27.141 [main] INFO  s.d.spring.web.scanners.ApiListingReferenceScanner - Scanning for api listing references
2024-05-11 12:35:27.320 [main] INFO  s.d.s.w.r.operation.CachingOperationNameGenerator - Generating unique operation named: getListUsingGET_1
2024-05-11 12:35:27.350 [main] INFO  s.d.s.w.r.operation.CachingOperationNameGenerator - Generating unique operation named: getListUsingGET_2
2024-05-11 12:35:27.395 [main] INFO  s.d.s.w.r.operation.CachingOperationNameGenerator - Generating unique operation named: getListUsingGET_3
2024-05-11 12:35:27.419 [main] INFO  s.d.s.w.r.operation.CachingOperationNameGenerator - Generating unique operation named: getListUsingGET_4
2024-05-11 12:35:27.559 [main] INFO  s.d.s.w.r.operation.CachingOperationNameGenerator - Generating unique operation named: getListUsingGET_5
2024-05-11 12:35:27.568 [main] INFO  s.d.s.w.r.operation.CachingOperationNameGenerator - Generating unique operation named: getListUsingGET_6
2024-05-11 12:35:27.682 [main] INFO  s.d.s.w.r.operation.CachingOperationNameGenerator - Generating unique operation named: getIndexInfoUsingGET_1
2024-05-11 12:35:27.716 [main] INFO  s.d.s.w.r.operation.CachingOperationNameGenerator - Generating unique operation named: deleteUsingPOST_1
2024-05-11 12:35:27.776 [main] INFO  s.d.s.w.r.operation.CachingOperationNameGenerator - Generating unique operation named: infoUsingGET_1
2024-05-11 12:35:27.813 [main] INFO  s.d.s.w.r.operation.CachingOperationNameGenerator - Generating unique operation named: getIndexInfoUsingGET_2
2024-05-11 12:35:27.851 [main] INFO  s.d.s.w.r.operation.CachingOperationNameGenerator - Generating unique operation named: getDetailUsingGET_1
2024-05-11 12:35:27.856 [main] INFO  s.d.s.w.r.operation.CachingOperationNameGenerator - Generating unique operation named: getListUsingGET_7
2024-05-11 12:35:27.981 [main] INFO  s.d.s.w.r.operation.CachingOperationNameGenerator - Generating unique operation named: getProductListUsingGET_1
2024-05-11 12:35:27.984 [main] INFO  s.d.s.w.r.operation.CachingOperationNameGenerator - Generating unique operation named: getListUsingGET_8
2024-05-11 12:35:27.994 [main] INFO  s.d.s.w.r.operation.CachingOperationNameGenerator - Generating unique operation named: addUsingPOST_1
2024-05-11 12:35:27.995 [main] INFO  s.d.s.w.r.operation.CachingOperationNameGenerator - Generating unique operation named: deleteUsingPOST_2
2024-05-11 12:35:28.002 [main] INFO  s.d.s.w.r.operation.CachingOperationNameGenerator - Generating unique operation named: getListUsingGET_9
2024-05-11 12:35:28.003 [main] INFO  s.d.s.w.r.operation.CachingOperationNameGenerator - Generating unique operation named: infoUsingGET_2
2024-05-11 12:35:28.041 [main] INFO  s.d.s.w.r.operation.CachingOperationNameGenerator - Generating unique operation named: deleteUsingPOST_3
2024-05-11 12:35:28.045 [main] INFO  s.d.s.w.r.operation.CachingOperationNameGenerator - Generating unique operation named: getListUsingGET_10
2024-05-11 12:35:28.107 [main] INFO  s.d.s.w.r.operation.CachingOperationNameGenerator - Generating unique operation named: getListUsingGET_11
2024-05-11 12:35:28.156 [main] INFO  s.d.spring.web.scanners.ApiListingReferenceScanner - Scanning for api listing references
2024-05-11 12:35:28.172 [main] INFO  org.apache.coyote.http11.Http11NioProtocol - Starting ProtocolHandler ["http-nio-8182"]
2024-05-11 12:35:28.200 [main] INFO  o.s.boot.web.embedded.tomcat.TomcatWebServer - Tomcat started on port(s): 8182 (http) with context path ''
2024-05-11 12:35:28.203 [main] INFO  com.jbp.front.JbpFrontApplication - Started JbpFrontApplication in 18.848 seconds (JVM running for 19.195)
2024-05-11 12:35:28.239 [main] INFO  com.jbp.service.service.impl.YopServiceImpl - 易宝请求参数{"merchantNo":["10090108498"]}
