2024-03-05 15:54:04.292 [task-executor-5] ERROR com.jbp.service.service.impl.PayServiceImpl - OrderTaskServiceImpl.orderPaySuccessAfter | 商户订单信息不存在,orderNo: PT807170910667612573741
2024-03-05 15:54:04.321 [task-executor-5] ERROR com.jbp.service.service.impl.OrderTaskServiceImpl - order pay task error exception : 商户订单信息不存在，orderNo: PT807170910667612573741
2024-03-05 15:54:05.951 [task-executor-8] ERROR c.j.a.task.wechat.live.AsyncWechatLiveGoodsTask - AsyncWechatLiveGoodsTask.task | msg : null
2024-03-05 15:54:10.807 [task-executor-14] ERROR com.jbp.service.service.impl.PayServiceImpl - OrderTaskServiceImpl.orderPaySuccessAfter | 商户订单信息不存在,orderNo: PT807170910667612573741
2024-03-05 15:54:10.807 [task-executor-14] ERROR com.jbp.service.service.impl.OrderTaskServiceImpl - order pay task error exception : 商户订单信息不存在，orderNo: PT807170910667612573741
2024-03-05 15:55:05.145 [task-executor-1] ERROR com.jbp.service.service.impl.PayServiceImpl - OrderTaskServiceImpl.orderPaySuccessAfter | 商户订单信息不存在,orderNo: PT807170910667612573741
2024-03-05 15:55:05.149 [task-executor-1] ERROR com.jbp.service.service.impl.OrderTaskServiceImpl - order pay task error exception : 商户订单信息不存在，orderNo: PT807170910667612573741
2024-03-05 15:55:07.341 [task-executor-4] ERROR c.j.a.task.wechat.live.AsyncWechatLiveGoodsTask - AsyncWechatLiveGoodsTask.task | msg : null
2024-03-05 15:56:59.737 [quartzScheduler_Worker-1] ERROR org.quartz.core.JobRunShell - Job DEFAULT.TASK_3 threw an unhandled Exception: 
org.springframework.beans.factory.BeanCreationNotAllowedException: Error creating bean with name 'taskExecutor': Singleton bean creation not allowed while singletons of this factory are in destruction (Do not request a bean from a BeanFactory in a destroy method implementation!)
	at org.springframework.beans.factory.support.DefaultSingletonBeanRegistry.getSingleton(DefaultSingletonBeanRegistry.java:208)
	at org.springframework.beans.factory.support.AbstractBeanFactory.doGetBean(AbstractBeanFactory.java:321)
	at org.springframework.beans.factory.support.AbstractBeanFactory.getBean(AbstractBeanFactory.java:207)
	at org.springframework.aop.interceptor.AsyncExecutionAspectSupport.getDefaultExecutor(AsyncExecutionAspectSupport.java:238)
	at org.springframework.aop.interceptor.AsyncExecutionInterceptor.getDefaultExecutor(AsyncExecutionInterceptor.java:157)
	at org.springframework.aop.interceptor.AsyncExecutionAspectSupport.lambda$configure$2(AsyncExecutionAspectSupport.java:119)
	at org.springframework.util.function.SingletonSupplier.get(SingletonSupplier.java:100)
	at org.springframework.aop.interceptor.AsyncExecutionAspectSupport.determineAsyncExecutor(AsyncExecutionAspectSupport.java:172)
	at org.springframework.aop.interceptor.AsyncExecutionInterceptor.invoke(AsyncExecutionInterceptor.java:107)
	at org.springframework.aop.framework.ReflectiveMethodInvocation.proceed(ReflectiveMethodInvocation.java:186)
	at org.springframework.aop.framework.CglibAopProxy$CglibMethodInvocation.proceed(CglibAopProxy.java:749)
	at org.springframework.aop.framework.CglibAopProxy$DynamicAdvisedInterceptor.intercept(CglibAopProxy.java:691)
	at com.jbp.admin.quartz.SysJobListener$$EnhancerBySpringCGLIB$$652b35cc.scheduleJobEventListener(<generated>)
	at sun.reflect.NativeMethodAccessorImpl.invoke0(Native Method)
	at sun.reflect.NativeMethodAccessorImpl.invoke(NativeMethodAccessorImpl.java:62)
	at sun.reflect.DelegatingMethodAccessorImpl.invoke(DelegatingMethodAccessorImpl.java:43)
	at java.lang.reflect.Method.invoke(Method.java:498)
	at org.springframework.context.event.ApplicationListenerMethodAdapter.doInvoke(ApplicationListenerMethodAdapter.java:305)
	at org.springframework.context.event.ApplicationListenerMethodAdapter.processEvent(ApplicationListenerMethodAdapter.java:190)
	at org.springframework.context.event.ApplicationListenerMethodAdapter.onApplicationEvent(ApplicationListenerMethodAdapter.java:153)
	at org.springframework.context.event.SimpleApplicationEventMulticaster.doInvokeListener(SimpleApplicationEventMulticaster.java:172)
	at org.springframework.context.event.SimpleApplicationEventMulticaster.invokeListener(SimpleApplicationEventMulticaster.java:165)
	at org.springframework.context.event.SimpleApplicationEventMulticaster.multicastEvent(SimpleApplicationEventMulticaster.java:139)
	at org.springframework.context.support.AbstractApplicationContext.publishEvent(AbstractApplicationContext.java:403)
	at org.springframework.context.support.AbstractApplicationContext.publishEvent(AbstractApplicationContext.java:373)
	at com.jbp.admin.quartz.QuartzJob.execute(QuartzJob.java:34)
	at org.quartz.core.JobRunShell.run(JobRunShell.java:202)
	at org.quartz.simpl.SimpleThreadPool$WorkerThread.run(SimpleThreadPool.java:573)
2024-03-05 15:56:59.739 [quartzScheduler_Worker-1] ERROR org.quartz.core.ErrorLogger - Job (DEFAULT.TASK_3 threw an exception.
org.quartz.SchedulerException: Job threw an unhandled exception.
	at org.quartz.core.JobRunShell.run(JobRunShell.java:213)
	at org.quartz.simpl.SimpleThreadPool$WorkerThread.run(SimpleThreadPool.java:573)
Caused by: org.springframework.beans.factory.BeanCreationNotAllowedException: Error creating bean with name 'taskExecutor': Singleton bean creation not allowed while singletons of this factory are in destruction (Do not request a bean from a BeanFactory in a destroy method implementation!)
	at org.springframework.beans.factory.support.DefaultSingletonBeanRegistry.getSingleton(DefaultSingletonBeanRegistry.java:208)
	at org.springframework.beans.factory.support.AbstractBeanFactory.doGetBean(AbstractBeanFactory.java:321)
	at org.springframework.beans.factory.support.AbstractBeanFactory.getBean(AbstractBeanFactory.java:207)
	at org.springframework.aop.interceptor.AsyncExecutionAspectSupport.getDefaultExecutor(AsyncExecutionAspectSupport.java:238)
	at org.springframework.aop.interceptor.AsyncExecutionInterceptor.getDefaultExecutor(AsyncExecutionInterceptor.java:157)
	at org.springframework.aop.interceptor.AsyncExecutionAspectSupport.lambda$configure$2(AsyncExecutionAspectSupport.java:119)
	at org.springframework.util.function.SingletonSupplier.get(SingletonSupplier.java:100)
	at org.springframework.aop.interceptor.AsyncExecutionAspectSupport.determineAsyncExecutor(AsyncExecutionAspectSupport.java:172)
	at org.springframework.aop.interceptor.AsyncExecutionInterceptor.invoke(AsyncExecutionInterceptor.java:107)
	at org.springframework.aop.framework.ReflectiveMethodInvocation.proceed(ReflectiveMethodInvocation.java:186)
	at org.springframework.aop.framework.CglibAopProxy$CglibMethodInvocation.proceed(CglibAopProxy.java:749)
	at org.springframework.aop.framework.CglibAopProxy$DynamicAdvisedInterceptor.intercept(CglibAopProxy.java:691)
	at com.jbp.admin.quartz.SysJobListener$$EnhancerBySpringCGLIB$$652b35cc.scheduleJobEventListener(<generated>)
	at sun.reflect.NativeMethodAccessorImpl.invoke0(Native Method)
	at sun.reflect.NativeMethodAccessorImpl.invoke(NativeMethodAccessorImpl.java:62)
	at sun.reflect.DelegatingMethodAccessorImpl.invoke(DelegatingMethodAccessorImpl.java:43)
	at java.lang.reflect.Method.invoke(Method.java:498)
	at org.springframework.context.event.ApplicationListenerMethodAdapter.doInvoke(ApplicationListenerMethodAdapter.java:305)
	at org.springframework.context.event.ApplicationListenerMethodAdapter.processEvent(ApplicationListenerMethodAdapter.java:190)
	at org.springframework.context.event.ApplicationListenerMethodAdapter.onApplicationEvent(ApplicationListenerMethodAdapter.java:153)
	at org.springframework.context.event.SimpleApplicationEventMulticaster.doInvokeListener(SimpleApplicationEventMulticaster.java:172)
	at org.springframework.context.event.SimpleApplicationEventMulticaster.invokeListener(SimpleApplicationEventMulticaster.java:165)
	at org.springframework.context.event.SimpleApplicationEventMulticaster.multicastEvent(SimpleApplicationEventMulticaster.java:139)
	at org.springframework.context.support.AbstractApplicationContext.publishEvent(AbstractApplicationContext.java:403)
	at org.springframework.context.support.AbstractApplicationContext.publishEvent(AbstractApplicationContext.java:373)
	at com.jbp.admin.quartz.QuartzJob.execute(QuartzJob.java:34)
	at org.quartz.core.JobRunShell.run(JobRunShell.java:202)
	... 1 common frames omitted
2024-03-05 15:56:59.743 [quartzScheduler_Worker-1] ERROR org.quartz.simpl.SimpleThreadPool - Error while executing the Runnable: 
java.lang.IllegalStateException: JobStore is shutdown - aborting retry
	at org.quartz.impl.jdbcjobstore.JobStoreSupport.retryExecuteInNonManagedTXLock(JobStoreSupport.java:3833)
	at org.quartz.impl.jdbcjobstore.JobStoreSupport.triggeredJobComplete(JobStoreSupport.java:3116)
	at org.quartz.core.QuartzScheduler.notifyJobStoreJobComplete(QuartzScheduler.java:1786)
	at org.quartz.core.JobRunShell.run(JobRunShell.java:269)
	at org.quartz.simpl.SimpleThreadPool$WorkerThread.run(SimpleThreadPool.java:573)
2024-03-05 16:00:02.868 [task-executor-5] ERROR com.jbp.service.service.impl.OrderTaskServiceImpl - order pay task error exception : 订单:PT807170910667612573741, 支付成功后置处理已经完成
