2023-12-26 21:55:43.889 [main] INFO  com.jbp.front.JbpFrontApplication - Starting JbpFrontApplication on DESKTOP-N1KDDDI with PID 18100 (E:\work\workspace\jbp\jbp-front\target\classes started by Think in E:\work\workspace\jbp\jbp-front)
2023-12-26 21:55:43.892 [main] INFO  com.jbp.front.JbpFrontApplication - No active profile set, falling back to default profiles: default
2023-12-26 21:55:46.236 [main] INFO  o.s.d.r.config.RepositoryConfigurationDelegate - Multiple Spring Data modules found, entering strict repository configuration mode!
2023-12-26 21:55:46.240 [main] INFO  o.s.d.r.config.RepositoryConfigurationDelegate - Bootstrapping Spring Data Redis repositories in DEFAULT mode.
2023-12-26 21:55:46.277 [main] INFO  o.s.d.r.config.RepositoryConfigurationDelegate - Finished Spring Data repository scanning in 14ms. Found 0 Redis repository interfaces.
2023-12-26 21:55:48.344 [main] INFO  o.s.boot.web.embedded.tomcat.TomcatWebServer - Tomcat initialized with port(s): 8182 (http)
2023-12-26 21:55:48.357 [main] INFO  org.apache.coyote.http11.Http11NioProtocol - Initializing ProtocolHandler ["http-nio-8182"]
2023-12-26 21:55:48.357 [main] INFO  org.apache.catalina.core.StandardService - Starting service [Tomcat]
2023-12-26 21:55:48.358 [main] INFO  org.apache.catalina.core.StandardEngine - Starting Servlet engine: [Apache Tomcat/9.0.33]
2023-12-26 21:55:48.728 [main] INFO  org.apache.jasper.servlet.TldScanner - At least one JAR was scanned for TLDs yet contained no TLDs. Enable debug logging for this logger for a complete list of JARs that were scanned but no TLDs were found in them. Skipping unneeded JARs during scanning can improve startup time and JSP compilation time.
2023-12-26 21:55:48.734 [main] INFO  o.a.c.core.ContainerBase.[Tomcat].[localhost].[/] - Initializing Spring embedded WebApplicationContext
2023-12-26 21:55:48.734 [main] INFO  org.springframework.web.context.ContextLoader - Root WebApplicationContext: initialization completed in 4766 ms
2023-12-26 21:55:57.051 [main] INFO  org.redisson.Version - Redisson 3.14.1
2023-12-26 21:56:00.111 [main] INFO  com.alibaba.druid.pool.DruidDataSource - {dataSource-0} closing ...
2023-12-26 21:56:00.116 [main] INFO  org.apache.catalina.core.StandardService - Stopping service [Tomcat]
2023-12-26 21:57:23.318 [main] INFO  com.jbp.front.JbpFrontApplication - Starting JbpFrontApplication on DESKTOP-N1KDDDI with PID 19972 (E:\work\workspace\jbp\jbp-front\target\classes started by Think in E:\work\workspace\jbp\jbp-front)
2023-12-26 21:57:23.321 [main] INFO  com.jbp.front.JbpFrontApplication - No active profile set, falling back to default profiles: default
2023-12-26 21:57:25.319 [main] INFO  o.s.d.r.config.RepositoryConfigurationDelegate - Multiple Spring Data modules found, entering strict repository configuration mode!
2023-12-26 21:57:25.323 [main] INFO  o.s.d.r.config.RepositoryConfigurationDelegate - Bootstrapping Spring Data Redis repositories in DEFAULT mode.
2023-12-26 21:57:25.355 [main] INFO  o.s.d.r.config.RepositoryConfigurationDelegate - Finished Spring Data repository scanning in 12ms. Found 0 Redis repository interfaces.
2023-12-26 21:57:27.408 [main] INFO  o.s.boot.web.embedded.tomcat.TomcatWebServer - Tomcat initialized with port(s): 8182 (http)
2023-12-26 21:57:27.421 [main] INFO  org.apache.coyote.http11.Http11NioProtocol - Initializing ProtocolHandler ["http-nio-8182"]
2023-12-26 21:57:27.421 [main] INFO  org.apache.catalina.core.StandardService - Starting service [Tomcat]
2023-12-26 21:57:27.421 [main] INFO  org.apache.catalina.core.StandardEngine - Starting Servlet engine: [Apache Tomcat/9.0.33]
2023-12-26 21:57:27.749 [main] INFO  org.apache.jasper.servlet.TldScanner - At least one JAR was scanned for TLDs yet contained no TLDs. Enable debug logging for this logger for a complete list of JARs that were scanned but no TLDs were found in them. Skipping unneeded JARs during scanning can improve startup time and JSP compilation time.
2023-12-26 21:57:27.755 [main] INFO  o.a.c.core.ContainerBase.[Tomcat].[localhost].[/] - Initializing Spring embedded WebApplicationContext
2023-12-26 21:57:27.755 [main] INFO  org.springframework.web.context.ContextLoader - Root WebApplicationContext: initialization completed in 4363 ms
2023-12-26 21:57:36.818 [main] INFO  org.redisson.Version - Redisson 3.14.1
2023-12-26 21:57:38.059 [redisson-netty-2-13] INFO  o.r.connection.pool.MasterPubSubConnectionPool - 1 connections initialized for /127.0.0.1:6379
2023-12-26 21:57:38.102 [redisson-netty-2-18] INFO  org.redisson.connection.pool.MasterConnectionPool - 24 connections initialized for /127.0.0.1:6379
2023-12-26 21:57:38.794 [main] INFO  c.j.front.config.AjCaptchaServiceAutoConfiguration - 自定义配置项：
AjCaptchaProperties{type=DEFAULT, jigsaw='', picClick='', waterMark='Jbp Java', waterFont='WenQuanZhengHei.ttf', fontType='WenQuanZhengHei.ttf', slipOffset='5', aesStatus=true, interferenceOptions='2', cacheNumber='1000', timingClear='180', cacheType=local, reqFrequencyLimitEnable=false, reqGetLockLimit=5, reqGetLockSeconds=300, reqGetMinuteLimit=360, reqCheckMinuteLimit=60, reqVerifyMinuteLimit=60}
2023-12-26 21:57:38.800 [main] INFO  c.jbp.front.service.captcha.CaptchaServiceFactory - supported-captchaCache-service:[local]
2023-12-26 21:57:38.805 [main] INFO  c.jbp.front.service.captcha.CaptchaServiceFactory - supported-captchaTypes-service:[clickWord, default, blockPuzzle]
2023-12-26 21:57:38.837 [main] INFO  com.jbp.common.captcha.util.ImageUtils - 初始化底图:[SLIDING_BLOCK=[Ljava.lang.String;@604e8a6, ORIGINAL=[Ljava.lang.String;@5bc44d78, PIC_CLICK=[Ljava.lang.String;@2f408960]
2023-12-26 21:57:38.837 [main] INFO  c.j.f.s.captcha.impl.ClickWordCaptchaServiceImpl - --->>>初始化验证码底图<<<---clickWord
2023-12-26 21:57:38.885 [main] INFO  c.j.f.s.captcha.impl.ClickWordCaptchaServiceImpl - 初始化local缓存...
2023-12-26 21:57:38.906 [main] INFO  com.jbp.common.captcha.util.ImageUtils - 初始化底图:[SLIDING_BLOCK=[Ljava.lang.String;@3891db3a, ORIGINAL=[Ljava.lang.String;@4a778943, PIC_CLICK=[Ljava.lang.String;@7925e772]
2023-12-26 21:57:38.907 [main] INFO  c.j.f.s.captcha.impl.BlockPuzzleCaptchaServiceImpl - --->>>初始化验证码底图<<<---blockPuzzle
2023-12-26 21:57:38.924 [main] INFO  c.j.f.s.captcha.impl.BlockPuzzleCaptchaServiceImpl - 初始化local缓存...
2023-12-26 21:57:40.653 [main] INFO  o.s.b.actuate.endpoint.web.EndpointLinksResolver - Exposing 2 endpoint(s) beneath base path '/actuator'
2023-12-26 21:57:40.942 [main] INFO  o.s.security.web.DefaultSecurityFilterChain - Creating filter chain: any request, [org.springframework.security.web.context.request.async.WebAsyncManagerIntegrationFilter@9be2897, org.springframework.security.web.context.SecurityContextPersistenceFilter@1912ba29, org.springframework.security.web.header.HeaderWriterFilter@32cfd722, org.springframework.security.web.authentication.logout.LogoutFilter@4b38d912, org.springframework.security.web.savedrequest.RequestCacheAwareFilter@62b72289, org.springframework.security.web.servletapi.SecurityContextHolderAwareRequestFilter@e8ef60b, org.springframework.security.web.authentication.AnonymousAuthenticationFilter@3e1c566d, org.springframework.security.web.session.SessionManagementFilter@381ed137, org.springframework.security.web.access.ExceptionTranslationFilter@3d837af7, org.springframework.security.web.access.intercept.FilterSecurityInterceptor@795ce9b5]
2023-12-26 21:57:40.965 [main] INFO  s.d.s.w.PropertySourcedRequestMappingHandlerMapping - Mapped URL path [/v2/api-docs] onto method [springfox.documentation.swagger2.web.Swagger2Controller#getDocumentation(String, HttpServletRequest)]
2023-12-26 21:57:40.988 [main] INFO  o.s.scheduling.concurrent.ThreadPoolTaskExecutor - Initializing ExecutorService
2023-12-26 21:57:40.988 [main] INFO  o.s.scheduling.concurrent.ThreadPoolTaskExecutor - Initializing ExecutorService 'taskExecutor'
2023-12-26 21:57:41.680 [main] INFO  s.d.s.web.plugins.DocumentationPluginsBootstrapper - Context refreshed
2023-12-26 21:57:41.955 [main] INFO  s.d.s.web.plugins.DocumentationPluginsBootstrapper - Found 2 custom documentation plugin(s)
2023-12-26 21:57:42.007 [main] INFO  s.d.spring.web.scanners.ApiListingReferenceScanner - Scanning for api listing references
2023-12-26 21:57:42.316 [main] INFO  s.d.s.w.r.operation.CachingOperationNameGenerator - Generating unique operation named: getListUsingGET_1
2023-12-26 21:57:42.382 [main] INFO  s.d.s.w.r.operation.CachingOperationNameGenerator - Generating unique operation named: getListUsingGET_2
2023-12-26 21:57:42.409 [main] INFO  s.d.s.w.r.operation.CachingOperationNameGenerator - Generating unique operation named: getListUsingGET_3
2023-12-26 21:57:42.583 [main] INFO  s.d.s.w.r.operation.CachingOperationNameGenerator - Generating unique operation named: getListUsingGET_4
2023-12-26 21:57:42.590 [main] INFO  s.d.s.w.r.operation.CachingOperationNameGenerator - Generating unique operation named: getListUsingGET_5
2023-12-26 21:57:42.702 [main] INFO  s.d.s.w.r.operation.CachingOperationNameGenerator - Generating unique operation named: getIndexInfoUsingGET_1
2023-12-26 21:57:42.734 [main] INFO  s.d.s.w.r.operation.CachingOperationNameGenerator - Generating unique operation named: deleteUsingPOST_1
2023-12-26 21:57:42.802 [main] INFO  s.d.s.w.r.operation.CachingOperationNameGenerator - Generating unique operation named: infoUsingGET_1
2023-12-26 21:57:42.840 [main] INFO  s.d.s.w.r.operation.CachingOperationNameGenerator - Generating unique operation named: getIndexInfoUsingGET_2
2023-12-26 21:57:42.879 [main] INFO  s.d.s.w.r.operation.CachingOperationNameGenerator - Generating unique operation named: getDetailUsingGET_1
2023-12-26 21:57:42.884 [main] INFO  s.d.s.w.r.operation.CachingOperationNameGenerator - Generating unique operation named: getListUsingGET_6
2023-12-26 21:57:43.032 [main] INFO  s.d.s.w.r.operation.CachingOperationNameGenerator - Generating unique operation named: getProductListUsingGET_1
2023-12-26 21:57:43.037 [main] INFO  s.d.s.w.r.operation.CachingOperationNameGenerator - Generating unique operation named: getListUsingGET_7
2023-12-26 21:57:43.045 [main] INFO  s.d.s.w.r.operation.CachingOperationNameGenerator - Generating unique operation named: addUsingPOST_1
2023-12-26 21:57:43.046 [main] INFO  s.d.s.w.r.operation.CachingOperationNameGenerator - Generating unique operation named: deleteUsingPOST_2
2023-12-26 21:57:43.054 [main] INFO  s.d.s.w.r.operation.CachingOperationNameGenerator - Generating unique operation named: getListUsingGET_8
2023-12-26 21:57:43.056 [main] INFO  s.d.s.w.r.operation.CachingOperationNameGenerator - Generating unique operation named: infoUsingGET_2
2023-12-26 21:57:43.125 [main] INFO  s.d.s.w.r.operation.CachingOperationNameGenerator - Generating unique operation named: deleteUsingPOST_3
2023-12-26 21:57:43.129 [main] INFO  s.d.s.w.r.operation.CachingOperationNameGenerator - Generating unique operation named: getListUsingGET_9
2023-12-26 21:57:43.205 [main] INFO  s.d.spring.web.scanners.ApiListingReferenceScanner - Scanning for api listing references
2023-12-26 21:57:43.223 [main] INFO  org.apache.coyote.http11.Http11NioProtocol - Starting ProtocolHandler ["http-nio-8182"]
2023-12-26 21:57:43.267 [main] INFO  o.s.boot.web.embedded.tomcat.TomcatWebServer - Tomcat started on port(s): 8182 (http) with context path ''
2023-12-26 21:57:43.271 [main] INFO  com.jbp.front.JbpFrontApplication - Started JbpFrontApplication in 20.729 seconds (JVM running for 21.431)
2023-12-26 22:05:39.351 [http-nio-8182-exec-1] INFO  o.a.c.core.ContainerBase.[Tomcat].[localhost].[/] - Initializing Spring DispatcherServlet 'dispatcherServlet'
2023-12-26 22:05:39.351 [http-nio-8182-exec-1] INFO  org.springframework.web.servlet.DispatcherServlet - Initializing Servlet 'dispatcherServlet'
2023-12-26 22:05:39.369 [http-nio-8182-exec-1] INFO  org.springframework.web.servlet.DispatcherServlet - Completed initialization in 18 ms
2023-12-26 22:05:39.710 [http-nio-8182-exec-13] INFO  com.alibaba.druid.pool.DruidDataSource - {dataSource-1} inited
2023-12-26 22:06:08.130 [http-nio-8182-exec-9] INFO  com.jbp.common.encryptapi.CryptoConfig - Pre-encrypted data：{"code":500,"message":"签名错误","data":null}，After encryption：Mo+G5GJBO0FdnlkrCUkMHzGqoxYj1ISfScdNhQhjhWbBA7Jo4Y8Y2mVaDwRKsDkkZFKN65aqEas=
2023-12-26 22:06:37.687 [http-nio-8182-exec-7] INFO  com.jbp.common.encryptapi.CryptoConfig - Pre-encrypted data：{"code":500,"message":"签名错误","data":null}，After encryption：Mo+G5GJBO0FdnlkrCUkMHzGqoxYj1ISfScdNhQhjhWbBA7Jo4Y8Y2mVaDwRKsDkkZFKN65aqEas=
2023-12-26 22:06:38.586 [http-nio-8182-exec-8] INFO  com.jbp.common.encryptapi.CryptoConfig - Pre-encrypted data：{"code":500,"message":"签名错误","data":null}，After encryption：Mo+G5GJBO0FdnlkrCUkMHzGqoxYj1ISfScdNhQhjhWbBA7Jo4Y8Y2mVaDwRKsDkkZFKN65aqEas=
2023-12-26 22:06:39.074 [http-nio-8182-exec-11] INFO  com.jbp.common.encryptapi.CryptoConfig - Pre-encrypted data：{"code":500,"message":"签名错误","data":null}，After encryption：Mo+G5GJBO0FdnlkrCUkMHzGqoxYj1ISfScdNhQhjhWbBA7Jo4Y8Y2mVaDwRKsDkkZFKN65aqEas=
2023-12-26 22:06:39.281 [http-nio-8182-exec-10] INFO  com.jbp.common.encryptapi.CryptoConfig - Pre-encrypted data：{"code":500,"message":"签名错误","data":null}，After encryption：Mo+G5GJBO0FdnlkrCUkMHzGqoxYj1ISfScdNhQhjhWbBA7Jo4Y8Y2mVaDwRKsDkkZFKN65aqEas=
2023-12-26 22:06:39.528 [http-nio-8182-exec-17] INFO  com.jbp.common.encryptapi.CryptoConfig - Pre-encrypted data：{"code":500,"message":"签名错误","data":null}，After encryption：Mo+G5GJBO0FdnlkrCUkMHzGqoxYj1ISfScdNhQhjhWbBA7Jo4Y8Y2mVaDwRKsDkkZFKN65aqEas=
2023-12-26 22:06:39.822 [http-nio-8182-exec-16] INFO  com.jbp.common.encryptapi.CryptoConfig - Pre-encrypted data：{"code":500,"message":"签名错误","data":null}，After encryption：Mo+G5GJBO0FdnlkrCUkMHzGqoxYj1ISfScdNhQhjhWbBA7Jo4Y8Y2mVaDwRKsDkkZFKN65aqEas=
2023-12-26 22:06:40.021 [http-nio-8182-exec-18] INFO  com.jbp.common.encryptapi.CryptoConfig - Pre-encrypted data：{"code":500,"message":"签名错误","data":null}，After encryption：Mo+G5GJBO0FdnlkrCUkMHzGqoxYj1ISfScdNhQhjhWbBA7Jo4Y8Y2mVaDwRKsDkkZFKN65aqEas=
2023-12-26 22:06:40.408 [http-nio-8182-exec-24] INFO  com.jbp.common.encryptapi.CryptoConfig - Pre-encrypted data：{"code":500,"message":"签名错误","data":null}，After encryption：Mo+G5GJBO0FdnlkrCUkMHzGqoxYj1ISfScdNhQhjhWbBA7Jo4Y8Y2mVaDwRKsDkkZFKN65aqEas=
2023-12-26 22:06:40.607 [http-nio-8182-exec-22] INFO  com.jbp.common.encryptapi.CryptoConfig - Pre-encrypted data：{"code":500,"message":"签名错误","data":null}，After encryption：Mo+G5GJBO0FdnlkrCUkMHzGqoxYj1ISfScdNhQhjhWbBA7Jo4Y8Y2mVaDwRKsDkkZFKN65aqEas=
2023-12-26 22:06:54.983 [main] INFO  com.jbp.front.JbpFrontApplication - Starting JbpFrontApplication on DESKTOP-N1KDDDI with PID 18596 (E:\work\workspace\jbp\jbp-front\target\classes started by Think in E:\work\workspace\jbp\jbp-front)
2023-12-26 22:06:54.984 [main] INFO  com.jbp.front.JbpFrontApplication - No active profile set, falling back to default profiles: default
2023-12-26 22:06:56.825 [main] INFO  o.s.d.r.config.RepositoryConfigurationDelegate - Multiple Spring Data modules found, entering strict repository configuration mode!
2023-12-26 22:06:56.828 [main] INFO  o.s.d.r.config.RepositoryConfigurationDelegate - Bootstrapping Spring Data Redis repositories in DEFAULT mode.
2023-12-26 22:06:56.850 [main] INFO  o.s.d.r.config.RepositoryConfigurationDelegate - Finished Spring Data repository scanning in 8ms. Found 0 Redis repository interfaces.
2023-12-26 22:06:58.706 [main] INFO  o.s.boot.web.embedded.tomcat.TomcatWebServer - Tomcat initialized with port(s): 8182 (http)
2023-12-26 22:06:58.717 [main] INFO  org.apache.coyote.http11.Http11NioProtocol - Initializing ProtocolHandler ["http-nio-8182"]
2023-12-26 22:06:58.718 [main] INFO  org.apache.catalina.core.StandardService - Starting service [Tomcat]
2023-12-26 22:06:58.718 [main] INFO  org.apache.catalina.core.StandardEngine - Starting Servlet engine: [Apache Tomcat/9.0.33]
2023-12-26 22:06:59.013 [main] INFO  org.apache.jasper.servlet.TldScanner - At least one JAR was scanned for TLDs yet contained no TLDs. Enable debug logging for this logger for a complete list of JARs that were scanned but no TLDs were found in them. Skipping unneeded JARs during scanning can improve startup time and JSP compilation time.
2023-12-26 22:06:59.017 [main] INFO  o.a.c.core.ContainerBase.[Tomcat].[localhost].[/] - Initializing Spring embedded WebApplicationContext
2023-12-26 22:06:59.017 [main] INFO  org.springframework.web.context.ContextLoader - Root WebApplicationContext: initialization completed in 3988 ms
2023-12-26 22:07:13.623 [main] INFO  org.redisson.Version - Redisson 3.14.1
2023-12-26 22:07:15.925 [redisson-netty-2-23] INFO  o.r.connection.pool.MasterPubSubConnectionPool - 1 connections initialized for /127.0.0.1:6379
2023-12-26 22:07:15.956 [redisson-netty-2-19] INFO  org.redisson.connection.pool.MasterConnectionPool - 24 connections initialized for /127.0.0.1:6379
2023-12-26 22:07:17.108 [main] INFO  c.j.front.config.AjCaptchaServiceAutoConfiguration - 自定义配置项：
AjCaptchaProperties{type=DEFAULT, jigsaw='', picClick='', waterMark='Jbp Java', waterFont='WenQuanZhengHei.ttf', fontType='WenQuanZhengHei.ttf', slipOffset='5', aesStatus=true, interferenceOptions='2', cacheNumber='1000', timingClear='180', cacheType=local, reqFrequencyLimitEnable=false, reqGetLockLimit=5, reqGetLockSeconds=300, reqGetMinuteLimit=360, reqCheckMinuteLimit=60, reqVerifyMinuteLimit=60}
2023-12-26 22:07:17.121 [main] INFO  c.jbp.front.service.captcha.CaptchaServiceFactory - supported-captchaCache-service:[local]
2023-12-26 22:07:17.128 [main] INFO  c.jbp.front.service.captcha.CaptchaServiceFactory - supported-captchaTypes-service:[clickWord, default, blockPuzzle]
2023-12-26 22:07:17.154 [main] INFO  com.jbp.common.captcha.util.ImageUtils - 初始化底图:[SLIDING_BLOCK=[Ljava.lang.String;@fe13916, ORIGINAL=[Ljava.lang.String;@5ea0a7a9, PIC_CLICK=[Ljava.lang.String;@278c998]
2023-12-26 22:07:17.155 [main] INFO  c.j.f.s.captcha.impl.ClickWordCaptchaServiceImpl - --->>>初始化验证码底图<<<---clickWord
2023-12-26 22:07:17.263 [main] INFO  c.j.f.s.captcha.impl.ClickWordCaptchaServiceImpl - 初始化local缓存...
2023-12-26 22:07:17.324 [main] INFO  com.jbp.common.captcha.util.ImageUtils - 初始化底图:[SLIDING_BLOCK=[Ljava.lang.String;@16cb6f51, ORIGINAL=[Ljava.lang.String;@3fc5d397, PIC_CLICK=[Ljava.lang.String;@25c8c71e]
2023-12-26 22:07:17.324 [main] INFO  c.j.f.s.captcha.impl.BlockPuzzleCaptchaServiceImpl - --->>>初始化验证码底图<<<---blockPuzzle
2023-12-26 22:07:17.358 [main] INFO  c.j.f.s.captcha.impl.BlockPuzzleCaptchaServiceImpl - 初始化local缓存...
2023-12-26 22:07:21.469 [main] INFO  o.s.b.actuate.endpoint.web.EndpointLinksResolver - Exposing 2 endpoint(s) beneath base path '/actuator'
2023-12-26 22:07:21.985 [main] INFO  o.s.security.web.DefaultSecurityFilterChain - Creating filter chain: any request, [org.springframework.security.web.context.request.async.WebAsyncManagerIntegrationFilter@2809e38a, org.springframework.security.web.context.SecurityContextPersistenceFilter@5d08a65c, org.springframework.security.web.header.HeaderWriterFilter@2de82bf8, org.springframework.security.web.authentication.logout.LogoutFilter@5b9df3b3, org.springframework.security.web.savedrequest.RequestCacheAwareFilter@4d7f9b33, org.springframework.security.web.servletapi.SecurityContextHolderAwareRequestFilter@25f73119, org.springframework.security.web.authentication.AnonymousAuthenticationFilter@b9c9bf5, org.springframework.security.web.session.SessionManagementFilter@4678ec43, org.springframework.security.web.access.ExceptionTranslationFilter@47f416d0, org.springframework.security.web.access.intercept.FilterSecurityInterceptor@498503cb]
2023-12-26 22:07:22.027 [main] INFO  s.d.s.w.PropertySourcedRequestMappingHandlerMapping - Mapped URL path [/v2/api-docs] onto method [springfox.documentation.swagger2.web.Swagger2Controller#getDocumentation(String, HttpServletRequest)]
2023-12-26 22:07:22.076 [main] INFO  o.s.scheduling.concurrent.ThreadPoolTaskExecutor - Initializing ExecutorService
2023-12-26 22:07:22.078 [main] INFO  o.s.scheduling.concurrent.ThreadPoolTaskExecutor - Initializing ExecutorService 'taskExecutor'
2023-12-26 22:07:23.266 [main] INFO  s.d.s.web.plugins.DocumentationPluginsBootstrapper - Context refreshed
2023-12-26 22:07:23.323 [main] INFO  s.d.s.web.plugins.DocumentationPluginsBootstrapper - Found 2 custom documentation plugin(s)
2023-12-26 22:07:23.424 [main] INFO  s.d.spring.web.scanners.ApiListingReferenceScanner - Scanning for api listing references
2023-12-26 22:07:23.871 [main] INFO  s.d.s.w.r.operation.CachingOperationNameGenerator - Generating unique operation named: getListUsingGET_1
2023-12-26 22:07:23.985 [main] INFO  s.d.s.w.r.operation.CachingOperationNameGenerator - Generating unique operation named: getListUsingGET_2
2023-12-26 22:07:24.044 [main] INFO  s.d.s.w.r.operation.CachingOperationNameGenerator - Generating unique operation named: getListUsingGET_3
2023-12-26 22:07:24.376 [main] INFO  s.d.s.w.r.operation.CachingOperationNameGenerator - Generating unique operation named: getListUsingGET_4
2023-12-26 22:07:24.391 [main] INFO  s.d.s.w.r.operation.CachingOperationNameGenerator - Generating unique operation named: getListUsingGET_5
2023-12-26 22:07:24.656 [main] INFO  s.d.s.w.r.operation.CachingOperationNameGenerator - Generating unique operation named: getIndexInfoUsingGET_1
2023-12-26 22:07:24.818 [main] INFO  s.d.s.w.r.operation.CachingOperationNameGenerator - Generating unique operation named: deleteUsingPOST_1
2023-12-26 22:07:24.949 [main] INFO  s.d.s.w.r.operation.CachingOperationNameGenerator - Generating unique operation named: infoUsingGET_1
2023-12-26 22:07:25.037 [main] INFO  s.d.s.w.r.operation.CachingOperationNameGenerator - Generating unique operation named: getIndexInfoUsingGET_2
2023-12-26 22:07:25.117 [main] INFO  s.d.s.w.r.operation.CachingOperationNameGenerator - Generating unique operation named: getDetailUsingGET_1
2023-12-26 22:07:25.127 [main] INFO  s.d.s.w.r.operation.CachingOperationNameGenerator - Generating unique operation named: getListUsingGET_6
2023-12-26 22:07:25.399 [main] INFO  s.d.s.w.r.operation.CachingOperationNameGenerator - Generating unique operation named: getProductListUsingGET_1
2023-12-26 22:07:25.409 [main] INFO  s.d.s.w.r.operation.CachingOperationNameGenerator - Generating unique operation named: getListUsingGET_7
2023-12-26 22:07:25.911 [main] INFO  s.d.s.w.r.operation.CachingOperationNameGenerator - Generating unique operation named: addUsingPOST_1
2023-12-26 22:07:25.917 [main] INFO  s.d.s.w.r.operation.CachingOperationNameGenerator - Generating unique operation named: deleteUsingPOST_2
2023-12-26 22:07:25.929 [main] INFO  s.d.s.w.r.operation.CachingOperationNameGenerator - Generating unique operation named: getListUsingGET_8
2023-12-26 22:07:25.932 [main] INFO  s.d.s.w.r.operation.CachingOperationNameGenerator - Generating unique operation named: infoUsingGET_2
2023-12-26 22:07:26.035 [main] INFO  s.d.s.w.r.operation.CachingOperationNameGenerator - Generating unique operation named: deleteUsingPOST_3
2023-12-26 22:07:26.044 [main] INFO  s.d.s.w.r.operation.CachingOperationNameGenerator - Generating unique operation named: getListUsingGET_9
2023-12-26 22:07:26.165 [main] INFO  s.d.spring.web.scanners.ApiListingReferenceScanner - Scanning for api listing references
2023-12-26 22:07:26.192 [main] INFO  org.apache.coyote.http11.Http11NioProtocol - Starting ProtocolHandler ["http-nio-8182"]
2023-12-26 22:07:26.249 [main] INFO  o.s.boot.web.embedded.tomcat.TomcatWebServer - Tomcat started on port(s): 8182 (http) with context path ''
2023-12-26 22:07:26.254 [main] INFO  com.jbp.front.JbpFrontApplication - Started JbpFrontApplication in 31.913 seconds (JVM running for 32.356)
