[host:] [param:]
				[URL:]

				级别:WARN,类名:com.Jwebmall.business.BusinessSystemChain,时间:2024-06-27 15:42:11,445,输出行:34,输出消息:"businessSystemChain:{"commSystemHandler":{"order":10},"userLevelHandler":{"order":9},"userOrderCourseHandler":{"order":11}}"
-------------------------------------------------------

[host:] [param:]
				[URL:]

				级别:WARN,类名:org.springframework.boot.web.servlet.context.AnnotationConfigServletWebServerApplicationContext,时间:2024-06-27 15:42:11,950,输出行:554,输出消息:"Exception encountered during context initialization - cancelling refresh attempt: org.springframework.beans.factory.BeanCreationException: Error creating bean with name 'xxxSyncUserJOB': Lookup method resolution failed; nested exception is java.lang.IllegalStateException: Failed to introspect Class [com.Jwebmall.job.XxxSyncUserJOB] from ClassLoader [sun.misc.Launcher$AppClassLoader@18b4aac2]"
-------------------------------------------------------

[host:] [param:]
				[URL:]

				级别:WARN,类名:com.Jwebmall.business.BusinessSystemChain,时间:2024-06-27 15:43:49,429,输出行:34,输出消息:"businessSystemChain:{"commSystemHandler":{"order":10},"userLevelHandler":{"order":9},"userOrderCourseHandler":{"order":11}}"
-------------------------------------------------------

[host:] [param:]
				[URL:]

				级别:WARN,类名:org.springframework.boot.autoconfigure.freemarker.FreeMarkerAutoConfiguration,时间:2024-06-27 15:43:59,331,输出行:70,输出消息:"Cannot find template location(s): [classpath:/templates/] (please add some templates, check your FreeMarker configuration, or set spring.freemarker.checkTemplateLocation=false)"
-------------------------------------------------------

[host:] [param:]
				[URL:]

				级别:WARN,类名:com.alibaba.druid.pool.DruidDataSource,时间:2024-06-27 15:43:59,659,输出行:1231,输出消息:"removeAbandoned is true, not use in production."
-------------------------------------------------------

[host:] [param:]
				[URL:]

				级别:WARN,类名:com.Jwebmall.business.BusinessSystemChain,时间:2024-06-27 15:44:57,203,输出行:34,输出消息:"businessSystemChain:{"commSystemHandler":{"order":10},"userLevelHandler":{"order":9},"userOrderCourseHandler":{"order":11}}"
-------------------------------------------------------

[host:] [param:]
				[URL:]

				级别:WARN,类名:org.springframework.boot.autoconfigure.freemarker.FreeMarkerAutoConfiguration,时间:2024-06-27 15:45:05,978,输出行:70,输出消息:"Cannot find template location(s): [classpath:/templates/] (please add some templates, check your FreeMarker configuration, or set spring.freemarker.checkTemplateLocation=false)"
-------------------------------------------------------

[host:] [param:]
				[URL:]

				级别:WARN,类名:com.alibaba.druid.pool.DruidDataSource,时间:2024-06-27 15:45:06,331,输出行:1231,输出消息:"removeAbandoned is true, not use in production."
-------------------------------------------------------

[host:] [param:]
				[URL:]

				级别:WARN,类名:com.Jwebmall.business.BusinessSystemChain,时间:2024-06-27 15:47:07,551,输出行:34,输出消息:"businessSystemChain:{"commSystemHandler":{"order":10},"userLevelHandler":{"order":9},"userOrderCourseHandler":{"order":11}}"
-------------------------------------------------------

[host:] [param:]
				[URL:]

				级别:WARN,类名:org.springframework.boot.autoconfigure.freemarker.FreeMarkerAutoConfiguration,时间:2024-06-27 15:47:16,919,输出行:70,输出消息:"Cannot find template location(s): [classpath:/templates/] (please add some templates, check your FreeMarker configuration, or set spring.freemarker.checkTemplateLocation=false)"
-------------------------------------------------------

[host:] [param:]
				[URL:]

				级别:WARN,类名:com.alibaba.druid.pool.DruidDataSource,时间:2024-06-27 15:47:17,289,输出行:1231,输出消息:"removeAbandoned is true, not use in production."
-------------------------------------------------------

[host:] [param:]
				[URL:]

				级别:WARN,类名:com.Jwebmall.business.BusinessSystemChain,时间:2024-06-27 15:51:21,505,输出行:34,输出消息:"businessSystemChain:{"commSystemHandler":{"order":10},"userLevelHandler":{"order":9},"userOrderCourseHandler":{"order":11}}"
-------------------------------------------------------

[host:] [param:]
				[URL:]

				级别:WARN,类名:org.springframework.boot.autoconfigure.freemarker.FreeMarkerAutoConfiguration,时间:2024-06-27 15:51:32,418,输出行:70,输出消息:"Cannot find template location(s): [classpath:/templates/] (please add some templates, check your FreeMarker configuration, or set spring.freemarker.checkTemplateLocation=false)"
-------------------------------------------------------

[host:] [param:]
				[URL:]

				级别:WARN,类名:com.alibaba.druid.pool.DruidDataSource,时间:2024-06-27 15:51:32,762,输出行:1231,输出消息:"removeAbandoned is true, not use in production."
-------------------------------------------------------

[host:] [param:]
				[URL:]

				级别:WARN,类名:com.Jwebmall.business.BusinessSystemChain,时间:2024-06-27 15:55:33,076,输出行:34,输出消息:"businessSystemChain:{"commSystemHandler":{"order":10},"userLevelHandler":{"order":9},"userOrderCourseHandler":{"order":11}}"
-------------------------------------------------------

[host:] [param:]
				[URL:]

				级别:WARN,类名:org.springframework.boot.autoconfigure.freemarker.FreeMarkerAutoConfiguration,时间:2024-06-27 15:55:41,644,输出行:70,输出消息:"Cannot find template location(s): [classpath:/templates/] (please add some templates, check your FreeMarker configuration, or set spring.freemarker.checkTemplateLocation=false)"
-------------------------------------------------------

[host:] [param:]
				[URL:]

				级别:WARN,类名:com.alibaba.druid.pool.DruidDataSource,时间:2024-06-27 15:55:41,990,输出行:1231,输出消息:"removeAbandoned is true, not use in production."
-------------------------------------------------------

[host:] [param:]
				[URL:]

				级别:WARN,类名:com.Jwebmall.business.BusinessSystemChain,时间:2024-06-27 15:58:09,620,输出行:34,输出消息:"businessSystemChain:{"commSystemHandler":{"order":10},"userLevelHandler":{"order":9},"userOrderCourseHandler":{"order":11}}"
-------------------------------------------------------

[host:] [param:]
				[URL:]

				级别:WARN,类名:org.springframework.boot.autoconfigure.freemarker.FreeMarkerAutoConfiguration,时间:2024-06-27 15:58:18,751,输出行:70,输出消息:"Cannot find template location(s): [classpath:/templates/] (please add some templates, check your FreeMarker configuration, or set spring.freemarker.checkTemplateLocation=false)"
-------------------------------------------------------

[host:] [param:]
				[URL:]

				级别:WARN,类名:com.alibaba.druid.pool.DruidDataSource,时间:2024-06-27 15:58:19,142,输出行:1231,输出消息:"removeAbandoned is true, not use in production."
-------------------------------------------------------

