2024-05-19 16:40:25.761 [main] WARN  com.jbp.service.product.comm.ProductCommChain - ProductCommChain:{"associationCommHandler":{"type":5},"collisionCommHandler":{"type":3},"depthCommHandler":{"type":4},"directInvitationHandler":{"type":1},"indirectCommHandler":{"type":8},"managerCommHandler":{"type":6},"shopCommHandler":{"type":7},"threeRetOneHandler":{"type":2}}
2024-05-19 16:40:26.955 [main] WARN  com.jbp.service.product.profit.ProductProfitChain - ProductProfitChain:{"userActiveHandler":{"type":5},"userCapaHandler":{"type":1},"userCapaXsHandler":{"type":2},"userWalletHandler":{"type":4},"userWhiteHandler":{"type":3}}
2024-05-19 16:40:28.153 [main] WARN  com.jbp.service.condition.ConditionChain - conditionChain:{"capaInviteOneLevelHandler":{"name":"一阶人数升级"},"capaPaymentHandler":{"name":"单笔金额升级"},"capaRepairDifferenceHandler":{"name":"补差金额升级"},"capaXsIsolateLineHandler":{"name":"业绩独立线升星"}}
2024-05-19 16:55:55.894 [main] WARN  com.jbp.service.product.comm.ProductCommChain - ProductCommChain:{"associationCommHandler":{"type":5},"collisionCommHandler":{"type":3},"depthCommHandler":{"type":4},"directInvitationHandler":{"type":1},"indirectCommHandler":{"type":8},"managerCommHandler":{"type":6},"shopCommHandler":{"type":7},"threeRetOneHandler":{"type":2}}
2024-05-19 16:55:57.372 [main] WARN  com.jbp.service.product.profit.ProductProfitChain - ProductProfitChain:{"userActiveHandler":{"type":5},"userCapaHandler":{"type":1},"userCapaXsHandler":{"type":2},"userWalletHandler":{"type":4},"userWhiteHandler":{"type":3}}
2024-05-19 16:55:58.288 [main] WARN  com.jbp.service.condition.ConditionChain - conditionChain:{"capaInviteOneLevelHandler":{"name":"一阶人数升级"},"capaPaymentHandler":{"name":"单笔金额升级"},"capaRepairDifferenceHandler":{"name":"补差金额升级"},"capaXsIsolateLineHandler":{"name":"业绩独立线升星"}}
2024-05-19 16:56:56.714 [main] WARN  com.jbp.service.product.comm.ProductCommChain - ProductCommChain:{"associationCommHandler":{"type":5},"collisionCommHandler":{"type":3},"depthCommHandler":{"type":4},"directInvitationHandler":{"type":1},"indirectCommHandler":{"type":8},"managerCommHandler":{"type":6},"shopCommHandler":{"type":7},"threeRetOneHandler":{"type":2}}
2024-05-19 16:56:57.902 [main] WARN  com.jbp.service.product.profit.ProductProfitChain - ProductProfitChain:{"userActiveHandler":{"type":5},"userCapaHandler":{"type":1},"userCapaXsHandler":{"type":2},"userWalletHandler":{"type":4},"userWhiteHandler":{"type":3}}
2024-05-19 16:56:59.340 [main] WARN  com.jbp.service.condition.ConditionChain - conditionChain:{"capaInviteOneLevelHandler":{"name":"一阶人数升级"},"capaPaymentHandler":{"name":"单笔金额升级"},"capaRepairDifferenceHandler":{"name":"补差金额升级"},"capaXsIsolateLineHandler":{"name":"业绩独立线升星"}}
2024-05-19 17:14:43.907 [main] WARN  com.jbp.service.product.comm.ProductCommChain - ProductCommChain:{"associationCommHandler":{"type":5},"collisionCommHandler":{"type":3},"depthCommHandler":{"type":4},"directInvitationHandler":{"type":1},"indirectCommHandler":{"type":8},"managerCommHandler":{"type":6},"shopCommHandler":{"type":7},"threeRetOneHandler":{"type":2}}
2024-05-19 17:14:45.138 [main] WARN  com.jbp.service.product.profit.ProductProfitChain - ProductProfitChain:{"userActiveHandler":{"type":5},"userCapaHandler":{"type":1},"userCapaXsHandler":{"type":2},"userWalletHandler":{"type":4},"userWhiteHandler":{"type":3}}
2024-05-19 17:14:46.595 [main] WARN  com.jbp.service.condition.ConditionChain - conditionChain:{"capaInviteOneLevelHandler":{"name":"一阶人数升级"},"capaPaymentHandler":{"name":"单笔金额升级"},"capaRepairDifferenceHandler":{"name":"补差金额升级"},"capaXsIsolateLineHandler":{"name":"业绩独立线升星"}}
2024-05-19 17:31:08.447 [main] WARN  com.jbp.service.product.comm.ProductCommChain - ProductCommChain:{"associationCommHandler":{"type":5},"collisionCommHandler":{"type":3},"depthCommHandler":{"type":4},"directInvitationHandler":{"type":1},"indirectCommHandler":{"type":8},"managerCommHandler":{"type":6},"shopCommHandler":{"type":7},"threeRetOneHandler":{"type":2}}
2024-05-19 17:31:09.943 [main] WARN  com.jbp.service.product.profit.ProductProfitChain - ProductProfitChain:{"userActiveHandler":{"type":5},"userCapaHandler":{"type":1},"userCapaXsHandler":{"type":2},"userWalletHandler":{"type":4},"userWhiteHandler":{"type":3}}
2024-05-19 17:31:10.801 [main] WARN  com.jbp.service.condition.ConditionChain - conditionChain:{"capaInviteOneLevelHandler":{"name":"一阶人数升级"},"capaPaymentHandler":{"name":"单笔金额升级"},"capaRepairDifferenceHandler":{"name":"补差金额升级"},"capaXsIsolateLineHandler":{"name":"业绩独立线升星"}}
2024-05-19 17:32:48.039 [main] WARN  com.jbp.service.product.comm.ProductCommChain - ProductCommChain:{"associationCommHandler":{"type":5},"collisionCommHandler":{"type":3},"depthCommHandler":{"type":4},"directInvitationHandler":{"type":1},"indirectCommHandler":{"type":8},"managerCommHandler":{"type":6},"shopCommHandler":{"type":7},"threeRetOneHandler":{"type":2}}
2024-05-19 17:32:49.503 [main] WARN  com.jbp.service.product.profit.ProductProfitChain - ProductProfitChain:{"userActiveHandler":{"type":5},"userCapaHandler":{"type":1},"userCapaXsHandler":{"type":2},"userWalletHandler":{"type":4},"userWhiteHandler":{"type":3}}
2024-05-19 17:32:50.313 [main] WARN  com.jbp.service.condition.ConditionChain - conditionChain:{"capaInviteOneLevelHandler":{"name":"一阶人数升级"},"capaPaymentHandler":{"name":"单笔金额升级"},"capaRepairDifferenceHandler":{"name":"补差金额升级"},"capaXsIsolateLineHandler":{"name":"业绩独立线升星"}}
2024-06-05 13:04:10.354 [main] WARN  com.jbp.service.product.comm.ProductCommChain - ProductCommChain:{"associationCommHandler":{"type":5},"baoDanCommHandler":{"type":18},"capaDifferentialCommHandler":{"type":10},"capaEqualCommHandler":{"type":11},"capaParallelDifferentialCommHandler":{"type":29},"capaPointCommHandler":{"type":12},"capaXsBoleCommHandler":{"type":14},"capaXsDifferentialCommHandler":{"type":13},"capaXsDifferentialNoBoleCommHandler":{"type":24},"capaXsPointComm2Handler":{"type":23},"capaXsPointCommHandler":{"type":22},"collisionCommHandler":{"type":3},"depthCommHandler":{"type":4},"directInvitationHandler":{"type":1},"directInvitationXsHandler":{"type":9},"feelGratefulCapaCommHandler":{"type":27},"groupThreeRetOneHandler":{"type":21},"indirectCommHandler":{"type":8},"lingShouCommHandler":{"type":19},"managerCommHandler":{"type":6},"monthExtCommHandler":{"type":16},"monthGuanLiCommHandler":{"type":25},"monthPyCommHandler":{"type":17},"offlineSubsidyCommHandler":{"type":28},"pingTaiCommHandler":{"type":20},"riseCapaDifferentialCommHandler":{"type":26},"shopComm2Handler":{"type":15},"shopCommHandler":{"type":7},"threeRetOneHandler":{"type":2}}
2024-06-05 13:04:13.365 [main] WARN  com.jbp.service.product.profit.ProductProfitChain - ProductProfitChain:{"clearingVipUserHandler":{"type":6},"userActiveHandler":{"type":5},"userAiServerSnHandler":{"type":9},"userCapaHandler":{"type":1},"userCapaXsHandler":{"type":2},"userServerSnHandler":{"type":7},"userWalletHandler":{"type":4},"userWalletMonthHandler":{"type":8},"userWhiteHandler":{"type":3}}
2024-06-05 13:04:15.134 [main] WARN  com.jbp.service.condition.ConditionChain - conditionChain:{"capaInviteOneLevelHandler":{"name":"一阶人数升级"},"capaIsolateLineHandler":{"name":"邀请独立线升级"},"capaPaymentHandler":{"name":"单笔金额升级"},"capaRepairDifferenceHandler":{"name":"补差金额升级"},"capaXsInvitationLine2Handler":{"name":"邀请独立线多等级升星"},"capaXsInvitationLineHandler":{"name":"邀请独立线升星"},"capaXsInviteOneLevelHandler":{"name":"一阶人数升星"},"capaXsIsolateLineHandler":{"name":"业绩独立线升星"},"capaXsJoinCapaHandler":{"name":"关联等级升星"}}
2024-06-05 13:04:23.080 [main] WARN  s.d.s.w.readers.parameter.ParameterDataTypeReader - Trying to infer dataType org.springframework.ui.ModelMap
2024-06-05 13:04:23.082 [main] WARN  s.d.s.w.readers.parameter.ParameterDataTypeReader - Trying to infer dataType org.springframework.ui.ModelMap
2024-06-05 13:04:23.085 [main] WARN  s.d.s.w.readers.parameter.ParameterDataTypeReader - Trying to infer dataType org.springframework.ui.ModelMap
2024-06-05 13:04:23.086 [main] WARN  s.d.s.w.readers.parameter.ParameterDataTypeReader - Trying to infer dataType org.springframework.ui.ModelMap
2024-06-05 13:04:23.086 [main] WARN  s.d.s.w.readers.parameter.ParameterDataTypeReader - Trying to infer dataType org.springframework.ui.ModelMap
2024-06-05 13:04:23.088 [main] WARN  s.d.s.w.readers.parameter.ParameterDataTypeReader - Trying to infer dataType org.springframework.ui.ModelMap
2024-06-05 13:04:23.090 [main] WARN  s.d.s.w.readers.parameter.ParameterDataTypeReader - Trying to infer dataType org.springframework.ui.ModelMap
2024-06-05 13:04:23.091 [main] WARN  s.d.s.w.readers.parameter.ParameterDataTypeReader - Trying to infer dataType org.springframework.ui.ModelMap
2024-06-05 13:04:23.525 [main] WARN  s.d.s.w.readers.parameter.ParameterDataTypeReader - Trying to infer dataType org.springframework.ui.ModelMap
2024-06-05 13:04:23.526 [main] WARN  s.d.s.w.readers.parameter.ParameterDataTypeReader - Trying to infer dataType org.springframework.ui.ModelMap
2024-06-05 13:04:23.528 [main] WARN  s.d.s.w.readers.parameter.ParameterDataTypeReader - Trying to infer dataType org.springframework.ui.ModelMap
2024-06-05 13:04:23.528 [main] WARN  s.d.s.w.readers.parameter.ParameterDataTypeReader - Trying to infer dataType org.springframework.ui.ModelMap
2024-06-05 13:04:23.529 [main] WARN  s.d.s.w.readers.parameter.ParameterDataTypeReader - Trying to infer dataType org.springframework.ui.ModelMap
2024-06-05 13:04:23.530 [main] WARN  s.d.s.w.readers.parameter.ParameterDataTypeReader - Trying to infer dataType org.springframework.ui.ModelMap
2024-06-05 13:04:23.530 [main] WARN  s.d.s.w.readers.parameter.ParameterDataTypeReader - Trying to infer dataType org.springframework.ui.ModelMap
2024-06-05 13:04:23.531 [main] WARN  s.d.s.w.readers.parameter.ParameterDataTypeReader - Trying to infer dataType org.springframework.ui.ModelMap
2024-06-05 13:10:34.232 [main] WARN  com.jbp.service.product.comm.ProductCommChain - ProductCommChain:{"associationCommHandler":{"type":5},"baoDanCommHandler":{"type":18},"capaDifferentialCommHandler":{"type":10},"capaEqualCommHandler":{"type":11},"capaParallelDifferentialCommHandler":{"type":29},"capaPointCommHandler":{"type":12},"capaXsBoleCommHandler":{"type":14},"capaXsDifferentialCommHandler":{"type":13},"capaXsDifferentialNoBoleCommHandler":{"type":24},"capaXsPointComm2Handler":{"type":23},"capaXsPointCommHandler":{"type":22},"collisionCommHandler":{"type":3},"depthCommHandler":{"type":4},"directInvitationHandler":{"type":1},"directInvitationXsHandler":{"type":9},"feelGratefulCapaCommHandler":{"type":27},"groupThreeRetOneHandler":{"type":21},"indirectCommHandler":{"type":8},"lingShouCommHandler":{"type":19},"managerCommHandler":{"type":6},"monthExtCommHandler":{"type":16},"monthGuanLiCommHandler":{"type":25},"monthPyCommHandler":{"type":17},"offlineSubsidyCommHandler":{"type":28},"pingTaiCommHandler":{"type":20},"riseCapaDifferentialCommHandler":{"type":26},"shopComm2Handler":{"type":15},"shopCommHandler":{"type":7},"threeRetOneHandler":{"type":2}}
2024-06-05 13:10:36.622 [main] WARN  com.jbp.service.product.profit.ProductProfitChain - ProductProfitChain:{"clearingVipUserHandler":{"type":6},"userActiveHandler":{"type":5},"userAiServerSnHandler":{"type":9},"userCapaHandler":{"type":1},"userCapaXsHandler":{"type":2},"userServerSnHandler":{"type":7},"userWalletHandler":{"type":4},"userWalletMonthHandler":{"type":8},"userWhiteHandler":{"type":3}}
2024-06-05 13:10:37.583 [main] WARN  com.jbp.service.condition.ConditionChain - conditionChain:{"capaInviteOneLevelHandler":{"name":"一阶人数升级"},"capaIsolateLineHandler":{"name":"邀请独立线升级"},"capaPaymentHandler":{"name":"单笔金额升级"},"capaRepairDifferenceHandler":{"name":"补差金额升级"},"capaXsInvitationLine2Handler":{"name":"邀请独立线多等级升星"},"capaXsInvitationLineHandler":{"name":"邀请独立线升星"},"capaXsInviteOneLevelHandler":{"name":"一阶人数升星"},"capaXsIsolateLineHandler":{"name":"业绩独立线升星"},"capaXsJoinCapaHandler":{"name":"关联等级升星"}}
2024-06-05 13:10:44.648 [main] WARN  s.d.s.w.readers.parameter.ParameterDataTypeReader - Trying to infer dataType org.springframework.ui.ModelMap
2024-06-05 13:10:44.651 [main] WARN  s.d.s.w.readers.parameter.ParameterDataTypeReader - Trying to infer dataType org.springframework.ui.ModelMap
2024-06-05 13:10:44.652 [main] WARN  s.d.s.w.readers.parameter.ParameterDataTypeReader - Trying to infer dataType org.springframework.ui.ModelMap
2024-06-05 13:10:44.653 [main] WARN  s.d.s.w.readers.parameter.ParameterDataTypeReader - Trying to infer dataType org.springframework.ui.ModelMap
2024-06-05 13:10:44.655 [main] WARN  s.d.s.w.readers.parameter.ParameterDataTypeReader - Trying to infer dataType org.springframework.ui.ModelMap
2024-06-05 13:10:44.656 [main] WARN  s.d.s.w.readers.parameter.ParameterDataTypeReader - Trying to infer dataType org.springframework.ui.ModelMap
2024-06-05 13:10:44.657 [main] WARN  s.d.s.w.readers.parameter.ParameterDataTypeReader - Trying to infer dataType org.springframework.ui.ModelMap
2024-06-05 13:10:44.659 [main] WARN  s.d.s.w.readers.parameter.ParameterDataTypeReader - Trying to infer dataType org.springframework.ui.ModelMap
2024-06-05 13:10:45.102 [main] WARN  s.d.s.w.readers.parameter.ParameterDataTypeReader - Trying to infer dataType org.springframework.ui.ModelMap
2024-06-05 13:10:45.102 [main] WARN  s.d.s.w.readers.parameter.ParameterDataTypeReader - Trying to infer dataType org.springframework.ui.ModelMap
2024-06-05 13:10:45.103 [main] WARN  s.d.s.w.readers.parameter.ParameterDataTypeReader - Trying to infer dataType org.springframework.ui.ModelMap
2024-06-05 13:10:45.103 [main] WARN  s.d.s.w.readers.parameter.ParameterDataTypeReader - Trying to infer dataType org.springframework.ui.ModelMap
2024-06-05 13:10:45.104 [main] WARN  s.d.s.w.readers.parameter.ParameterDataTypeReader - Trying to infer dataType org.springframework.ui.ModelMap
2024-06-05 13:10:45.105 [main] WARN  s.d.s.w.readers.parameter.ParameterDataTypeReader - Trying to infer dataType org.springframework.ui.ModelMap
2024-06-05 13:10:45.106 [main] WARN  s.d.s.w.readers.parameter.ParameterDataTypeReader - Trying to infer dataType org.springframework.ui.ModelMap
2024-06-05 13:10:45.106 [main] WARN  s.d.s.w.readers.parameter.ParameterDataTypeReader - Trying to infer dataType org.springframework.ui.ModelMap
2024-06-05 13:16:10.754 [main] WARN  com.jbp.service.product.comm.ProductCommChain - ProductCommChain:{"associationCommHandler":{"type":5},"baoDanCommHandler":{"type":18},"capaDifferentialCommHandler":{"type":10},"capaEqualCommHandler":{"type":11},"capaParallelDifferentialCommHandler":{"type":29},"capaPointCommHandler":{"type":12},"capaXsBoleCommHandler":{"type":14},"capaXsDifferentialCommHandler":{"type":13},"capaXsDifferentialNoBoleCommHandler":{"type":24},"capaXsPointComm2Handler":{"type":23},"capaXsPointCommHandler":{"type":22},"collisionCommHandler":{"type":3},"depthCommHandler":{"type":4},"directInvitationHandler":{"type":1},"directInvitationXsHandler":{"type":9},"feelGratefulCapaCommHandler":{"type":27},"groupThreeRetOneHandler":{"type":21},"indirectCommHandler":{"type":8},"lingShouCommHandler":{"type":19},"managerCommHandler":{"type":6},"monthExtCommHandler":{"type":16},"monthGuanLiCommHandler":{"type":25},"monthPyCommHandler":{"type":17},"offlineSubsidyCommHandler":{"type":28},"pingTaiCommHandler":{"type":20},"riseCapaDifferentialCommHandler":{"type":26},"shopComm2Handler":{"type":15},"shopCommHandler":{"type":7},"threeRetOneHandler":{"type":2}}
2024-06-05 13:16:14.256 [main] WARN  com.jbp.service.product.profit.ProductProfitChain - ProductProfitChain:{"clearingVipUserHandler":{"type":6},"userActiveHandler":{"type":5},"userAiServerSnHandler":{"type":9},"userCapaHandler":{"type":1},"userCapaXsHandler":{"type":2},"userServerSnHandler":{"type":7},"userWalletHandler":{"type":4},"userWalletMonthHandler":{"type":8},"userWhiteHandler":{"type":3}}
2024-06-05 13:16:15.228 [main] WARN  com.jbp.service.condition.ConditionChain - conditionChain:{"capaInviteOneLevelHandler":{"name":"一阶人数升级"},"capaIsolateLineHandler":{"name":"邀请独立线升级"},"capaPaymentHandler":{"name":"单笔金额升级"},"capaRepairDifferenceHandler":{"name":"补差金额升级"},"capaXsInvitationLine2Handler":{"name":"邀请独立线多等级升星"},"capaXsInvitationLineHandler":{"name":"邀请独立线升星"},"capaXsInviteOneLevelHandler":{"name":"一阶人数升星"},"capaXsIsolateLineHandler":{"name":"业绩独立线升星"},"capaXsJoinCapaHandler":{"name":"关联等级升星"}}
2024-06-05 13:16:22.973 [main] WARN  s.d.s.w.readers.parameter.ParameterDataTypeReader - Trying to infer dataType org.springframework.ui.ModelMap
2024-06-05 13:16:22.976 [main] WARN  s.d.s.w.readers.parameter.ParameterDataTypeReader - Trying to infer dataType org.springframework.ui.ModelMap
2024-06-05 13:16:22.978 [main] WARN  s.d.s.w.readers.parameter.ParameterDataTypeReader - Trying to infer dataType org.springframework.ui.ModelMap
2024-06-05 13:16:22.979 [main] WARN  s.d.s.w.readers.parameter.ParameterDataTypeReader - Trying to infer dataType org.springframework.ui.ModelMap
2024-06-05 13:16:22.980 [main] WARN  s.d.s.w.readers.parameter.ParameterDataTypeReader - Trying to infer dataType org.springframework.ui.ModelMap
2024-06-05 13:16:22.981 [main] WARN  s.d.s.w.readers.parameter.ParameterDataTypeReader - Trying to infer dataType org.springframework.ui.ModelMap
2024-06-05 13:16:22.982 [main] WARN  s.d.s.w.readers.parameter.ParameterDataTypeReader - Trying to infer dataType org.springframework.ui.ModelMap
2024-06-05 13:16:22.984 [main] WARN  s.d.s.w.readers.parameter.ParameterDataTypeReader - Trying to infer dataType org.springframework.ui.ModelMap
2024-06-05 13:16:23.429 [main] WARN  s.d.s.w.readers.parameter.ParameterDataTypeReader - Trying to infer dataType org.springframework.ui.ModelMap
2024-06-05 13:16:23.430 [main] WARN  s.d.s.w.readers.parameter.ParameterDataTypeReader - Trying to infer dataType org.springframework.ui.ModelMap
2024-06-05 13:16:23.431 [main] WARN  s.d.s.w.readers.parameter.ParameterDataTypeReader - Trying to infer dataType org.springframework.ui.ModelMap
2024-06-05 13:16:23.431 [main] WARN  s.d.s.w.readers.parameter.ParameterDataTypeReader - Trying to infer dataType org.springframework.ui.ModelMap
2024-06-05 13:16:23.432 [main] WARN  s.d.s.w.readers.parameter.ParameterDataTypeReader - Trying to infer dataType org.springframework.ui.ModelMap
2024-06-05 13:16:23.434 [main] WARN  s.d.s.w.readers.parameter.ParameterDataTypeReader - Trying to infer dataType org.springframework.ui.ModelMap
2024-06-05 13:16:23.434 [main] WARN  s.d.s.w.readers.parameter.ParameterDataTypeReader - Trying to infer dataType org.springframework.ui.ModelMap
2024-06-05 13:16:23.435 [main] WARN  s.d.s.w.readers.parameter.ParameterDataTypeReader - Trying to infer dataType org.springframework.ui.ModelMap
2024-06-05 14:17:10.859 [main] WARN  com.jbp.service.product.comm.ProductCommChain - ProductCommChain:{"associationCommHandler":{"type":5},"baoDanCommHandler":{"type":18},"capaDifferentialCommHandler":{"type":10},"capaEqualCommHandler":{"type":11},"capaParallelDifferentialCommHandler":{"type":29},"capaPointCommHandler":{"type":12},"capaXsBoleCommHandler":{"type":14},"capaXsDifferentialCommHandler":{"type":13},"capaXsDifferentialNoBoleCommHandler":{"type":24},"capaXsPointComm2Handler":{"type":23},"capaXsPointCommHandler":{"type":22},"collisionCommHandler":{"type":3},"depthCommHandler":{"type":4},"directInvitationHandler":{"type":1},"directInvitationXsHandler":{"type":9},"feelGratefulCapaCommHandler":{"type":27},"groupThreeRetOneHandler":{"type":21},"indirectCommHandler":{"type":8},"lingShouCommHandler":{"type":19},"managerCommHandler":{"type":6},"monthExtCommHandler":{"type":16},"monthGuanLiCommHandler":{"type":25},"monthPyCommHandler":{"type":17},"offlineSubsidyCommHandler":{"type":28},"pingTaiCommHandler":{"type":20},"riseCapaDifferentialCommHandler":{"type":26},"shopComm2Handler":{"type":15},"shopCommHandler":{"type":7},"threeRetOneHandler":{"type":2}}
2024-06-05 14:17:13.208 [main] WARN  com.jbp.service.product.profit.ProductProfitChain - ProductProfitChain:{"clearingVipUserHandler":{"type":6},"userActiveHandler":{"type":5},"userAiServerSnHandler":{"type":9},"userCapaHandler":{"type":1},"userCapaXsHandler":{"type":2},"userServerSnHandler":{"type":7},"userWalletHandler":{"type":4},"userWalletMonthHandler":{"type":8},"userWhiteHandler":{"type":3}}
2024-06-05 14:17:14.254 [main] WARN  com.jbp.service.condition.ConditionChain - conditionChain:{"capaInviteOneLevelHandler":{"name":"一阶人数升级"},"capaIsolateLineHandler":{"name":"邀请独立线升级"},"capaPaymentHandler":{"name":"单笔金额升级"},"capaRepairDifferenceHandler":{"name":"补差金额升级"},"capaXsInvitationLine2Handler":{"name":"邀请独立线多等级升星"},"capaXsInvitationLineHandler":{"name":"邀请独立线升星"},"capaXsInviteOneLevelHandler":{"name":"一阶人数升星"},"capaXsIsolateLineHandler":{"name":"业绩独立线升星"},"capaXsJoinCapaHandler":{"name":"关联等级升星"}}
2024-06-05 14:17:20.966 [main] WARN  s.d.s.w.readers.parameter.ParameterDataTypeReader - Trying to infer dataType org.springframework.ui.ModelMap
2024-06-05 14:17:20.969 [main] WARN  s.d.s.w.readers.parameter.ParameterDataTypeReader - Trying to infer dataType org.springframework.ui.ModelMap
2024-06-05 14:17:20.972 [main] WARN  s.d.s.w.readers.parameter.ParameterDataTypeReader - Trying to infer dataType org.springframework.ui.ModelMap
2024-06-05 14:17:20.973 [main] WARN  s.d.s.w.readers.parameter.ParameterDataTypeReader - Trying to infer dataType org.springframework.ui.ModelMap
2024-06-05 14:17:20.974 [main] WARN  s.d.s.w.readers.parameter.ParameterDataTypeReader - Trying to infer dataType org.springframework.ui.ModelMap
2024-06-05 14:17:20.976 [main] WARN  s.d.s.w.readers.parameter.ParameterDataTypeReader - Trying to infer dataType org.springframework.ui.ModelMap
2024-06-05 14:17:20.977 [main] WARN  s.d.s.w.readers.parameter.ParameterDataTypeReader - Trying to infer dataType org.springframework.ui.ModelMap
2024-06-05 14:17:20.978 [main] WARN  s.d.s.w.readers.parameter.ParameterDataTypeReader - Trying to infer dataType org.springframework.ui.ModelMap
2024-06-05 14:17:21.379 [main] WARN  s.d.s.w.readers.parameter.ParameterDataTypeReader - Trying to infer dataType org.springframework.ui.ModelMap
2024-06-05 14:17:21.380 [main] WARN  s.d.s.w.readers.parameter.ParameterDataTypeReader - Trying to infer dataType org.springframework.ui.ModelMap
2024-06-05 14:17:21.381 [main] WARN  s.d.s.w.readers.parameter.ParameterDataTypeReader - Trying to infer dataType org.springframework.ui.ModelMap
2024-06-05 14:17:21.382 [main] WARN  s.d.s.w.readers.parameter.ParameterDataTypeReader - Trying to infer dataType org.springframework.ui.ModelMap
2024-06-05 14:17:21.383 [main] WARN  s.d.s.w.readers.parameter.ParameterDataTypeReader - Trying to infer dataType org.springframework.ui.ModelMap
2024-06-05 14:17:21.383 [main] WARN  s.d.s.w.readers.parameter.ParameterDataTypeReader - Trying to infer dataType org.springframework.ui.ModelMap
2024-06-05 14:17:21.384 [main] WARN  s.d.s.w.readers.parameter.ParameterDataTypeReader - Trying to infer dataType org.springframework.ui.ModelMap
2024-06-05 14:17:21.384 [main] WARN  s.d.s.w.readers.parameter.ParameterDataTypeReader - Trying to infer dataType org.springframework.ui.ModelMap
2024-06-05 14:33:34.214 [main] WARN  com.jbp.service.product.comm.ProductCommChain - ProductCommChain:{"associationCommHandler":{"type":5},"baoDanCommHandler":{"type":18},"capaDifferentialCommHandler":{"type":10},"capaEqualCommHandler":{"type":11},"capaParallelDifferentialCommHandler":{"type":29},"capaPointCommHandler":{"type":12},"capaXsBoleCommHandler":{"type":14},"capaXsDifferentialCommHandler":{"type":13},"capaXsDifferentialNoBoleCommHandler":{"type":24},"capaXsPointComm2Handler":{"type":23},"capaXsPointCommHandler":{"type":22},"collisionCommHandler":{"type":3},"depthCommHandler":{"type":4},"directInvitationHandler":{"type":1},"directInvitationXsHandler":{"type":9},"feelGratefulCapaCommHandler":{"type":27},"groupThreeRetOneHandler":{"type":21},"indirectCommHandler":{"type":8},"lingShouCommHandler":{"type":19},"managerCommHandler":{"type":6},"monthExtCommHandler":{"type":16},"monthGuanLiCommHandler":{"type":25},"monthPyCommHandler":{"type":17},"offlineSubsidyCommHandler":{"type":28},"pingTaiCommHandler":{"type":20},"riseCapaDifferentialCommHandler":{"type":26},"shopComm2Handler":{"type":15},"shopCommHandler":{"type":7},"threeRetOneHandler":{"type":2}}
2024-06-05 14:33:37.912 [main] WARN  com.jbp.service.product.profit.ProductProfitChain - ProductProfitChain:{"clearingVipUserHandler":{"type":6},"userActiveHandler":{"type":5},"userAiServerSnHandler":{"type":9},"userCapaHandler":{"type":1},"userCapaXsHandler":{"type":2},"userServerSnHandler":{"type":7},"userWalletHandler":{"type":4},"userWalletMonthHandler":{"type":8},"userWhiteHandler":{"type":3}}
2024-06-05 14:33:38.442 [main] WARN  com.jbp.service.condition.ConditionChain - conditionChain:{"capaInviteOneLevelHandler":{"name":"一阶人数升级"},"capaIsolateLineHandler":{"name":"邀请独立线升级"},"capaPaymentHandler":{"name":"单笔金额升级"},"capaRepairDifferenceHandler":{"name":"补差金额升级"},"capaXsInvitationLine2Handler":{"name":"邀请独立线多等级升星"},"capaXsInvitationLineHandler":{"name":"邀请独立线升星"},"capaXsInviteOneLevelHandler":{"name":"一阶人数升星"},"capaXsIsolateLineHandler":{"name":"业绩独立线升星"},"capaXsJoinCapaHandler":{"name":"关联等级升星"}}
2024-06-05 14:33:47.132 [main] WARN  s.d.s.w.readers.parameter.ParameterDataTypeReader - Trying to infer dataType org.springframework.ui.ModelMap
2024-06-05 14:33:47.135 [main] WARN  s.d.s.w.readers.parameter.ParameterDataTypeReader - Trying to infer dataType org.springframework.ui.ModelMap
2024-06-05 14:33:47.137 [main] WARN  s.d.s.w.readers.parameter.ParameterDataTypeReader - Trying to infer dataType org.springframework.ui.ModelMap
2024-06-05 14:33:47.138 [main] WARN  s.d.s.w.readers.parameter.ParameterDataTypeReader - Trying to infer dataType org.springframework.ui.ModelMap
2024-06-05 14:33:47.139 [main] WARN  s.d.s.w.readers.parameter.ParameterDataTypeReader - Trying to infer dataType org.springframework.ui.ModelMap
2024-06-05 14:33:47.140 [main] WARN  s.d.s.w.readers.parameter.ParameterDataTypeReader - Trying to infer dataType org.springframework.ui.ModelMap
2024-06-05 14:33:47.141 [main] WARN  s.d.s.w.readers.parameter.ParameterDataTypeReader - Trying to infer dataType org.springframework.ui.ModelMap
2024-06-05 14:33:47.143 [main] WARN  s.d.s.w.readers.parameter.ParameterDataTypeReader - Trying to infer dataType org.springframework.ui.ModelMap
2024-06-05 14:33:47.649 [main] WARN  s.d.s.w.readers.parameter.ParameterDataTypeReader - Trying to infer dataType org.springframework.ui.ModelMap
2024-06-05 14:33:47.650 [main] WARN  s.d.s.w.readers.parameter.ParameterDataTypeReader - Trying to infer dataType org.springframework.ui.ModelMap
2024-06-05 14:33:47.651 [main] WARN  s.d.s.w.readers.parameter.ParameterDataTypeReader - Trying to infer dataType org.springframework.ui.ModelMap
2024-06-05 14:33:47.652 [main] WARN  s.d.s.w.readers.parameter.ParameterDataTypeReader - Trying to infer dataType org.springframework.ui.ModelMap
2024-06-05 14:33:47.653 [main] WARN  s.d.s.w.readers.parameter.ParameterDataTypeReader - Trying to infer dataType org.springframework.ui.ModelMap
2024-06-05 14:33:47.653 [main] WARN  s.d.s.w.readers.parameter.ParameterDataTypeReader - Trying to infer dataType org.springframework.ui.ModelMap
2024-06-05 14:33:47.654 [main] WARN  s.d.s.w.readers.parameter.ParameterDataTypeReader - Trying to infer dataType org.springframework.ui.ModelMap
2024-06-05 14:33:47.654 [main] WARN  s.d.s.w.readers.parameter.ParameterDataTypeReader - Trying to infer dataType org.springframework.ui.ModelMap
2024-06-05 14:39:44.680 [main] WARN  com.jbp.service.product.comm.ProductCommChain - ProductCommChain:{"associationCommHandler":{"type":5},"baoDanCommHandler":{"type":18},"capaDifferentialCommHandler":{"type":10},"capaEqualCommHandler":{"type":11},"capaParallelDifferentialCommHandler":{"type":29},"capaPointCommHandler":{"type":12},"capaXsBoleCommHandler":{"type":14},"capaXsDifferentialCommHandler":{"type":13},"capaXsDifferentialNoBoleCommHandler":{"type":24},"capaXsPointComm2Handler":{"type":23},"capaXsPointCommHandler":{"type":22},"collisionCommHandler":{"type":3},"depthCommHandler":{"type":4},"directInvitationHandler":{"type":1},"directInvitationXsHandler":{"type":9},"feelGratefulCapaCommHandler":{"type":27},"groupThreeRetOneHandler":{"type":21},"indirectCommHandler":{"type":8},"lingShouCommHandler":{"type":19},"managerCommHandler":{"type":6},"monthExtCommHandler":{"type":16},"monthGuanLiCommHandler":{"type":25},"monthPyCommHandler":{"type":17},"offlineSubsidyCommHandler":{"type":28},"pingTaiCommHandler":{"type":20},"riseCapaDifferentialCommHandler":{"type":26},"shopComm2Handler":{"type":15},"shopCommHandler":{"type":7},"threeRetOneHandler":{"type":2}}
2024-06-05 14:39:47.153 [main] WARN  com.jbp.service.product.profit.ProductProfitChain - ProductProfitChain:{"clearingVipUserHandler":{"type":6},"userActiveHandler":{"type":5},"userAiServerSnHandler":{"type":9},"userCapaHandler":{"type":1},"userCapaXsHandler":{"type":2},"userServerSnHandler":{"type":7},"userWalletHandler":{"type":4},"userWalletMonthHandler":{"type":8},"userWhiteHandler":{"type":3}}
2024-06-05 14:39:47.895 [main] WARN  com.jbp.service.condition.ConditionChain - conditionChain:{"capaInviteOneLevelHandler":{"name":"一阶人数升级"},"capaIsolateLineHandler":{"name":"邀请独立线升级"},"capaPaymentHandler":{"name":"单笔金额升级"},"capaRepairDifferenceHandler":{"name":"补差金额升级"},"capaXsInvitationLine2Handler":{"name":"邀请独立线多等级升星"},"capaXsInvitationLineHandler":{"name":"邀请独立线升星"},"capaXsInviteOneLevelHandler":{"name":"一阶人数升星"},"capaXsIsolateLineHandler":{"name":"业绩独立线升星"},"capaXsJoinCapaHandler":{"name":"关联等级升星"}}
2024-06-05 14:39:55.769 [main] WARN  s.d.s.w.readers.parameter.ParameterDataTypeReader - Trying to infer dataType org.springframework.ui.ModelMap
2024-06-05 14:39:55.773 [main] WARN  s.d.s.w.readers.parameter.ParameterDataTypeReader - Trying to infer dataType org.springframework.ui.ModelMap
2024-06-05 14:39:55.775 [main] WARN  s.d.s.w.readers.parameter.ParameterDataTypeReader - Trying to infer dataType org.springframework.ui.ModelMap
2024-06-05 14:39:55.777 [main] WARN  s.d.s.w.readers.parameter.ParameterDataTypeReader - Trying to infer dataType org.springframework.ui.ModelMap
2024-06-05 14:39:55.778 [main] WARN  s.d.s.w.readers.parameter.ParameterDataTypeReader - Trying to infer dataType org.springframework.ui.ModelMap
2024-06-05 14:39:55.780 [main] WARN  s.d.s.w.readers.parameter.ParameterDataTypeReader - Trying to infer dataType org.springframework.ui.ModelMap
2024-06-05 14:39:55.781 [main] WARN  s.d.s.w.readers.parameter.ParameterDataTypeReader - Trying to infer dataType org.springframework.ui.ModelMap
2024-06-05 14:39:55.782 [main] WARN  s.d.s.w.readers.parameter.ParameterDataTypeReader - Trying to infer dataType org.springframework.ui.ModelMap
2024-06-05 14:39:56.289 [main] WARN  s.d.s.w.readers.parameter.ParameterDataTypeReader - Trying to infer dataType org.springframework.ui.ModelMap
2024-06-05 14:39:56.291 [main] WARN  s.d.s.w.readers.parameter.ParameterDataTypeReader - Trying to infer dataType org.springframework.ui.ModelMap
2024-06-05 14:39:56.291 [main] WARN  s.d.s.w.readers.parameter.ParameterDataTypeReader - Trying to infer dataType org.springframework.ui.ModelMap
2024-06-05 14:39:56.292 [main] WARN  s.d.s.w.readers.parameter.ParameterDataTypeReader - Trying to infer dataType org.springframework.ui.ModelMap
2024-06-05 14:39:56.292 [main] WARN  s.d.s.w.readers.parameter.ParameterDataTypeReader - Trying to infer dataType org.springframework.ui.ModelMap
2024-06-05 14:39:56.294 [main] WARN  s.d.s.w.readers.parameter.ParameterDataTypeReader - Trying to infer dataType org.springframework.ui.ModelMap
2024-06-05 14:39:56.294 [main] WARN  s.d.s.w.readers.parameter.ParameterDataTypeReader - Trying to infer dataType org.springframework.ui.ModelMap
2024-06-05 14:39:56.295 [main] WARN  s.d.s.w.readers.parameter.ParameterDataTypeReader - Trying to infer dataType org.springframework.ui.ModelMap
2024-06-05 14:45:02.466 [main] WARN  com.jbp.service.product.comm.ProductCommChain - ProductCommChain:{"associationCommHandler":{"type":5},"baoDanCommHandler":{"type":18},"capaDifferentialCommHandler":{"type":10},"capaEqualCommHandler":{"type":11},"capaParallelDifferentialCommHandler":{"type":29},"capaPointCommHandler":{"type":12},"capaXsBoleCommHandler":{"type":14},"capaXsDifferentialCommHandler":{"type":13},"capaXsDifferentialNoBoleCommHandler":{"type":24},"capaXsPointComm2Handler":{"type":23},"capaXsPointCommHandler":{"type":22},"collisionCommHandler":{"type":3},"depthCommHandler":{"type":4},"directInvitationHandler":{"type":1},"directInvitationXsHandler":{"type":9},"feelGratefulCapaCommHandler":{"type":27},"groupThreeRetOneHandler":{"type":21},"indirectCommHandler":{"type":8},"lingShouCommHandler":{"type":19},"managerCommHandler":{"type":6},"monthExtCommHandler":{"type":16},"monthGuanLiCommHandler":{"type":25},"monthPyCommHandler":{"type":17},"offlineSubsidyCommHandler":{"type":28},"pingTaiCommHandler":{"type":20},"riseCapaDifferentialCommHandler":{"type":26},"shopComm2Handler":{"type":15},"shopCommHandler":{"type":7},"threeRetOneHandler":{"type":2}}
2024-06-05 14:45:05.101 [main] WARN  com.jbp.service.product.profit.ProductProfitChain - ProductProfitChain:{"clearingVipUserHandler":{"type":6},"userActiveHandler":{"type":5},"userAiServerSnHandler":{"type":9},"userCapaHandler":{"type":1},"userCapaXsHandler":{"type":2},"userServerSnHandler":{"type":7},"userWalletHandler":{"type":4},"userWalletMonthHandler":{"type":8},"userWhiteHandler":{"type":3}}
2024-06-05 14:45:06.168 [main] WARN  com.jbp.service.condition.ConditionChain - conditionChain:{"capaInviteOneLevelHandler":{"name":"一阶人数升级"},"capaIsolateLineHandler":{"name":"邀请独立线升级"},"capaPaymentHandler":{"name":"单笔金额升级"},"capaRepairDifferenceHandler":{"name":"补差金额升级"},"capaXsInvitationLine2Handler":{"name":"邀请独立线多等级升星"},"capaXsInvitationLineHandler":{"name":"邀请独立线升星"},"capaXsInviteOneLevelHandler":{"name":"一阶人数升星"},"capaXsIsolateLineHandler":{"name":"业绩独立线升星"},"capaXsJoinCapaHandler":{"name":"关联等级升星"}}
2024-06-05 14:45:16.711 [main] WARN  s.d.s.w.readers.parameter.ParameterDataTypeReader - Trying to infer dataType org.springframework.ui.ModelMap
2024-06-05 14:45:16.714 [main] WARN  s.d.s.w.readers.parameter.ParameterDataTypeReader - Trying to infer dataType org.springframework.ui.ModelMap
2024-06-05 14:45:16.716 [main] WARN  s.d.s.w.readers.parameter.ParameterDataTypeReader - Trying to infer dataType org.springframework.ui.ModelMap
2024-06-05 14:45:16.717 [main] WARN  s.d.s.w.readers.parameter.ParameterDataTypeReader - Trying to infer dataType org.springframework.ui.ModelMap
2024-06-05 14:45:16.719 [main] WARN  s.d.s.w.readers.parameter.ParameterDataTypeReader - Trying to infer dataType org.springframework.ui.ModelMap
2024-06-05 14:45:16.720 [main] WARN  s.d.s.w.readers.parameter.ParameterDataTypeReader - Trying to infer dataType org.springframework.ui.ModelMap
2024-06-05 14:45:16.721 [main] WARN  s.d.s.w.readers.parameter.ParameterDataTypeReader - Trying to infer dataType org.springframework.ui.ModelMap
2024-06-05 14:45:16.721 [main] WARN  s.d.s.w.readers.parameter.ParameterDataTypeReader - Trying to infer dataType org.springframework.ui.ModelMap
2024-06-05 14:45:17.197 [main] WARN  s.d.s.w.readers.parameter.ParameterDataTypeReader - Trying to infer dataType org.springframework.ui.ModelMap
2024-06-05 14:45:17.198 [main] WARN  s.d.s.w.readers.parameter.ParameterDataTypeReader - Trying to infer dataType org.springframework.ui.ModelMap
2024-06-05 14:45:17.199 [main] WARN  s.d.s.w.readers.parameter.ParameterDataTypeReader - Trying to infer dataType org.springframework.ui.ModelMap
2024-06-05 14:45:17.200 [main] WARN  s.d.s.w.readers.parameter.ParameterDataTypeReader - Trying to infer dataType org.springframework.ui.ModelMap
2024-06-05 14:45:17.201 [main] WARN  s.d.s.w.readers.parameter.ParameterDataTypeReader - Trying to infer dataType org.springframework.ui.ModelMap
2024-06-05 14:45:17.202 [main] WARN  s.d.s.w.readers.parameter.ParameterDataTypeReader - Trying to infer dataType org.springframework.ui.ModelMap
2024-06-05 14:45:17.202 [main] WARN  s.d.s.w.readers.parameter.ParameterDataTypeReader - Trying to infer dataType org.springframework.ui.ModelMap
2024-06-05 14:45:17.204 [main] WARN  s.d.s.w.readers.parameter.ParameterDataTypeReader - Trying to infer dataType org.springframework.ui.ModelMap
2024-06-05 14:48:04.090 [main] WARN  com.jbp.service.product.comm.ProductCommChain - ProductCommChain:{"associationCommHandler":{"type":5},"baoDanCommHandler":{"type":18},"capaDifferentialCommHandler":{"type":10},"capaEqualCommHandler":{"type":11},"capaParallelDifferentialCommHandler":{"type":29},"capaPointCommHandler":{"type":12},"capaXsBoleCommHandler":{"type":14},"capaXsDifferentialCommHandler":{"type":13},"capaXsDifferentialNoBoleCommHandler":{"type":24},"capaXsPointComm2Handler":{"type":23},"capaXsPointCommHandler":{"type":22},"collisionCommHandler":{"type":3},"depthCommHandler":{"type":4},"directInvitationHandler":{"type":1},"directInvitationXsHandler":{"type":9},"feelGratefulCapaCommHandler":{"type":27},"groupThreeRetOneHandler":{"type":21},"indirectCommHandler":{"type":8},"lingShouCommHandler":{"type":19},"managerCommHandler":{"type":6},"monthExtCommHandler":{"type":16},"monthGuanLiCommHandler":{"type":25},"monthPyCommHandler":{"type":17},"offlineSubsidyCommHandler":{"type":28},"pingTaiCommHandler":{"type":20},"riseCapaDifferentialCommHandler":{"type":26},"shopComm2Handler":{"type":15},"shopCommHandler":{"type":7},"threeRetOneHandler":{"type":2}}
2024-06-05 14:48:07.368 [main] WARN  com.jbp.service.product.profit.ProductProfitChain - ProductProfitChain:{"clearingVipUserHandler":{"type":6},"userActiveHandler":{"type":5},"userAiServerSnHandler":{"type":9},"userCapaHandler":{"type":1},"userCapaXsHandler":{"type":2},"userServerSnHandler":{"type":7},"userWalletHandler":{"type":4},"userWalletMonthHandler":{"type":8},"userWhiteHandler":{"type":3}}
2024-06-05 14:48:07.913 [main] WARN  com.jbp.service.condition.ConditionChain - conditionChain:{"capaInviteOneLevelHandler":{"name":"一阶人数升级"},"capaIsolateLineHandler":{"name":"邀请独立线升级"},"capaPaymentHandler":{"name":"单笔金额升级"},"capaRepairDifferenceHandler":{"name":"补差金额升级"},"capaXsInvitationLine2Handler":{"name":"邀请独立线多等级升星"},"capaXsInvitationLineHandler":{"name":"邀请独立线升星"},"capaXsInviteOneLevelHandler":{"name":"一阶人数升星"},"capaXsIsolateLineHandler":{"name":"业绩独立线升星"},"capaXsJoinCapaHandler":{"name":"关联等级升星"}}
2024-06-05 14:48:16.562 [main] WARN  s.d.s.w.readers.parameter.ParameterDataTypeReader - Trying to infer dataType org.springframework.ui.ModelMap
2024-06-05 14:48:16.567 [main] WARN  s.d.s.w.readers.parameter.ParameterDataTypeReader - Trying to infer dataType org.springframework.ui.ModelMap
2024-06-05 14:48:16.569 [main] WARN  s.d.s.w.readers.parameter.ParameterDataTypeReader - Trying to infer dataType org.springframework.ui.ModelMap
2024-06-05 14:48:16.571 [main] WARN  s.d.s.w.readers.parameter.ParameterDataTypeReader - Trying to infer dataType org.springframework.ui.ModelMap
2024-06-05 14:48:16.573 [main] WARN  s.d.s.w.readers.parameter.ParameterDataTypeReader - Trying to infer dataType org.springframework.ui.ModelMap
2024-06-05 14:48:16.576 [main] WARN  s.d.s.w.readers.parameter.ParameterDataTypeReader - Trying to infer dataType org.springframework.ui.ModelMap
2024-06-05 14:48:16.579 [main] WARN  s.d.s.w.readers.parameter.ParameterDataTypeReader - Trying to infer dataType org.springframework.ui.ModelMap
2024-06-05 14:48:16.580 [main] WARN  s.d.s.w.readers.parameter.ParameterDataTypeReader - Trying to infer dataType org.springframework.ui.ModelMap
2024-06-05 14:48:17.046 [main] WARN  s.d.s.w.readers.parameter.ParameterDataTypeReader - Trying to infer dataType org.springframework.ui.ModelMap
2024-06-05 14:48:17.047 [main] WARN  s.d.s.w.readers.parameter.ParameterDataTypeReader - Trying to infer dataType org.springframework.ui.ModelMap
2024-06-05 14:48:17.048 [main] WARN  s.d.s.w.readers.parameter.ParameterDataTypeReader - Trying to infer dataType org.springframework.ui.ModelMap
2024-06-05 14:48:17.049 [main] WARN  s.d.s.w.readers.parameter.ParameterDataTypeReader - Trying to infer dataType org.springframework.ui.ModelMap
2024-06-05 14:48:17.050 [main] WARN  s.d.s.w.readers.parameter.ParameterDataTypeReader - Trying to infer dataType org.springframework.ui.ModelMap
2024-06-05 14:48:17.051 [main] WARN  s.d.s.w.readers.parameter.ParameterDataTypeReader - Trying to infer dataType org.springframework.ui.ModelMap
2024-06-05 14:48:17.051 [main] WARN  s.d.s.w.readers.parameter.ParameterDataTypeReader - Trying to infer dataType org.springframework.ui.ModelMap
2024-06-05 14:48:17.052 [main] WARN  s.d.s.w.readers.parameter.ParameterDataTypeReader - Trying to infer dataType org.springframework.ui.ModelMap
