2024-01-17 06:05:03.694 [task-executor-10] WARN  c.b.wx.miniapp.api.impl.BaseWxMaServiceImpl - 即将重新获取新的access_token，错误代码：40001，错误信息：access_token 无效或 AppSecret 错误
2024-01-17 06:20:02.051 [task-executor-1] WARN  c.b.wx.miniapp.api.impl.BaseWxMaServiceImpl - 即将重新获取新的access_token，错误代码：40001，错误信息：access_token 无效或 AppSecret 错误
2024-01-17 06:45:02.289 [task-executor-14] WARN  c.b.wx.miniapp.api.impl.BaseWxMaServiceImpl - 即将重新获取新的access_token，错误代码：40001，错误信息：access_token 无效或 AppSecret 错误
2024-01-17 10:44:38.452 [main] WARN  com.jbp.service.condition.ConditionChain - conditionChain:{"inviteOneLevelHandler":{"name":"直属一阶等级人数","type":0}}
2024-01-17 10:44:38.884 [main] WARN  com.jbp.service.product.comm.ProductCommChain - ProductCommChain:{"directInvitationHandler":{"type":1}}
2024-01-17 10:44:39.054 [main] WARN  com.jbp.service.product.profit.ProductProfitChain - ProductProfitChain:{"userCapaHandler":{"type":1},"userCapaXsHandler":{"type":2}}
2024-01-17 11:36:15.245 [main] WARN  com.jbp.service.condition.ConditionChain - conditionChain:{"inviteOneLevelHandler":{"name":"直属一阶等级人数","type":0}}
2024-01-17 11:36:15.734 [main] WARN  com.jbp.service.product.comm.ProductCommChain - ProductCommChain:{"directInvitationHandler":{"type":1}}
2024-01-17 11:36:16.698 [main] WARN  com.jbp.service.product.profit.ProductProfitChain - ProductProfitChain:{"userCapaHandler":{"type":1},"userCapaXsHandler":{"type":2}}
2024-01-17 14:29:46.669 [main] WARN  com.jbp.service.condition.ConditionChain - conditionChain:{"inviteOneLevelHandler":{"name":"直属一阶等级人数","type":0}}
2024-01-17 14:29:47.007 [main] WARN  com.jbp.service.product.comm.ProductCommChain - ProductCommChain:{"directInvitationHandler":{"type":1}}
2024-01-17 14:29:47.493 [main] WARN  com.jbp.service.product.profit.ProductProfitChain - ProductProfitChain:{"userCapaHandler":{"type":1},"userCapaXsHandler":{"type":2}}
2024-01-17 14:33:17.569 [main] WARN  com.jbp.service.condition.ConditionChain - conditionChain:{"inviteOneLevelHandler":{"name":"直属一阶等级人数","type":0}}
2024-01-17 14:33:17.662 [main] WARN  com.jbp.service.product.comm.ProductCommChain - ProductCommChain:{"directInvitationHandler":{"type":1}}
2024-01-17 14:33:17.833 [main] WARN  com.jbp.service.product.profit.ProductProfitChain - ProductProfitChain:{"userCapaHandler":{"type":1},"userCapaXsHandler":{"type":2}}
2024-01-17 14:55:18.715 [main] WARN  com.jbp.service.condition.ConditionChain - conditionChain:{"inviteOneLevelHandler":{"name":"直属一阶等级人数","type":0}}
2024-01-17 14:55:18.812 [main] WARN  com.jbp.service.product.comm.ProductCommChain - ProductCommChain:{"directInvitationHandler":{"type":1}}
2024-01-17 14:55:18.980 [main] WARN  com.jbp.service.product.profit.ProductProfitChain - ProductProfitChain:{"userCapaHandler":{"type":1},"userCapaXsHandler":{"type":2}}
2024-01-17 14:55:25.552 [main] WARN  com.jbp.service.condition.ConditionChain - conditionChain:{"inviteOneLevelHandler":{"name":"直属一阶等级人数","type":0}}
2024-01-17 14:55:25.698 [main] WARN  com.jbp.service.product.comm.ProductCommChain - ProductCommChain:{"directInvitationHandler":{"type":1}}
2024-01-17 14:55:26.318 [main] WARN  com.jbp.service.product.profit.ProductProfitChain - ProductProfitChain:{"userCapaHandler":{"type":1},"userCapaXsHandler":{"type":2}}
2024-01-17 14:55:34.190 [main] WARN  org.apache.catalina.loader.WebappClassLoaderBase - The web application [ROOT] appears to have started a thread named [ForkJoinPool.commonPool-worker-9] but has failed to stop it. This is very likely to create a memory leak. Stack trace of thread:
 sun.misc.Unsafe.park(Native Method)
 java.util.concurrent.ForkJoinPool.awaitWork(ForkJoinPool.java:1824)
 java.util.concurrent.ForkJoinPool.runWorker(ForkJoinPool.java:1693)
 java.util.concurrent.ForkJoinWorkerThread.run(ForkJoinWorkerThread.java:157)
2024-01-17 14:55:34.191 [main] WARN  org.apache.catalina.loader.WebappClassLoaderBase - The web application [ROOT] appears to have started a thread named [ForkJoinPool.commonPool-worker-11] but has failed to stop it. This is very likely to create a memory leak. Stack trace of thread:
 sun.misc.Unsafe.park(Native Method)
 java.util.concurrent.ForkJoinPool.awaitWork(ForkJoinPool.java:1824)
 java.util.concurrent.ForkJoinPool.runWorker(ForkJoinPool.java:1693)
 java.util.concurrent.ForkJoinWorkerThread.run(ForkJoinWorkerThread.java:157)
2024-01-17 14:55:34.191 [main] WARN  org.apache.catalina.loader.WebappClassLoaderBase - The web application [ROOT] appears to have started a thread named [ForkJoinPool.commonPool-worker-6] but has failed to stop it. This is very likely to create a memory leak. Stack trace of thread:
 sun.misc.Unsafe.park(Native Method)
 java.util.concurrent.ForkJoinPool.awaitWork(ForkJoinPool.java:1824)
 java.util.concurrent.ForkJoinPool.runWorker(ForkJoinPool.java:1693)
 java.util.concurrent.ForkJoinWorkerThread.run(ForkJoinWorkerThread.java:157)
2024-01-17 14:55:34.192 [main] WARN  org.apache.catalina.loader.WebappClassLoaderBase - The web application [ROOT] appears to have started a thread named [ForkJoinPool.commonPool-worker-15] but has failed to stop it. This is very likely to create a memory leak. Stack trace of thread:
 sun.misc.Unsafe.park(Native Method)
 java.util.concurrent.ForkJoinPool.awaitWork(ForkJoinPool.java:1824)
 java.util.concurrent.ForkJoinPool.runWorker(ForkJoinPool.java:1693)
 java.util.concurrent.ForkJoinWorkerThread.run(ForkJoinWorkerThread.java:157)
2024-01-17 14:55:34.192 [main] WARN  org.apache.catalina.loader.WebappClassLoaderBase - The web application [ROOT] appears to have started a thread named [ForkJoinPool.commonPool-worker-1] but has failed to stop it. This is very likely to create a memory leak. Stack trace of thread:
 sun.misc.Unsafe.park(Native Method)
 java.util.concurrent.ForkJoinPool.awaitWork(ForkJoinPool.java:1824)
 java.util.concurrent.ForkJoinPool.runWorker(ForkJoinPool.java:1693)
 java.util.concurrent.ForkJoinWorkerThread.run(ForkJoinWorkerThread.java:157)
2024-01-17 14:55:34.192 [main] WARN  org.apache.catalina.loader.WebappClassLoaderBase - The web application [ROOT] appears to have started a thread named [ForkJoinPool.commonPool-worker-3] but has failed to stop it. This is very likely to create a memory leak. Stack trace of thread:
 sun.misc.Unsafe.park(Native Method)
 java.util.concurrent.ForkJoinPool.awaitWork(ForkJoinPool.java:1824)
 java.util.concurrent.ForkJoinPool.runWorker(ForkJoinPool.java:1693)
 java.util.concurrent.ForkJoinWorkerThread.run(ForkJoinWorkerThread.java:157)
2024-01-17 14:55:34.629 [main] WARN  org.apache.catalina.loader.WebappClassLoaderBase - The web application [ROOT] appears to have started a thread named [ForkJoinPool.commonPool-worker-12] but has failed to stop it. This is very likely to create a memory leak. Stack trace of thread:
 sun.misc.Unsafe.park(Native Method)
 java.util.concurrent.ForkJoinPool.awaitWork(ForkJoinPool.java:1824)
 java.util.concurrent.ForkJoinPool.runWorker(ForkJoinPool.java:1693)
 java.util.concurrent.ForkJoinWorkerThread.run(ForkJoinWorkerThread.java:157)
2024-01-17 14:55:34.630 [main] WARN  org.apache.catalina.loader.WebappClassLoaderBase - The web application [ROOT] appears to have started a thread named [ForkJoinPool.commonPool-worker-5] but has failed to stop it. This is very likely to create a memory leak. Stack trace of thread:
 sun.misc.Unsafe.park(Native Method)
 java.util.concurrent.ForkJoinPool.awaitWork(ForkJoinPool.java:1824)
 java.util.concurrent.ForkJoinPool.runWorker(ForkJoinPool.java:1693)
 java.util.concurrent.ForkJoinWorkerThread.run(ForkJoinWorkerThread.java:157)
2024-01-17 14:55:34.631 [main] WARN  org.apache.catalina.loader.WebappClassLoaderBase - The web application [ROOT] appears to have started a thread named [ForkJoinPool.commonPool-worker-7] but has failed to stop it. This is very likely to create a memory leak. Stack trace of thread:
 sun.misc.Unsafe.park(Native Method)
 java.util.concurrent.ForkJoinPool.awaitWork(ForkJoinPool.java:1824)
 java.util.concurrent.ForkJoinPool.runWorker(ForkJoinPool.java:1693)
 java.util.concurrent.ForkJoinWorkerThread.run(ForkJoinWorkerThread.java:157)
2024-01-17 14:55:34.632 [main] WARN  org.apache.catalina.loader.WebappClassLoaderBase - The web application [ROOT] appears to have started a thread named [ForkJoinPool.commonPool-worker-0] but has failed to stop it. This is very likely to create a memory leak. Stack trace of thread:
 sun.misc.Unsafe.park(Native Method)
 java.util.concurrent.ForkJoinPool.awaitWork(ForkJoinPool.java:1824)
 java.util.concurrent.ForkJoinPool.runWorker(ForkJoinPool.java:1693)
 java.util.concurrent.ForkJoinWorkerThread.run(ForkJoinWorkerThread.java:157)
2024-01-17 14:55:34.632 [main] WARN  org.apache.catalina.loader.WebappClassLoaderBase - The web application [ROOT] appears to have started a thread named [ForkJoinPool.commonPool-worker-10] but has failed to stop it. This is very likely to create a memory leak. Stack trace of thread:
 sun.misc.Unsafe.park(Native Method)
 java.util.concurrent.ForkJoinPool.awaitWork(ForkJoinPool.java:1824)
 java.util.concurrent.ForkJoinPool.runWorker(ForkJoinPool.java:1693)
 java.util.concurrent.ForkJoinWorkerThread.run(ForkJoinWorkerThread.java:157)
2024-01-17 14:55:34.633 [main] WARN  org.apache.catalina.loader.WebappClassLoaderBase - The web application [ROOT] appears to have started a thread named [ForkJoinPool.commonPool-worker-13] but has failed to stop it. This is very likely to create a memory leak. Stack trace of thread:
 sun.misc.Unsafe.park(Native Method)
 java.util.concurrent.ForkJoinPool.awaitWork(ForkJoinPool.java:1824)
 java.util.concurrent.ForkJoinPool.runWorker(ForkJoinPool.java:1693)
 java.util.concurrent.ForkJoinWorkerThread.run(ForkJoinWorkerThread.java:157)
2024-01-17 14:55:34.633 [main] WARN  org.apache.catalina.loader.WebappClassLoaderBase - The web application [ROOT] appears to have started a thread named [ForkJoinPool.commonPool-worker-8] but has failed to stop it. This is very likely to create a memory leak. Stack trace of thread:
 sun.misc.Unsafe.park(Native Method)
 java.util.concurrent.ForkJoinPool.awaitWork(ForkJoinPool.java:1824)
 java.util.concurrent.ForkJoinPool.runWorker(ForkJoinPool.java:1693)
 java.util.concurrent.ForkJoinWorkerThread.run(ForkJoinWorkerThread.java:157)
2024-01-17 14:55:34.700 [main] WARN  o.s.beans.factory.support.DisposableBeanAdapter - Invocation of destroy method failed on bean with name 'tomcatMetricsBinder': java.lang.NullPointerException
2024-01-17 15:55:02.999 [task-executor-4] WARN  c.b.wx.miniapp.api.impl.BaseWxMaServiceImpl - 即将重新获取新的access_token，错误代码：40001，错误信息：access_token 无效或 AppSecret 错误
2024-01-17 16:02:22.235 [main] WARN  com.jbp.service.condition.ConditionChain - conditionChain:{"inviteOneLevelHandler":{"name":"直属一阶等级人数","type":0}}
2024-01-17 16:02:22.503 [main] WARN  com.jbp.service.product.comm.ProductCommChain - ProductCommChain:{"directInvitationHandler":{"type":1}}
2024-01-17 16:02:22.829 [main] WARN  com.jbp.service.product.profit.ProductProfitChain - ProductProfitChain:{"userCapaHandler":{"type":1},"userCapaXsHandler":{"type":2}}
2024-01-17 18:00:01.586 [task-executor-20] WARN  c.b.wx.miniapp.api.impl.BaseWxMaServiceImpl - 即将重新获取新的access_token，错误代码：40001，错误信息：access_token 无效或 AppSecret 错误
