2024-03-09 19:47:30.322 [main] INFO  com.jbp.admin.JbpAdminApplication - Starting JbpAdminApplication on 192.168.2.30 with PID 24744 (/Users/franky/work/jbp/jbp-admin/target/classes started by kaycm in /Users/franky/work/jbp)
2024-03-09 19:47:30.323 [main] INFO  com.jbp.admin.JbpAdminApplication - The following profiles are active: beta
2024-03-09 19:47:33.985 [main] INFO  o.s.d.r.config.RepositoryConfigurationDelegate - Multiple Spring Data modules found, entering strict repository configuration mode!
2024-03-09 19:47:33.998 [main] INFO  o.s.d.r.config.RepositoryConfigurationDelegate - Bootstrapping Spring Data Redis repositories in DEFAULT mode.
2024-03-09 19:47:34.685 [main] INFO  o.s.d.r.config.RepositoryConfigurationDelegate - Finished Spring Data repository scanning in 248ms. Found 0 Redis repository interfaces.
2024-03-09 19:47:35.319 [main] INFO  o.j.minidao.auto.MinidaoAutoConfiguration -  ******************* init miniDao config [ begin ] *********************** 
2024-03-09 19:47:35.319 [main] INFO  o.j.minidao.auto.MinidaoAutoConfiguration -  ------ minidao.base-package ------- org.jeecg.modules.jmreport.*
2024-03-09 19:47:35.330 [main] INFO  o.j.minidao.auto.MinidaoAutoConfiguration -  *******************  init miniDao config  [ end ] *********************** 
2024-03-09 19:47:35.736 [main] INFO  o.j.minidao.factory.MiniDaoClassPathMapperScanner - register minidao name is { org.jeecg.modules.jmreport.desreport.dao.JimuReportDao }
2024-03-09 19:47:35.737 [main] INFO  o.j.minidao.factory.MiniDaoClassPathMapperScanner - register minidao name is { org.jeecg.modules.jmreport.desreport.dao.JimuReportDataSourceDao }
2024-03-09 19:47:35.737 [main] INFO  o.j.minidao.factory.MiniDaoClassPathMapperScanner - register minidao name is { org.jeecg.modules.jmreport.desreport.dao.JimuReportDbDao }
2024-03-09 19:47:35.737 [main] INFO  o.j.minidao.factory.MiniDaoClassPathMapperScanner - register minidao name is { org.jeecg.modules.jmreport.desreport.dao.JimuReportDbFieldDao }
2024-03-09 19:47:35.738 [main] INFO  o.j.minidao.factory.MiniDaoClassPathMapperScanner - register minidao name is { org.jeecg.modules.jmreport.desreport.dao.JimuReportDbParamDao }
2024-03-09 19:47:35.738 [main] INFO  o.j.minidao.factory.MiniDaoClassPathMapperScanner - register minidao name is { org.jeecg.modules.jmreport.desreport.dao.JimuReportDictDao }
2024-03-09 19:47:35.738 [main] INFO  o.j.minidao.factory.MiniDaoClassPathMapperScanner - register minidao name is { org.jeecg.modules.jmreport.desreport.dao.JimuReportDictItemDao }
2024-03-09 19:47:35.738 [main] INFO  o.j.minidao.factory.MiniDaoClassPathMapperScanner - register minidao name is { org.jeecg.modules.jmreport.desreport.dao.JimuReportLinkDao }
2024-03-09 19:47:35.739 [main] INFO  o.j.minidao.factory.MiniDaoClassPathMapperScanner - register minidao name is { org.jeecg.modules.jmreport.desreport.dao.JimuReportMapDao }
2024-03-09 19:47:35.739 [main] INFO  o.j.minidao.factory.MiniDaoClassPathMapperScanner - register minidao name is { org.jeecg.modules.jmreport.desreport.dao.JimuReportShareDao }
2024-03-09 19:47:41.115 [main] INFO  o.s.c.s.PostProcessorRegistrationDelegate$BeanPostProcessorChecker - Bean '(inner bean)#4df0d9f8#9' of type [org.jeecgframework.minidao.aop.MiniDaoHandler] is not eligible for getting processed by all BeanPostProcessors (for example: not eligible for auto-proxying)
2024-03-09 19:47:41.124 [main] INFO  o.s.c.s.PostProcessorRegistrationDelegate$BeanPostProcessorChecker - Bean 'jimuReportShareDao' of type [org.jeecgframework.minidao.factory.MiniDaoBeanFactory] is not eligible for getting processed by all BeanPostProcessors (for example: not eligible for auto-proxying)
2024-03-09 19:47:41.126 [main] INFO  o.s.c.s.PostProcessorRegistrationDelegate$BeanPostProcessorChecker - Bean '(inner bean)#4df0d9f8#8' of type [org.jeecgframework.minidao.aop.MiniDaoHandler] is not eligible for getting processed by all BeanPostProcessors (for example: not eligible for auto-proxying)
2024-03-09 19:47:41.127 [main] INFO  o.s.c.s.PostProcessorRegistrationDelegate$BeanPostProcessorChecker - Bean 'jimuReportMapDao' of type [org.jeecgframework.minidao.factory.MiniDaoBeanFactory] is not eligible for getting processed by all BeanPostProcessors (for example: not eligible for auto-proxying)
2024-03-09 19:47:41.128 [main] INFO  o.s.c.s.PostProcessorRegistrationDelegate$BeanPostProcessorChecker - Bean '(inner bean)#4df0d9f8#7' of type [org.jeecgframework.minidao.aop.MiniDaoHandler] is not eligible for getting processed by all BeanPostProcessors (for example: not eligible for auto-proxying)
2024-03-09 19:47:41.129 [main] INFO  o.s.c.s.PostProcessorRegistrationDelegate$BeanPostProcessorChecker - Bean 'jimuReportLinkDao' of type [org.jeecgframework.minidao.factory.MiniDaoBeanFactory] is not eligible for getting processed by all BeanPostProcessors (for example: not eligible for auto-proxying)
2024-03-09 19:47:41.130 [main] INFO  o.s.c.s.PostProcessorRegistrationDelegate$BeanPostProcessorChecker - Bean '(inner bean)#4df0d9f8#6' of type [org.jeecgframework.minidao.aop.MiniDaoHandler] is not eligible for getting processed by all BeanPostProcessors (for example: not eligible for auto-proxying)
2024-03-09 19:47:41.132 [main] INFO  o.s.c.s.PostProcessorRegistrationDelegate$BeanPostProcessorChecker - Bean 'jimuReportDictItemDao' of type [org.jeecgframework.minidao.factory.MiniDaoBeanFactory] is not eligible for getting processed by all BeanPostProcessors (for example: not eligible for auto-proxying)
2024-03-09 19:47:41.133 [main] INFO  o.s.c.s.PostProcessorRegistrationDelegate$BeanPostProcessorChecker - Bean '(inner bean)#4df0d9f8#5' of type [org.jeecgframework.minidao.aop.MiniDaoHandler] is not eligible for getting processed by all BeanPostProcessors (for example: not eligible for auto-proxying)
2024-03-09 19:47:41.134 [main] INFO  o.s.c.s.PostProcessorRegistrationDelegate$BeanPostProcessorChecker - Bean 'jimuReportDictDao' of type [org.jeecgframework.minidao.factory.MiniDaoBeanFactory] is not eligible for getting processed by all BeanPostProcessors (for example: not eligible for auto-proxying)
2024-03-09 19:47:41.137 [main] INFO  o.s.c.s.PostProcessorRegistrationDelegate$BeanPostProcessorChecker - Bean '(inner bean)#4df0d9f8#4' of type [org.jeecgframework.minidao.aop.MiniDaoHandler] is not eligible for getting processed by all BeanPostProcessors (for example: not eligible for auto-proxying)
2024-03-09 19:47:41.138 [main] INFO  o.s.c.s.PostProcessorRegistrationDelegate$BeanPostProcessorChecker - Bean 'jimuReportDbParamDao' of type [org.jeecgframework.minidao.factory.MiniDaoBeanFactory] is not eligible for getting processed by all BeanPostProcessors (for example: not eligible for auto-proxying)
2024-03-09 19:47:41.139 [main] INFO  o.s.c.s.PostProcessorRegistrationDelegate$BeanPostProcessorChecker - Bean '(inner bean)#4df0d9f8#3' of type [org.jeecgframework.minidao.aop.MiniDaoHandler] is not eligible for getting processed by all BeanPostProcessors (for example: not eligible for auto-proxying)
2024-03-09 19:47:41.140 [main] INFO  o.s.c.s.PostProcessorRegistrationDelegate$BeanPostProcessorChecker - Bean 'jimuReportDbFieldDao' of type [org.jeecgframework.minidao.factory.MiniDaoBeanFactory] is not eligible for getting processed by all BeanPostProcessors (for example: not eligible for auto-proxying)
2024-03-09 19:47:41.142 [main] INFO  o.s.c.s.PostProcessorRegistrationDelegate$BeanPostProcessorChecker - Bean '(inner bean)#4df0d9f8#2' of type [org.jeecgframework.minidao.aop.MiniDaoHandler] is not eligible for getting processed by all BeanPostProcessors (for example: not eligible for auto-proxying)
2024-03-09 19:47:41.143 [main] INFO  o.s.c.s.PostProcessorRegistrationDelegate$BeanPostProcessorChecker - Bean 'jimuReportDbDao' of type [org.jeecgframework.minidao.factory.MiniDaoBeanFactory] is not eligible for getting processed by all BeanPostProcessors (for example: not eligible for auto-proxying)
2024-03-09 19:47:41.144 [main] INFO  o.s.c.s.PostProcessorRegistrationDelegate$BeanPostProcessorChecker - Bean '(inner bean)#4df0d9f8#1' of type [org.jeecgframework.minidao.aop.MiniDaoHandler] is not eligible for getting processed by all BeanPostProcessors (for example: not eligible for auto-proxying)
2024-03-09 19:47:41.145 [main] INFO  o.s.c.s.PostProcessorRegistrationDelegate$BeanPostProcessorChecker - Bean 'jimuReportDataSourceDao' of type [org.jeecgframework.minidao.factory.MiniDaoBeanFactory] is not eligible for getting processed by all BeanPostProcessors (for example: not eligible for auto-proxying)
2024-03-09 19:47:41.146 [main] INFO  o.s.c.s.PostProcessorRegistrationDelegate$BeanPostProcessorChecker - Bean '(inner bean)#4df0d9f8' of type [org.jeecgframework.minidao.aop.MiniDaoHandler] is not eligible for getting processed by all BeanPostProcessors (for example: not eligible for auto-proxying)
2024-03-09 19:47:41.147 [main] INFO  o.s.c.s.PostProcessorRegistrationDelegate$BeanPostProcessorChecker - Bean 'jimuReportDao' of type [org.jeecgframework.minidao.factory.MiniDaoBeanFactory] is not eligible for getting processed by all BeanPostProcessors (for example: not eligible for auto-proxying)
2024-03-09 19:47:41.983 [main] INFO  o.s.c.s.PostProcessorRegistrationDelegate$BeanPostProcessorChecker - Bean 'org.springframework.security.config.annotation.configuration.ObjectPostProcessorConfiguration' of type [org.springframework.security.config.annotation.configuration.ObjectPostProcessorConfiguration] is not eligible for getting processed by all BeanPostProcessors (for example: not eligible for auto-proxying)
2024-03-09 19:47:42.005 [main] INFO  o.s.c.s.PostProcessorRegistrationDelegate$BeanPostProcessorChecker - Bean 'objectPostProcessor' of type [org.springframework.security.config.annotation.configuration.AutowireBeanFactoryObjectPostProcessor] is not eligible for getting processed by all BeanPostProcessors (for example: not eligible for auto-proxying)
2024-03-09 19:47:42.012 [main] INFO  o.s.c.s.PostProcessorRegistrationDelegate$BeanPostProcessorChecker - Bean 'org.springframework.security.access.expression.method.DefaultMethodSecurityExpressionHandler@2430cf17' of type [org.springframework.security.access.expression.method.DefaultMethodSecurityExpressionHandler] is not eligible for getting processed by all BeanPostProcessors (for example: not eligible for auto-proxying)
2024-03-09 19:47:42.019 [main] INFO  o.s.c.s.PostProcessorRegistrationDelegate$BeanPostProcessorChecker - Bean 'org.springframework.security.config.annotation.method.configuration.GlobalMethodSecurityConfiguration' of type [org.springframework.security.config.annotation.method.configuration.GlobalMethodSecurityConfiguration] is not eligible for getting processed by all BeanPostProcessors (for example: not eligible for auto-proxying)
2024-03-09 19:47:42.038 [main] INFO  o.s.c.s.PostProcessorRegistrationDelegate$BeanPostProcessorChecker - Bean 'methodSecurityMetadataSource' of type [org.springframework.security.access.method.DelegatingMethodSecurityMetadataSource] is not eligible for getting processed by all BeanPostProcessors (for example: not eligible for auto-proxying)
2024-03-09 19:47:43.348 [main] INFO  o.s.boot.web.embedded.tomcat.TomcatWebServer - Tomcat initialized with port(s): 8181 (http)
2024-03-09 19:47:43.386 [main] INFO  org.apache.coyote.http11.Http11NioProtocol - Initializing ProtocolHandler ["http-nio-8181"]
2024-03-09 19:47:43.389 [main] INFO  org.apache.catalina.core.StandardService - Starting service [Tomcat]
2024-03-09 19:47:43.389 [main] INFO  org.apache.catalina.core.StandardEngine - Starting Servlet engine: [Apache Tomcat/9.0.33]
2024-03-09 19:47:44.295 [main] INFO  org.apache.jasper.servlet.TldScanner - At least one JAR was scanned for TLDs yet contained no TLDs. Enable debug logging for this logger for a complete list of JARs that were scanned but no TLDs were found in them. Skipping unneeded JARs during scanning can improve startup time and JSP compilation time.
2024-03-09 19:47:44.305 [main] INFO  o.a.c.core.ContainerBase.[Tomcat].[localhost].[/] - Initializing Spring embedded WebApplicationContext
2024-03-09 19:47:44.305 [main] INFO  org.springframework.web.context.ContextLoader - Root WebApplicationContext: initialization completed in 13904 ms
2024-03-09 19:47:50.877 [main] INFO  o.j.m.jmreport.config.init.JimuReportConfiguration -  Init JimuReport Config [ Token Interceptor & Resource Locations ] 
2024-03-09 19:47:56.196 [main] INFO  com.alibaba.druid.pool.DruidDataSource - {dataSource-1} inited
2024-03-09 19:48:16.072 [main] INFO  org.quartz.impl.StdSchedulerFactory - Using default implementation for ThreadExecutor
2024-03-09 19:48:16.385 [main] INFO  org.quartz.simpl.SimpleThreadPool - Job execution threads will use class loader of thread: main
2024-03-09 19:48:16.994 [main] INFO  org.quartz.core.SchedulerSignalerImpl - Initialized Scheduler Signaller of type: class org.quartz.core.SchedulerSignalerImpl
2024-03-09 19:48:16.994 [main] INFO  org.quartz.core.QuartzScheduler - Quartz Scheduler v.2.3.2 created.
2024-03-09 19:48:17.055 [main] INFO  o.s.scheduling.quartz.LocalDataSourceJobStore - Using db table-based data access locking (synchronization).
2024-03-09 19:48:17.071 [main] INFO  o.s.scheduling.quartz.LocalDataSourceJobStore - JobStoreCMT initialized.
2024-03-09 19:48:17.073 [main] INFO  org.quartz.core.QuartzScheduler - Scheduler meta-data: Quartz Scheduler (v2.3.2) 'quartzScheduler' with instanceId 'NON_CLUSTERED'
  Scheduler class: 'org.quartz.core.QuartzScheduler' - running locally.
  NOT STARTED.
  Currently in standby mode.
  Number of jobs executed: 0
  Using thread pool 'org.quartz.simpl.SimpleThreadPool' - with 10 threads.
  Using job-store 'org.springframework.scheduling.quartz.LocalDataSourceJobStore' - which supports persistence. and is not clustered.

2024-03-09 19:48:17.074 [main] INFO  org.quartz.impl.StdSchedulerFactory - Quartz scheduler 'quartzScheduler' initialized from an externally provided properties instance.
2024-03-09 19:48:17.074 [main] INFO  org.quartz.impl.StdSchedulerFactory - Quartz scheduler version: 2.3.2
2024-03-09 19:48:17.074 [main] INFO  org.quartz.core.QuartzScheduler - JobFactory set to: org.springframework.scheduling.quartz.SpringBeanJobFactory@5ce1b67b
2024-03-09 19:48:27.378 [main] INFO  o.s.b.actuate.endpoint.web.EndpointLinksResolver - Exposing 2 endpoint(s) beneath base path '/actuator'
2024-03-09 19:48:27.663 [main] INFO  o.j.modules.jmreport.config.JmReportExecutorConfig -  Init JimuReport Config [ 线程池 ] 
2024-03-09 19:48:27.794 [main] INFO  s.d.s.w.PropertySourcedRequestMappingHandlerMapping - Mapped URL path [/v2/api-docs] onto method [springfox.documentation.swagger2.web.Swagger2Controller#getDocumentation(String, HttpServletRequest)]
2024-03-09 19:48:27.854 [main] INFO  o.s.scheduling.concurrent.ThreadPoolTaskExecutor - Initializing ExecutorService
2024-03-09 19:48:27.855 [main] INFO  o.s.scheduling.concurrent.ThreadPoolTaskExecutor - Initializing ExecutorService 'taskExecutor'
2024-03-09 19:48:28.105 [main] INFO  o.s.security.web.DefaultSecurityFilterChain - Creating filter chain: any request, [org.springframework.security.web.context.request.async.WebAsyncManagerIntegrationFilter@12387c79, org.springframework.security.web.context.SecurityContextPersistenceFilter@37c48490, org.springframework.security.web.header.HeaderWriterFilter@71fff0b, org.springframework.web.filter.CorsFilter@4ed90b04, org.springframework.web.filter.CorsFilter@4ed90b04, org.springframework.web.filter.CorsFilter@4ed90b04, org.springframework.security.web.authentication.logout.LogoutFilter@222abb8f, com.jbp.admin.filter.JwtAuthenticationTokenFilter@37806ccb, org.springframework.security.web.savedrequest.RequestCacheAwareFilter@65ea3961, org.springframework.security.web.servletapi.SecurityContextHolderAwareRequestFilter@5633e852, org.springframework.security.web.authentication.AnonymousAuthenticationFilter@1353f515, org.springframework.security.web.session.SessionManagementFilter@6a75b8d3, org.springframework.security.web.access.ExceptionTranslationFilter@6c743da, org.springframework.security.web.access.intercept.FilterSecurityInterceptor@639ea347]
2024-03-09 19:48:28.785 [main] INFO  o.s.scheduling.concurrent.ThreadPoolTaskExecutor - Initializing ExecutorService
2024-03-09 19:48:28.785 [main] INFO  o.s.scheduling.concurrent.ThreadPoolTaskExecutor - Initializing ExecutorService 'jmReportTaskExecutor'
2024-03-09 19:48:30.042 [main] INFO  s.d.s.web.plugins.DocumentationPluginsBootstrapper - Context refreshed
2024-03-09 19:48:30.097 [main] INFO  s.d.s.web.plugins.DocumentationPluginsBootstrapper - Found 4 custom documentation plugin(s)
2024-03-09 19:48:30.233 [main] INFO  s.d.spring.web.scanners.ApiListingReferenceScanner - Scanning for api listing references
2024-03-09 19:48:30.603 [main] INFO  s.d.s.w.r.operation.CachingOperationNameGenerator - Generating unique operation named: addUsingPOST_1
2024-03-09 19:48:30.605 [main] INFO  s.d.s.w.r.operation.CachingOperationNameGenerator - Generating unique operation named: conditionListUsingGET_1
2024-03-09 19:48:30.607 [main] INFO  s.d.s.w.r.operation.CachingOperationNameGenerator - Generating unique operation named: conditionSaveUsingPOST_1
2024-03-09 19:48:30.616 [main] INFO  s.d.s.w.r.operation.CachingOperationNameGenerator - Generating unique operation named: detailUsingPOST_1
2024-03-09 19:48:30.617 [main] INFO  s.d.s.w.r.operation.CachingOperationNameGenerator - Generating unique operation named: editUsingPOST_1
2024-03-09 19:48:30.622 [main] INFO  s.d.s.w.r.operation.CachingOperationNameGenerator - Generating unique operation named: listUsingGET_1
2024-03-09 19:48:30.629 [main] INFO  s.d.s.w.r.operation.CachingOperationNameGenerator - Generating unique operation named: pageUsingGET_1
2024-03-09 19:48:30.682 [main] INFO  s.d.s.w.r.operation.CachingOperationNameGenerator - Generating unique operation named: getListUsingGET_1
2024-03-09 19:48:30.722 [main] INFO  s.d.s.w.r.operation.CachingOperationNameGenerator - Generating unique operation named: getListUsingGET_2
2024-03-09 19:48:30.741 [main] INFO  s.d.s.w.r.operation.CachingOperationNameGenerator - Generating unique operation named: addUsingPOST_2
2024-03-09 19:48:30.752 [main] INFO  s.d.s.w.r.operation.CachingOperationNameGenerator - Generating unique operation named: getListUsingGET_3
2024-03-09 19:48:30.763 [main] INFO  s.d.s.w.r.operation.CachingOperationNameGenerator - Generating unique operation named: getListUsingGET_4
2024-03-09 19:48:30.777 [main] INFO  s.d.s.w.r.operation.CachingOperationNameGenerator - Generating unique operation named: getListUsingGET_5
2024-03-09 19:48:30.790 [main] INFO  s.d.s.w.r.operation.CachingOperationNameGenerator - Generating unique operation named: getListUsingGET_6
2024-03-09 19:48:30.798 [main] INFO  s.d.s.w.r.operation.CachingOperationNameGenerator - Generating unique operation named: addUsingPOST_3
2024-03-09 19:48:30.846 [main] INFO  s.d.s.w.r.operation.CachingOperationNameGenerator - Generating unique operation named: getListUsingGET_7
2024-03-09 19:48:30.874 [main] INFO  s.d.s.w.r.operation.CachingOperationNameGenerator - Generating unique operation named: detailsUsingGET_1
2024-03-09 19:48:30.883 [main] INFO  s.d.s.w.r.operation.CachingOperationNameGenerator - Generating unique operation named: listUsingGET_2
2024-03-09 19:48:30.890 [main] INFO  s.d.s.w.r.operation.CachingOperationNameGenerator - Generating unique operation named: pageUsingGET_2
2024-03-09 19:48:30.908 [main] INFO  s.d.s.w.r.operation.CachingOperationNameGenerator - Generating unique operation named: applyUsingGET_1
2024-03-09 19:48:30.912 [main] INFO  s.d.s.w.r.operation.CachingOperationNameGenerator - Generating unique operation named: pageUsingGET_3
2024-03-09 19:48:30.929 [main] INFO  s.d.s.w.r.operation.CachingOperationNameGenerator - Generating unique operation named: pageUsingGET_4
2024-03-09 19:48:30.963 [main] INFO  s.d.s.w.r.operation.CachingOperationNameGenerator - Generating unique operation named: applyUsingGET_2
2024-03-09 19:48:30.971 [main] INFO  s.d.s.w.r.operation.CachingOperationNameGenerator - Generating unique operation named: pageUsingGET_5
2024-03-09 19:48:30.973 [main] INFO  s.d.s.w.r.operation.CachingOperationNameGenerator - Generating unique operation named: refreshUsingGET_1
2024-03-09 19:48:30.994 [main] INFO  s.d.s.w.r.operation.CachingOperationNameGenerator - Generating unique operation named: applyUsingGET_3
2024-03-09 19:48:31.002 [main] INFO  s.d.s.w.r.operation.CachingOperationNameGenerator - Generating unique operation named: pageUsingGET_6
2024-03-09 19:48:31.004 [main] INFO  s.d.s.w.r.operation.CachingOperationNameGenerator - Generating unique operation named: refreshUsingGET_2
2024-03-09 19:48:31.016 [main] INFO  s.d.s.w.r.operation.CachingOperationNameGenerator - Generating unique operation named: getListUsingGET_8
2024-03-09 19:48:31.025 [main] INFO  s.d.s.w.r.operation.CachingOperationNameGenerator - Generating unique operation named: getListUsingGET_9
2024-03-09 19:48:31.034 [main] INFO  s.d.s.w.r.operation.CachingOperationNameGenerator - Generating unique operation named: getListUsingGET_10
2024-03-09 19:48:31.043 [main] INFO  s.d.s.w.r.operation.CachingOperationNameGenerator - Generating unique operation named: getListUsingGET_11
2024-03-09 19:48:31.058 [main] INFO  s.d.s.w.r.operation.CachingOperationNameGenerator - Generating unique operation named: getListUsingGET_12
2024-03-09 19:48:31.067 [main] INFO  s.d.s.w.r.operation.CachingOperationNameGenerator - Generating unique operation named: getListUsingGET_13
2024-03-09 19:48:31.075 [main] INFO  s.d.s.w.r.operation.CachingOperationNameGenerator - Generating unique operation named: editUsingPOST_2
2024-03-09 19:48:31.079 [main] INFO  s.d.s.w.r.operation.CachingOperationNameGenerator - Generating unique operation named: addUsingPOST_4
2024-03-09 19:48:31.139 [main] INFO  s.d.s.w.r.operation.CachingOperationNameGenerator - Generating unique operation named: getListUsingGET_14
2024-03-09 19:48:31.142 [main] INFO  s.d.s.w.r.operation.CachingOperationNameGenerator - Generating unique operation named: closeUsingGET_1
2024-03-09 19:48:31.150 [main] INFO  s.d.s.w.r.operation.CachingOperationNameGenerator - Generating unique operation named: getListUsingGET_15
2024-03-09 19:48:31.151 [main] INFO  s.d.s.w.r.operation.CachingOperationNameGenerator - Generating unique operation named: openUsingGET_1
2024-03-09 19:48:31.154 [main] INFO  s.d.s.w.r.operation.CachingOperationNameGenerator - Generating unique operation named: detailUsingGET_1
2024-03-09 19:48:31.159 [main] INFO  s.d.s.w.r.operation.CachingOperationNameGenerator - Generating unique operation named: editUsingPOST_3
2024-03-09 19:48:31.169 [main] INFO  s.d.s.w.r.operation.CachingOperationNameGenerator - Generating unique operation named: getListUsingGET_16
2024-03-09 19:48:31.174 [main] INFO  s.d.s.w.r.operation.CachingOperationNameGenerator - Generating unique operation named: increaseUsingPOST_1
2024-03-09 19:48:31.175 [main] INFO  s.d.s.w.r.operation.CachingOperationNameGenerator - Generating unique operation named: reduceUsingPOST_1
2024-03-09 19:48:31.191 [main] INFO  s.d.s.w.r.operation.CachingOperationNameGenerator - Generating unique operation named: getListUsingGET_17
2024-03-09 19:48:31.203 [main] INFO  s.d.s.w.r.operation.CachingOperationNameGenerator - Generating unique operation named: getListUsingGET_18
2024-03-09 19:48:31.211 [main] INFO  s.d.s.w.r.operation.CachingOperationNameGenerator - Generating unique operation named: getListUsingGET_19
2024-03-09 19:48:31.222 [main] INFO  s.d.s.w.r.operation.CachingOperationNameGenerator - Generating unique operation named: getListUsingGET_20
2024-03-09 19:48:31.234 [main] INFO  s.d.s.w.r.operation.CachingOperationNameGenerator - Generating unique operation named: getListUsingGET_21
2024-03-09 19:48:31.237 [main] INFO  s.d.s.w.r.operation.CachingOperationNameGenerator - Generating unique operation named: addUsingPOST_5
2024-03-09 19:48:31.239 [main] INFO  s.d.s.w.r.operation.CachingOperationNameGenerator - Generating unique operation named: deleteUsingGET_1
2024-03-09 19:48:31.247 [main] INFO  s.d.s.w.r.operation.CachingOperationNameGenerator - Generating unique operation named: getListUsingGET_22
2024-03-09 19:48:31.251 [main] INFO  s.d.s.w.r.operation.CachingOperationNameGenerator - Generating unique operation named: listUsingGET_3
2024-03-09 19:48:31.253 [main] INFO  s.d.s.w.r.operation.CachingOperationNameGenerator - Generating unique operation named: updateUsingPOST_1
2024-03-09 19:48:31.261 [main] INFO  s.d.s.w.r.operation.CachingOperationNameGenerator - Generating unique operation named: getListUsingGET_23
2024-03-09 19:48:31.264 [main] INFO  s.d.s.w.r.operation.CachingOperationNameGenerator - Generating unique operation named: addUsingPOST_6
2024-03-09 19:48:31.272 [main] INFO  s.d.s.w.r.operation.CachingOperationNameGenerator - Generating unique operation named: getListUsingGET_24
2024-03-09 19:48:31.284 [main] INFO  s.d.s.w.r.operation.CachingOperationNameGenerator - Generating unique operation named: getListUsingGET_25
2024-03-09 19:48:31.287 [main] INFO  s.d.s.w.r.operation.CachingOperationNameGenerator - Generating unique operation named: addUsingPOST_7
2024-03-09 19:48:31.294 [main] INFO  s.d.s.w.r.operation.CachingOperationNameGenerator - Generating unique operation named: getListUsingGET_26
2024-03-09 19:48:31.303 [main] INFO  s.d.s.w.r.operation.CachingOperationNameGenerator - Generating unique operation named: getListUsingGET_27
2024-03-09 19:48:31.317 [main] INFO  s.d.s.w.r.operation.CachingOperationNameGenerator - Generating unique operation named: pageUsingGET_7
2024-03-09 19:48:31.344 [main] INFO  s.d.s.w.r.operation.CachingOperationNameGenerator - Generating unique operation named: pageListUsingGET_1
2024-03-09 19:48:31.346 [main] INFO  s.d.s.w.r.operation.CachingOperationNameGenerator - Generating unique operation named: addUsingGET_1
2024-03-09 19:48:31.354 [main] INFO  s.d.s.w.r.operation.CachingOperationNameGenerator - Generating unique operation named: pageUsingGET_8
2024-03-09 19:48:31.359 [main] INFO  s.d.s.w.r.operation.CachingOperationNameGenerator - Generating unique operation named: bandUsingGET_1
2024-03-09 19:48:31.366 [main] INFO  s.d.s.w.r.operation.CachingOperationNameGenerator - Generating unique operation named: pageListUsingGET_2
2024-03-09 19:48:31.375 [main] INFO  s.d.s.w.r.operation.CachingOperationNameGenerator - Generating unique operation named: pageListUsingGET_3
2024-03-09 19:48:31.380 [main] INFO  s.d.s.w.r.operation.CachingOperationNameGenerator - Generating unique operation named: listUsingGET_4
2024-03-09 19:48:31.388 [main] INFO  s.d.s.w.r.operation.CachingOperationNameGenerator - Generating unique operation named: pageListUsingGET_4
2024-03-09 19:48:31.391 [main] INFO  s.d.s.w.r.operation.CachingOperationNameGenerator - Generating unique operation named: updateUsingPOST_2
2024-03-09 19:48:31.399 [main] INFO  s.d.s.w.r.operation.CachingOperationNameGenerator - Generating unique operation named: getListUsingGET_28
2024-03-09 19:48:31.402 [main] INFO  s.d.s.w.r.operation.CachingOperationNameGenerator - Generating unique operation named: increaseUsingPOST_2
2024-03-09 19:48:31.403 [main] INFO  s.d.s.w.r.operation.CachingOperationNameGenerator - Generating unique operation named: reduceUsingPOST_2
2024-03-09 19:48:31.404 [main] INFO  s.d.s.w.r.operation.CachingOperationNameGenerator - Generating unique operation named: transferUsingPOST_1
2024-03-09 19:48:31.411 [main] INFO  s.d.s.w.r.operation.CachingOperationNameGenerator - Generating unique operation named: getListUsingGET_29
2024-03-09 19:48:31.426 [main] INFO  s.d.s.w.r.operation.CachingOperationNameGenerator - Generating unique operation named: getListUsingGET_30
2024-03-09 19:48:31.432 [main] INFO  s.d.s.w.r.operation.CachingOperationNameGenerator - Generating unique operation named: deleteUsingGET_2
2024-03-09 19:48:31.438 [main] INFO  s.d.s.w.r.operation.CachingOperationNameGenerator - Generating unique operation named: getListUsingGET_31
2024-03-09 19:48:31.440 [main] INFO  s.d.s.w.r.operation.CachingOperationNameGenerator - Generating unique operation named: listUsingGET_5
2024-03-09 19:48:31.461 [main] INFO  s.d.s.w.r.operation.CachingOperationNameGenerator - Generating unique operation named: getListUsingGET_32
2024-03-09 19:48:31.509 [main] INFO  s.d.spring.web.scanners.ApiListingReferenceScanner - Scanning for api listing references
2024-03-09 19:48:31.526 [main] INFO  s.d.s.w.r.operation.CachingOperationNameGenerator - Generating unique operation named: deleteUsingGET_3
2024-03-09 19:48:31.535 [main] INFO  s.d.s.w.r.operation.CachingOperationNameGenerator - Generating unique operation named: getListUsingGET_33
2024-03-09 19:48:31.541 [main] INFO  s.d.s.w.r.operation.CachingOperationNameGenerator - Generating unique operation named: updateUsingPOST_3
2024-03-09 19:48:31.548 [main] INFO  s.d.s.w.r.operation.CachingOperationNameGenerator - Generating unique operation named: deleteUsingGET_4
2024-03-09 19:48:31.556 [main] INFO  s.d.s.w.r.operation.CachingOperationNameGenerator - Generating unique operation named: getListUsingGET_34
2024-03-09 19:48:31.564 [main] INFO  s.d.s.w.r.operation.CachingOperationNameGenerator - Generating unique operation named: infoUsingGET_1
2024-03-09 19:48:31.576 [main] INFO  s.d.s.w.r.operation.CachingOperationNameGenerator - Generating unique operation named: saveUsingPOST_1
2024-03-09 19:48:31.578 [main] INFO  s.d.s.w.r.operation.CachingOperationNameGenerator - Generating unique operation named: updateUsingPOST_4
2024-03-09 19:48:31.589 [main] INFO  s.d.s.w.r.operation.CachingOperationNameGenerator - Generating unique operation named: getListUsingGET_35
2024-03-09 19:48:31.603 [main] INFO  s.d.s.w.r.operation.CachingOperationNameGenerator - Generating unique operation named: deleteUsingPOST_1
2024-03-09 19:48:31.622 [main] INFO  s.d.s.w.r.operation.CachingOperationNameGenerator - Generating unique operation named: getListUsingGET_36
2024-03-09 19:48:31.633 [main] INFO  s.d.s.w.r.operation.CachingOperationNameGenerator - Generating unique operation named: infoUsingGET_2
2024-03-09 19:48:31.638 [main] INFO  s.d.s.w.r.operation.CachingOperationNameGenerator - Generating unique operation named: saveUsingPOST_2
2024-03-09 19:48:31.644 [main] INFO  s.d.s.w.r.operation.CachingOperationNameGenerator - Generating unique operation named: updateUsingPOST_5
2024-03-09 19:48:31.671 [main] INFO  s.d.s.w.r.operation.CachingOperationNameGenerator - Generating unique operation named: deleteUsingPOST_2
2024-03-09 19:48:31.683 [main] INFO  s.d.s.w.r.operation.CachingOperationNameGenerator - Generating unique operation named: getListUsingGET_37
2024-03-09 19:48:31.696 [main] INFO  s.d.s.w.r.operation.CachingOperationNameGenerator - Generating unique operation named: infoUsingGET_3
2024-03-09 19:48:31.700 [main] INFO  s.d.s.w.r.operation.CachingOperationNameGenerator - Generating unique operation named: saveUsingPOST_3
2024-03-09 19:48:31.714 [main] INFO  s.d.s.w.r.operation.CachingOperationNameGenerator - Generating unique operation named: getListUsingGET_38
2024-03-09 19:48:31.736 [main] INFO  s.d.s.w.r.operation.CachingOperationNameGenerator - Generating unique operation named: exportOrderUsingGET_1
2024-03-09 19:48:31.850 [main] INFO  s.d.s.w.r.operation.CachingOperationNameGenerator - Generating unique operation named: infoUsingGET_4
2024-03-09 19:48:31.899 [main] INFO  s.d.s.w.r.operation.CachingOperationNameGenerator - Generating unique operation named: getListUsingGET_39
2024-03-09 19:48:31.947 [main] INFO  s.d.s.w.r.operation.CachingOperationNameGenerator - Generating unique operation named: deleteUsingPOST_3
2024-03-09 19:48:31.978 [main] INFO  s.d.s.w.r.operation.CachingOperationNameGenerator - Generating unique operation named: getListUsingGET_40
2024-03-09 19:48:32.014 [main] INFO  s.d.s.w.r.operation.CachingOperationNameGenerator - Generating unique operation named: infoUsingGET_5
2024-03-09 19:48:32.026 [main] INFO  s.d.s.w.r.operation.CachingOperationNameGenerator - Generating unique operation named: sendUsingPOST_1
2024-03-09 19:48:32.030 [main] INFO  s.d.s.w.r.operation.CachingOperationNameGenerator - Generating unique operation named: deleteUsingGET_5
2024-03-09 19:48:32.036 [main] INFO  s.d.s.w.r.operation.CachingOperationNameGenerator - Generating unique operation named: getListUsingGET_41
2024-03-09 19:48:32.038 [main] INFO  s.d.s.w.r.operation.CachingOperationNameGenerator - Generating unique operation named: infoUsingGET_6
2024-03-09 19:48:32.042 [main] INFO  s.d.s.w.r.operation.CachingOperationNameGenerator - Generating unique operation named: saveUsingPOST_4
2024-03-09 19:48:32.044 [main] INFO  s.d.s.w.r.operation.CachingOperationNameGenerator - Generating unique operation named: updateUsingPOST_6
2024-03-09 19:48:32.046 [main] INFO  s.d.s.w.r.operation.CachingOperationNameGenerator - Generating unique operation named: updateStatusUsingPOST_1
2024-03-09 19:48:32.050 [main] INFO  s.d.s.w.r.operation.CachingOperationNameGenerator - Generating unique operation named: addUsingPOST_8
2024-03-09 19:48:32.051 [main] INFO  s.d.s.w.r.operation.CachingOperationNameGenerator - Generating unique operation named: deleteUsingPOST_4
2024-03-09 19:48:32.098 [main] INFO  s.d.s.w.r.operation.CachingOperationNameGenerator - Generating unique operation named: getListUsingGET_42
2024-03-09 19:48:32.099 [main] INFO  s.d.s.w.r.operation.CachingOperationNameGenerator - Generating unique operation named: updateUsingPOST_7
2024-03-09 19:48:32.119 [main] INFO  s.d.s.w.r.operation.CachingOperationNameGenerator - Generating unique operation named: deleteUsingPOST_5
2024-03-09 19:48:32.138 [main] INFO  s.d.s.w.r.operation.CachingOperationNameGenerator - Generating unique operation named: getListUsingGET_43
2024-03-09 19:48:32.190 [main] INFO  s.d.s.w.r.operation.CachingOperationNameGenerator - Generating unique operation named: infoUsingGET_7
2024-03-09 19:48:32.213 [main] INFO  s.d.s.w.r.operation.CachingOperationNameGenerator - Generating unique operation named: saveUsingPOST_5
2024-03-09 19:48:32.215 [main] INFO  s.d.s.w.r.operation.CachingOperationNameGenerator - Generating unique operation named: updateUsingPOST_8
2024-03-09 19:48:32.220 [main] INFO  s.d.s.w.r.operation.CachingOperationNameGenerator - Generating unique operation named: addUsingPOST_9
2024-03-09 19:48:32.221 [main] INFO  s.d.s.w.r.operation.CachingOperationNameGenerator - Generating unique operation named: deleteUsingPOST_6
2024-03-09 19:48:32.222 [main] INFO  s.d.s.w.r.operation.CachingOperationNameGenerator - Generating unique operation named: editUsingPOST_4
2024-03-09 19:48:32.225 [main] INFO  s.d.s.w.r.operation.CachingOperationNameGenerator - Generating unique operation named: listUsingGET_6
2024-03-09 19:48:32.232 [main] INFO  s.d.s.w.r.operation.CachingOperationNameGenerator - Generating unique operation named: deleteUsingPOST_7
2024-03-09 19:48:32.240 [main] INFO  s.d.s.w.r.operation.CachingOperationNameGenerator - Generating unique operation named: getListUsingGET_44
2024-03-09 19:48:32.245 [main] INFO  s.d.s.w.r.operation.CachingOperationNameGenerator - Generating unique operation named: deleteUsingPOST_8
2024-03-09 19:48:32.250 [main] INFO  s.d.s.w.r.operation.CachingOperationNameGenerator - Generating unique operation named: getListUsingGET_45
2024-03-09 19:48:32.252 [main] INFO  s.d.s.w.r.operation.CachingOperationNameGenerator - Generating unique operation named: infoUsingGET_8
2024-03-09 19:48:32.254 [main] INFO  s.d.s.w.r.operation.CachingOperationNameGenerator - Generating unique operation named: saveUsingPOST_6
2024-03-09 19:48:32.255 [main] INFO  s.d.s.w.r.operation.CachingOperationNameGenerator - Generating unique operation named: updateUsingPOST_9
2024-03-09 19:48:32.256 [main] INFO  s.d.s.w.r.operation.CachingOperationNameGenerator - Generating unique operation named: deleteUsingPOST_9
2024-03-09 19:48:32.262 [main] INFO  s.d.s.w.r.operation.CachingOperationNameGenerator - Generating unique operation named: getListUsingGET_46
2024-03-09 19:48:32.265 [main] INFO  s.d.s.w.r.operation.CachingOperationNameGenerator - Generating unique operation named: infoUsingGET_9
2024-03-09 19:48:32.267 [main] INFO  s.d.s.w.r.operation.CachingOperationNameGenerator - Generating unique operation named: saveUsingPOST_7
2024-03-09 19:48:32.268 [main] INFO  s.d.s.w.r.operation.CachingOperationNameGenerator - Generating unique operation named: updateUsingPOST_10
2024-03-09 19:48:32.269 [main] INFO  s.d.s.w.r.operation.CachingOperationNameGenerator - Generating unique operation named: updateStatusUsingPOST_2
2024-03-09 19:48:32.325 [main] INFO  s.d.s.w.r.operation.CachingOperationNameGenerator - Generating unique operation named: detailUsingGET_2
2024-03-09 19:48:32.336 [main] INFO  s.d.s.w.r.operation.CachingOperationNameGenerator - Generating unique operation named: getListUsingGET_47
2024-03-09 19:48:32.337 [main] INFO  s.d.s.w.r.operation.CachingOperationNameGenerator - Generating unique operation named: deleteUsingGET_6
2024-03-09 19:48:32.343 [main] INFO  s.d.s.w.r.operation.CachingOperationNameGenerator - Generating unique operation named: getListUsingGET_48
2024-03-09 19:48:32.345 [main] INFO  s.d.s.w.r.operation.CachingOperationNameGenerator - Generating unique operation named: infoUsingGET_10
2024-03-09 19:48:32.347 [main] INFO  s.d.s.w.r.operation.CachingOperationNameGenerator - Generating unique operation named: saveUsingPOST_8
2024-03-09 19:48:32.348 [main] INFO  s.d.s.w.r.operation.CachingOperationNameGenerator - Generating unique operation named: updateUsingPOST_11
2024-03-09 19:48:32.351 [main] INFO  s.d.s.w.r.operation.CachingOperationNameGenerator - Generating unique operation named: deleteUsingGET_7
2024-03-09 19:48:32.358 [main] INFO  s.d.s.w.r.operation.CachingOperationNameGenerator - Generating unique operation named: getListUsingGET_49
2024-03-09 19:48:32.359 [main] INFO  s.d.s.w.r.operation.CachingOperationNameGenerator - Generating unique operation named: infoUsingGET_11
2024-03-09 19:48:32.363 [main] INFO  s.d.s.w.r.operation.CachingOperationNameGenerator - Generating unique operation named: saveUsingPOST_9
2024-03-09 19:48:32.367 [main] INFO  s.d.s.w.r.operation.CachingOperationNameGenerator - Generating unique operation named: updateUsingPOST_12
2024-03-09 19:48:32.397 [main] INFO  s.d.s.w.r.operation.CachingOperationNameGenerator - Generating unique operation named: WechatMPLiveGoodsOnSaleUsingPOST_1
2024-03-09 19:48:32.443 [main] INFO  s.d.s.w.r.operation.CachingOperationNameGenerator - Generating unique operation named: getListUsingGET_50
2024-03-09 19:48:32.446 [main] INFO  s.d.s.w.r.operation.CachingOperationNameGenerator - Generating unique operation named: getListUsingGET_51
2024-03-09 19:48:32.452 [main] INFO  s.d.s.w.r.operation.CachingOperationNameGenerator - Generating unique operation named: addUsingPOST_10
2024-03-09 19:48:32.453 [main] INFO  s.d.s.w.r.operation.CachingOperationNameGenerator - Generating unique operation named: deleteUsingGET_8
2024-03-09 19:48:32.471 [main] INFO  s.d.s.w.r.operation.CachingOperationNameGenerator - Generating unique operation named: updateUsingPOST_13
2024-03-09 19:48:32.473 [main] INFO  s.d.s.w.r.operation.CachingOperationNameGenerator - Generating unique operation named: deleteUsingGET_9
2024-03-09 19:48:32.491 [main] INFO  s.d.s.w.r.operation.CachingOperationNameGenerator - Generating unique operation named: getListUsingGET_52
2024-03-09 19:48:32.521 [main] INFO  s.d.s.w.r.operation.CachingOperationNameGenerator - Generating unique operation named: getListUsingGET_53
2024-03-09 19:48:32.525 [main] INFO  s.d.s.w.r.operation.CachingOperationNameGenerator - Generating unique operation named: getListUsingGET_54
2024-03-09 19:48:32.550 [main] INFO  s.d.s.w.r.operation.CachingOperationNameGenerator - Generating unique operation named: getListUsingGET_55
2024-03-09 19:48:32.556 [main] INFO  s.d.s.w.r.operation.CachingOperationNameGenerator - Generating unique operation named: getOrderStatusNumUsingGET_1
2024-03-09 19:48:32.558 [main] INFO  s.d.s.w.r.operation.CachingOperationNameGenerator - Generating unique operation named: markUsingPOST_1
2024-03-09 19:48:32.568 [main] INFO  s.d.s.w.r.operation.CachingOperationNameGenerator - Generating unique operation named: deleteUsingPOST_10
2024-03-09 19:48:32.575 [main] INFO  s.d.s.w.r.operation.CachingOperationNameGenerator - Generating unique operation named: getListUsingGET_56
2024-03-09 19:48:32.589 [main] INFO  s.d.s.w.r.operation.CachingOperationNameGenerator - Generating unique operation named: infoUsingGET_12
2024-03-09 19:48:32.597 [main] INFO  s.d.s.w.r.operation.CachingOperationNameGenerator - Generating unique operation named: saveUsingPOST_10
2024-03-09 19:48:32.598 [main] INFO  s.d.s.w.r.operation.CachingOperationNameGenerator - Generating unique operation named: updateUsingPOST_14
2024-03-09 19:48:32.608 [main] INFO  s.d.spring.web.scanners.ApiListingReferenceScanner - Scanning for api listing references
2024-03-09 19:48:32.633 [main] INFO  s.d.s.w.r.operation.CachingOperationNameGenerator - Generating unique operation named: deleteUsingGET_10
2024-03-09 19:48:32.648 [main] INFO  s.d.s.w.r.operation.CachingOperationNameGenerator - Generating unique operation named: getListUsingGET_57
2024-03-09 19:48:32.651 [main] INFO  s.d.s.w.r.operation.CachingOperationNameGenerator - Generating unique operation named: saveUsingPOST_11
2024-03-09 19:48:32.652 [main] INFO  s.d.s.w.r.operation.CachingOperationNameGenerator - Generating unique operation named: updateUsingPOST_15
2024-03-09 19:48:32.655 [main] INFO  s.d.s.w.r.operation.CachingOperationNameGenerator - Generating unique operation named: updateStatusUsingPOST_3
2024-03-09 19:48:32.675 [main] INFO  s.d.s.w.r.operation.CachingOperationNameGenerator - Generating unique operation named: addUsingPOST_11
2024-03-09 19:48:32.677 [main] INFO  s.d.s.w.r.operation.CachingOperationNameGenerator - Generating unique operation named: deleteUsingPOST_11
2024-03-09 19:48:32.682 [main] INFO  s.d.s.w.r.operation.CachingOperationNameGenerator - Generating unique operation named: getListUsingGET_58
2024-03-09 19:48:32.682 [main] INFO  s.d.s.w.r.operation.CachingOperationNameGenerator - Generating unique operation named: updateUsingPOST_16
2024-03-09 19:48:32.685 [main] INFO  s.d.s.w.r.operation.CachingOperationNameGenerator - Generating unique operation named: deleteUsingPOST_12
2024-03-09 19:48:32.694 [main] INFO  s.d.s.w.r.operation.CachingOperationNameGenerator - Generating unique operation named: getListUsingGET_59
2024-03-09 19:48:32.698 [main] INFO  s.d.s.w.r.operation.CachingOperationNameGenerator - Generating unique operation named: infoUsingGET_13
2024-03-09 19:48:32.708 [main] INFO  s.d.s.w.r.operation.CachingOperationNameGenerator - Generating unique operation named: saveUsingPOST_12
2024-03-09 19:48:32.710 [main] INFO  s.d.s.w.r.operation.CachingOperationNameGenerator - Generating unique operation named: updateUsingPOST_17
2024-03-09 19:48:32.715 [main] INFO  s.d.s.w.r.operation.CachingOperationNameGenerator - Generating unique operation named: addUsingPOST_12
2024-03-09 19:48:32.716 [main] INFO  s.d.s.w.r.operation.CachingOperationNameGenerator - Generating unique operation named: deleteUsingPOST_13
2024-03-09 19:48:32.719 [main] INFO  s.d.s.w.r.operation.CachingOperationNameGenerator - Generating unique operation named: editUsingPOST_5
2024-03-09 19:48:32.721 [main] INFO  s.d.s.w.r.operation.CachingOperationNameGenerator - Generating unique operation named: getListTreeUsingGET_1
2024-03-09 19:48:32.725 [main] INFO  s.d.s.w.r.operation.CachingOperationNameGenerator - Generating unique operation named: addUsingPOST_13
2024-03-09 19:48:32.733 [main] INFO  s.d.s.w.r.operation.CachingOperationNameGenerator - Generating unique operation named: updateUsingPOST_18
2024-03-09 19:48:32.734 [main] INFO  s.d.s.w.r.operation.CachingOperationNameGenerator - Generating unique operation named: updateUsingPOST_19
2024-03-09 19:48:32.741 [main] INFO  s.d.s.w.r.operation.CachingOperationNameGenerator - Generating unique operation named: auditUsingPOST_1
2024-03-09 19:48:32.743 [main] INFO  s.d.s.w.r.operation.CachingOperationNameGenerator - Generating unique operation named: deleteUsingPOST_14
2024-03-09 19:48:32.748 [main] INFO  s.d.s.w.r.operation.CachingOperationNameGenerator - Generating unique operation named: detailUsingGET_3
2024-03-09 19:48:32.755 [main] INFO  s.d.s.w.r.operation.CachingOperationNameGenerator - Generating unique operation named: findPageListUsingGET_1
2024-03-09 19:48:32.760 [main] INFO  s.d.s.w.r.operation.CachingOperationNameGenerator - Generating unique operation named: auditUsingPOST_2
2024-03-09 19:48:32.761 [main] INFO  s.d.s.w.r.operation.CachingOperationNameGenerator - Generating unique operation named: deleteUsingPOST_15
2024-03-09 19:48:32.770 [main] INFO  s.d.s.w.r.operation.CachingOperationNameGenerator - Generating unique operation named: findPageListUsingGET_2
2024-03-09 19:48:32.773 [main] INFO  s.d.s.w.r.operation.CachingOperationNameGenerator - Generating unique operation named: addUsingPOST_14
2024-03-09 19:48:32.778 [main] INFO  s.d.s.w.r.operation.CachingOperationNameGenerator - Generating unique operation named: findPageListUsingGET_3
2024-03-09 19:48:32.780 [main] INFO  s.d.s.w.r.operation.CachingOperationNameGenerator - Generating unique operation named: updateUsingPOST_20
2024-03-09 19:48:32.781 [main] INFO  s.d.s.w.r.operation.CachingOperationNameGenerator - Generating unique operation named: updateUsingPOST_21
2024-03-09 19:48:32.785 [main] INFO  s.d.s.w.r.operation.CachingOperationNameGenerator - Generating unique operation named: getInfoUsingGET_1
2024-03-09 19:48:32.796 [main] INFO  s.d.s.w.r.operation.CachingOperationNameGenerator - Generating unique operation named: getListUsingGET_60
2024-03-09 19:48:32.797 [main] INFO  s.d.s.w.r.operation.CachingOperationNameGenerator - Generating unique operation named: infoUsingGET_14
2024-03-09 19:48:32.800 [main] INFO  s.d.s.w.r.operation.CachingOperationNameGenerator - Generating unique operation named: updateUsingPOST_22
2024-03-09 19:48:32.802 [main] INFO  s.d.s.w.r.operation.CachingOperationNameGenerator - Generating unique operation named: updateUsingPOST_23
2024-03-09 19:48:32.813 [main] INFO  s.d.s.w.r.operation.CachingOperationNameGenerator - Generating unique operation named: getDailyStatementListUsingGET_1
2024-03-09 19:48:32.818 [main] INFO  s.d.s.w.r.operation.CachingOperationNameGenerator - Generating unique operation named: getFundsFlowUsingGET_1
2024-03-09 19:48:32.828 [main] INFO  s.d.s.w.r.operation.CachingOperationNameGenerator - Generating unique operation named: getMerchantClosingDetailUsingGET_1
2024-03-09 19:48:32.834 [main] INFO  s.d.s.w.r.operation.CachingOperationNameGenerator - Generating unique operation named: getMerchantClosingPageListUsingGET_1
2024-03-09 19:48:32.835 [main] INFO  s.d.s.w.r.operation.CachingOperationNameGenerator - Generating unique operation named: getMonthStatementListUsingGET_1
2024-03-09 19:48:32.864 [main] INFO  s.d.s.w.r.operation.CachingOperationNameGenerator - Generating unique operation named: indexDateUsingGET_1
2024-03-09 19:48:32.866 [main] INFO  s.d.s.w.r.operation.CachingOperationNameGenerator - Generating unique operation named: operatingDataUsingGET_1
2024-03-09 19:48:32.877 [main] INFO  s.d.s.w.r.operation.CachingOperationNameGenerator - Generating unique operation named: getConfigUsingGET_1
2024-03-09 19:48:32.880 [main] INFO  s.d.s.w.r.operation.CachingOperationNameGenerator - Generating unique operation named: updateConfigUsingPOST_1
2024-03-09 19:48:32.894 [main] INFO  s.d.s.w.r.operation.CachingOperationNameGenerator - Generating unique operation named: auditUsingPOST_3
2024-03-09 19:48:32.907 [main] INFO  s.d.s.w.r.operation.CachingOperationNameGenerator - Generating unique operation named: addUsingPOST_15
2024-03-09 19:48:32.910 [main] INFO  s.d.s.w.r.operation.CachingOperationNameGenerator - Generating unique operation named: deleteUsingPOST_16
2024-03-09 19:48:32.913 [main] INFO  s.d.s.w.r.operation.CachingOperationNameGenerator - Generating unique operation named: getListUsingGET_61
2024-03-09 19:48:32.914 [main] INFO  s.d.s.w.r.operation.CachingOperationNameGenerator - Generating unique operation named: updateUsingPOST_24
2024-03-09 19:48:32.919 [main] INFO  s.d.s.w.r.operation.CachingOperationNameGenerator - Generating unique operation named: addUsingPOST_16
2024-03-09 19:48:32.926 [main] INFO  s.d.s.w.r.operation.CachingOperationNameGenerator - Generating unique operation named: getDetailUsingGET_1
2024-03-09 19:48:32.938 [main] INFO  s.d.s.w.r.operation.CachingOperationNameGenerator - Generating unique operation named: getPageListUsingGET_1
2024-03-09 19:48:32.951 [main] INFO  s.d.s.w.r.operation.CachingOperationNameGenerator - Generating unique operation named: recommendSwitchUsingPOST_1
2024-03-09 19:48:32.956 [main] INFO  s.d.s.w.r.operation.CachingOperationNameGenerator - Generating unique operation named: updateUsingPOST_25
2024-03-09 19:48:32.965 [main] INFO  s.d.s.w.r.operation.CachingOperationNameGenerator - Generating unique operation named: addUsingPOST_17
2024-03-09 19:48:32.967 [main] INFO  s.d.s.w.r.operation.CachingOperationNameGenerator - Generating unique operation named: allListUsingGET_1
2024-03-09 19:48:32.968 [main] INFO  s.d.s.w.r.operation.CachingOperationNameGenerator - Generating unique operation named: deleteUsingPOST_17
2024-03-09 19:48:32.971 [main] INFO  s.d.s.w.r.operation.CachingOperationNameGenerator - Generating unique operation named: getListUsingGET_62
2024-03-09 19:48:32.971 [main] INFO  s.d.s.w.r.operation.CachingOperationNameGenerator - Generating unique operation named: updateUsingPOST_26
2024-03-09 19:48:32.992 [main] INFO  s.d.s.w.r.operation.CachingOperationNameGenerator - Generating unique operation named: getInfoUsingGET_2
2024-03-09 19:48:33.024 [main] INFO  s.d.s.w.r.operation.CachingOperationNameGenerator - Generating unique operation named: updatePhoneUsingPOST_1
2024-03-09 19:48:33.025 [main] INFO  s.d.s.w.r.operation.CachingOperationNameGenerator - Generating unique operation named: updatePhoneUsingPOST_2
2024-03-09 19:48:33.040 [main] INFO  s.d.s.w.r.operation.CachingOperationNameGenerator - Generating unique operation named: deleteUsingGET_11
2024-03-09 19:48:33.047 [main] INFO  s.d.s.w.r.operation.CachingOperationNameGenerator - Generating unique operation named: getListUsingGET_63
2024-03-09 19:48:33.049 [main] INFO  s.d.s.w.r.operation.CachingOperationNameGenerator - Generating unique operation named: infoUsingGET_15
2024-03-09 19:48:33.051 [main] INFO  s.d.s.w.r.operation.CachingOperationNameGenerator - Generating unique operation named: saveUsingPOST_13
2024-03-09 19:48:33.052 [main] INFO  s.d.s.w.r.operation.CachingOperationNameGenerator - Generating unique operation named: updateUsingPOST_27
2024-03-09 19:48:33.054 [main] INFO  s.d.s.w.r.operation.CachingOperationNameGenerator - Generating unique operation named: deleteUsingGET_12
2024-03-09 19:48:33.061 [main] INFO  s.d.s.w.r.operation.CachingOperationNameGenerator - Generating unique operation named: getListUsingGET_64
2024-03-09 19:48:33.068 [main] INFO  s.d.s.w.r.operation.CachingOperationNameGenerator - Generating unique operation named: infoUsingGET_16
2024-03-09 19:48:33.074 [main] INFO  s.d.s.w.r.operation.CachingOperationNameGenerator - Generating unique operation named: saveUsingPOST_14
2024-03-09 19:48:33.076 [main] INFO  s.d.s.w.r.operation.CachingOperationNameGenerator - Generating unique operation named: updateUsingPOST_28
2024-03-09 19:48:33.078 [main] INFO  s.d.s.w.r.operation.CachingOperationNameGenerator - Generating unique operation named: updateUsingPOST_29
2024-03-09 19:48:33.099 [main] INFO  s.d.s.w.r.operation.CachingOperationNameGenerator - Generating unique operation named: deleteUsingGET_13
2024-03-09 19:48:33.105 [main] INFO  s.d.s.w.r.operation.CachingOperationNameGenerator - Generating unique operation named: getListUsingGET_65
2024-03-09 19:48:33.108 [main] INFO  s.d.s.w.r.operation.CachingOperationNameGenerator - Generating unique operation named: infoUsingGET_17
2024-03-09 19:48:33.111 [main] INFO  s.d.s.w.r.operation.CachingOperationNameGenerator - Generating unique operation named: saveUsingPOST_15
2024-03-09 19:48:33.112 [main] INFO  s.d.s.w.r.operation.CachingOperationNameGenerator - Generating unique operation named: updateUsingPOST_30
2024-03-09 19:48:33.113 [main] INFO  s.d.s.w.r.operation.CachingOperationNameGenerator - Generating unique operation named: getUsingGET_1
2024-03-09 19:48:33.120 [main] INFO  s.d.s.w.r.operation.CachingOperationNameGenerator - Generating unique operation named: getListUsingGET_66
2024-03-09 19:48:33.122 [main] INFO  s.d.s.w.r.operation.CachingOperationNameGenerator - Generating unique operation named: sendUserCodeUsingGET_1
2024-03-09 19:48:33.123 [main] INFO  s.d.s.w.r.operation.CachingOperationNameGenerator - Generating unique operation named: getUsingGET_2
2024-03-09 19:48:33.125 [main] INFO  s.d.s.w.r.operation.CachingOperationNameGenerator - Generating unique operation named: getListUsingGET_67
2024-03-09 19:48:33.131 [main] INFO  s.d.s.w.r.operation.CachingOperationNameGenerator - Generating unique operation named: addUsingPOST_18
2024-03-09 19:48:33.132 [main] INFO  s.d.s.w.r.operation.CachingOperationNameGenerator - Generating unique operation named: deleteUsingGET_14
2024-03-09 19:48:33.139 [main] INFO  s.d.s.w.r.operation.CachingOperationNameGenerator - Generating unique operation named: getDraftInfoUsingGET_1
2024-03-09 19:48:33.142 [main] INFO  s.d.s.w.r.operation.CachingOperationNameGenerator - Generating unique operation named: getDraftListUsingGET_1
2024-03-09 19:48:33.144 [main] INFO  s.d.s.w.r.operation.CachingOperationNameGenerator - Generating unique operation named: reviewUsingPOST_1
2024-03-09 19:48:33.145 [main] INFO  s.d.s.w.r.operation.CachingOperationNameGenerator - Generating unique operation named: updateUsingPOST_31
2024-03-09 19:48:33.146 [main] INFO  s.d.s.w.r.operation.CachingOperationNameGenerator - Generating unique operation named: deleteUsingPOST_18
2024-03-09 19:48:33.154 [main] INFO  s.d.s.w.r.operation.CachingOperationNameGenerator - Generating unique operation named: getInfoUsingGET_3
2024-03-09 19:48:33.183 [main] INFO  s.d.s.w.r.operation.CachingOperationNameGenerator - Generating unique operation named: shopRegisterFinishAccessInfoUsingPOST_1
2024-03-09 19:48:33.260 [main] INFO  s.d.s.w.r.operation.CachingOperationNameGenerator - Generating unique operation named: shopBrandListUsingGET_1
2024-03-09 19:48:33.271 [main] INFO  s.d.s.w.r.operation.CachingOperationNameGenerator - Generating unique operation named: shopCatGetUsingPOST_1
2024-03-09 19:48:33.280 [main] INFO  s.d.s.w.r.operation.CachingOperationNameGenerator - Generating unique operation named: shopImgUploadUsingPOST_1
2024-03-09 19:48:33.283 [main] INFO  s.d.s.w.r.operation.CachingOperationNameGenerator - Generating unique operation named: shopUsableBrandListUsingGET_1
2024-03-09 19:48:33.344 [main] INFO  s.d.s.w.r.operation.CachingOperationNameGenerator - Generating unique operation named: deleteUsingGET_15
2024-03-09 19:48:33.350 [main] INFO  s.d.s.w.r.operation.CachingOperationNameGenerator - Generating unique operation named: getListUsingGET_68
2024-03-09 19:48:33.354 [main] INFO  s.d.s.w.r.operation.CachingOperationNameGenerator - Generating unique operation named: infoUsingGET_18
2024-03-09 19:48:33.356 [main] INFO  s.d.s.w.r.operation.CachingOperationNameGenerator - Generating unique operation named: saveUsingPOST_16
2024-03-09 19:48:33.358 [main] INFO  s.d.s.w.r.operation.CachingOperationNameGenerator - Generating unique operation named: updateUsingPOST_32
2024-03-09 19:48:33.359 [main] INFO  s.d.s.w.r.operation.CachingOperationNameGenerator - Generating unique operation named: updateStatusUsingGET_1
2024-03-09 19:48:33.362 [main] INFO  s.d.s.w.r.operation.CachingOperationNameGenerator - Generating unique operation named: deleteUsingPOST_19
2024-03-09 19:48:33.365 [main] INFO  s.d.s.w.r.operation.CachingOperationNameGenerator - Generating unique operation named: getListUsingGET_69
2024-03-09 19:48:33.367 [main] INFO  s.d.s.w.r.operation.CachingOperationNameGenerator - Generating unique operation named: updateAttrIdUsingPOST_1
2024-03-09 19:48:33.369 [main] INFO  s.d.s.w.r.operation.CachingOperationNameGenerator - Generating unique operation named: deleteUsingPOST_20
2024-03-09 19:48:33.372 [main] INFO  s.d.s.w.r.operation.CachingOperationNameGenerator - Generating unique operation named: getByIdsUsingGET_1
2024-03-09 19:48:33.373 [main] INFO  s.d.s.w.r.operation.CachingOperationNameGenerator - Generating unique operation named: getByIdsUsingPOST_1
2024-03-09 19:48:33.377 [main] INFO  s.d.s.w.r.operation.CachingOperationNameGenerator - Generating unique operation named: getListUsingGET_70
2024-03-09 19:48:33.381 [main] INFO  s.d.s.w.r.operation.CachingOperationNameGenerator - Generating unique operation named: getListTreeUsingGET_2
2024-03-09 19:48:33.382 [main] INFO  s.d.s.w.r.operation.CachingOperationNameGenerator - Generating unique operation named: infoUsingGET_19
2024-03-09 19:48:33.384 [main] INFO  s.d.s.w.r.operation.CachingOperationNameGenerator - Generating unique operation named: saveUsingPOST_17
2024-03-09 19:48:33.386 [main] INFO  s.d.s.w.r.operation.CachingOperationNameGenerator - Generating unique operation named: updateUsingPOST_33
2024-03-09 19:48:33.392 [main] INFO  s.d.s.w.r.operation.CachingOperationNameGenerator - Generating unique operation named: addUsingPOST_19
2024-03-09 19:48:33.401 [main] INFO  s.d.s.w.r.operation.CachingOperationNameGenerator - Generating unique operation named: deleteUsingPOST_21
2024-03-09 19:48:33.412 [main] INFO  s.d.s.w.r.operation.CachingOperationNameGenerator - Generating unique operation named: getDetailUsingGET_2
2024-03-09 19:48:33.417 [main] INFO  s.d.s.w.r.operation.CachingOperationNameGenerator - Generating unique operation named: getListUsingGET_71
2024-03-09 19:48:33.421 [main] INFO  s.d.s.w.r.operation.CachingOperationNameGenerator - Generating unique operation named: getListUsingGET_72
2024-03-09 19:48:33.424 [main] INFO  s.d.s.w.r.operation.CachingOperationNameGenerator - Generating unique operation named: updateUsingPOST_34
2024-03-09 19:48:33.436 [main] INFO  s.d.s.w.r.operation.CachingOperationNameGenerator - Generating unique operation named: exportOrderUsingGET_2
2024-03-09 19:48:33.440 [main] INFO  s.d.s.w.r.operation.CachingOperationNameGenerator - Generating unique operation named: getListUsingGET_73
2024-03-09 19:48:33.443 [main] INFO  s.d.s.w.r.operation.CachingOperationNameGenerator - Generating unique operation named: getAdminInfoUsingGET_1
2024-03-09 19:48:33.445 [main] INFO  s.d.s.w.r.operation.CachingOperationNameGenerator - Generating unique operation named: getLoginPicUsingGET_1
2024-03-09 19:48:33.447 [main] INFO  s.d.s.w.r.operation.CachingOperationNameGenerator - Generating unique operation named: getMenusUsingGET_1
2024-03-09 19:48:33.450 [main] INFO  s.d.s.w.r.operation.CachingOperationNameGenerator - Generating unique operation named: loginAdminUpdateUsingPOST_1
2024-03-09 19:48:33.455 [main] INFO  s.d.s.w.r.operation.CachingOperationNameGenerator - Generating unique operation named: addUsingPOST_20
2024-03-09 19:48:33.456 [main] INFO  s.d.s.w.r.operation.CachingOperationNameGenerator - Generating unique operation named: deleteUsingPOST_22
2024-03-09 19:48:33.461 [main] INFO  s.d.s.w.r.operation.CachingOperationNameGenerator - Generating unique operation named: getListUsingGET_74
2024-03-09 19:48:33.465 [main] INFO  s.d.s.w.r.operation.CachingOperationNameGenerator - Generating unique operation named: infoUsingGET_20
2024-03-09 19:48:33.466 [main] INFO  s.d.s.w.r.operation.CachingOperationNameGenerator - Generating unique operation named: updateUsingPOST_35
2024-03-09 19:48:33.467 [main] INFO  s.d.s.w.r.operation.CachingOperationNameGenerator - Generating unique operation named: updateShowStatusUsingPOST_1
2024-03-09 19:48:33.469 [main] INFO  s.d.s.w.r.operation.CachingOperationNameGenerator - Generating unique operation named: addUsingPOST_21
2024-03-09 19:48:33.470 [main] INFO  s.d.s.w.r.operation.CachingOperationNameGenerator - Generating unique operation named: deleteUsingPOST_23
2024-03-09 19:48:33.471 [main] INFO  s.d.s.w.r.operation.CachingOperationNameGenerator - Generating unique operation named: getListUsingGET_75
2024-03-09 19:48:33.471 [main] INFO  s.d.s.w.r.operation.CachingOperationNameGenerator - Generating unique operation named: infoUsingGET_21
2024-03-09 19:48:33.472 [main] INFO  s.d.s.w.r.operation.CachingOperationNameGenerator - Generating unique operation named: updateUsingPOST_36
2024-03-09 19:48:33.473 [main] INFO  s.d.s.w.r.operation.CachingOperationNameGenerator - Generating unique operation named: updateShowStatusUsingPOST_2
2024-03-09 19:48:33.479 [main] INFO  s.d.s.w.r.operation.CachingOperationNameGenerator - Generating unique operation named: confirmPayUsingGET_1
2024-03-09 19:48:33.485 [main] INFO  s.d.s.w.r.operation.CachingOperationNameGenerator - Generating unique operation named: getInvoiceListUsingGET_1
2024-03-09 19:48:33.492 [main] INFO  s.d.s.w.r.operation.CachingOperationNameGenerator - Generating unique operation named: getListUsingGET_76
2024-03-09 19:48:33.493 [main] INFO  s.d.s.w.r.operation.CachingOperationNameGenerator - Generating unique operation named: getLogisticsInfoUsingGET_1
2024-03-09 19:48:33.496 [main] INFO  s.d.s.w.r.operation.CachingOperationNameGenerator - Generating unique operation named: getOrderStatusNumUsingGET_2
2024-03-09 19:48:33.510 [main] INFO  s.d.s.w.r.operation.CachingOperationNameGenerator - Generating unique operation named: infoUsingGET_22
2024-03-09 19:48:33.522 [main] INFO  s.d.s.w.r.operation.CachingOperationNameGenerator - Generating unique operation named: getDetailUsingGET_3
2024-03-09 19:48:33.527 [main] INFO  s.d.s.w.r.operation.CachingOperationNameGenerator - Generating unique operation named: getListUsingGET_77
2024-03-09 19:48:33.531 [main] INFO  s.d.s.w.r.operation.CachingOperationNameGenerator - Generating unique operation named: getOrderStatusNumUsingGET_3
2024-03-09 19:48:33.533 [main] INFO  s.d.s.w.r.operation.CachingOperationNameGenerator - Generating unique operation named: markUsingPOST_2
2024-03-09 19:48:33.535 [main] INFO  s.d.s.w.r.operation.CachingOperationNameGenerator - Generating unique operation named: deleteUsingPOST_24
2024-03-09 19:48:33.546 [main] INFO  s.d.s.w.r.operation.CachingOperationNameGenerator - Generating unique operation named: getListUsingGET_78
2024-03-09 19:48:33.575 [main] INFO  s.d.s.w.r.operation.CachingOperationNameGenerator - Generating unique operation named: infoUsingGET_23
2024-03-09 19:48:33.599 [main] INFO  s.d.s.w.r.operation.CachingOperationNameGenerator - Generating unique operation named: saveUsingPOST_18
2024-03-09 19:48:33.601 [main] INFO  s.d.s.w.r.operation.CachingOperationNameGenerator - Generating unique operation named: updateUsingPOST_37
2024-03-09 19:48:33.602 [main] INFO  s.d.s.w.r.operation.CachingOperationNameGenerator - Generating unique operation named: updateStatusUsingPOST_4
2024-03-09 19:48:33.607 [main] INFO  s.d.s.w.r.operation.CachingOperationNameGenerator - Generating unique operation named: fileUsingPOST_1
2024-03-09 19:48:33.611 [main] INFO  s.d.s.w.r.operation.CachingOperationNameGenerator - Generating unique operation named: imageUsingPOST_1
2024-03-09 19:48:33.635 [main] INFO  s.d.s.w.r.operation.CachingOperationNameGenerator - Generating unique operation named: detailUsingGET_4
2024-03-09 19:48:33.655 [main] INFO  s.d.s.w.r.operation.CachingOperationNameGenerator - Generating unique operation named: foundsUsingGET_1
2024-03-09 19:48:33.679 [main] INFO  s.d.s.w.r.operation.CachingOperationNameGenerator - Generating unique operation named: getListUsingGET_79
2024-03-09 19:48:33.715 [main] INFO  s.d.s.w.r.operation.CachingOperationNameGenerator - Generating unique operation named: updateUsingPOST_38
2024-03-09 19:48:33.726 [main] INFO  s.d.s.w.r.operation.CachingOperationNameGenerator - Generating unique operation named: deleteUsingPOST_25
2024-03-09 19:48:33.736 [main] INFO  s.d.s.w.r.operation.CachingOperationNameGenerator - Generating unique operation named: getListUsingGET_80
2024-03-09 19:48:33.742 [main] INFO  s.d.s.w.r.operation.CachingOperationNameGenerator - Generating unique operation named: saveUsingPOST_19
2024-03-09 19:48:33.744 [main] INFO  s.d.s.w.r.operation.CachingOperationNameGenerator - Generating unique operation named: updateUsingPOST_39
2024-03-09 19:48:33.749 [main] INFO  s.d.s.w.r.operation.CachingOperationNameGenerator - Generating unique operation named: deleteUsingGET_16
2024-03-09 19:48:33.764 [main] INFO  s.d.s.w.r.operation.CachingOperationNameGenerator - Generating unique operation named: getListUsingGET_81
2024-03-09 19:48:33.768 [main] INFO  s.d.s.w.r.operation.CachingOperationNameGenerator - Generating unique operation named: infoUsingGET_24
2024-03-09 19:48:33.774 [main] INFO  s.d.s.w.r.operation.CachingOperationNameGenerator - Generating unique operation named: saveUsingPOST_20
2024-03-09 19:48:33.776 [main] INFO  s.d.s.w.r.operation.CachingOperationNameGenerator - Generating unique operation named: sortUsingGET_1
2024-03-09 19:48:33.782 [main] INFO  s.d.s.w.r.operation.CachingOperationNameGenerator - Generating unique operation named: WechatMPLiveDeleteGoodsInRoomUsingGET_1
2024-03-09 19:48:33.784 [main] INFO  s.d.s.w.r.operation.CachingOperationNameGenerator - Generating unique operation named: WechatMPLiveDeleteRoomUsingGET_1
2024-03-09 19:48:33.805 [main] INFO  s.d.s.w.r.operation.CachingOperationNameGenerator - Generating unique operation named: WechatMPLiveListRoomUsingPOST_1
2024-03-09 19:48:33.811 [main] INFO  s.d.s.w.r.operation.CachingOperationNameGenerator - Generating unique operation named: WechatMPLiveRoomGetShareCodeUsingGET_1
2024-03-09 19:48:33.820 [main] INFO  s.d.s.w.r.operation.CachingOperationNameGenerator - Generating unique operation named: WechatMPLiveRoomGoodsListUsingGET_1
2024-03-09 19:48:33.826 [main] INFO  s.d.s.w.r.operation.CachingOperationNameGenerator - Generating unique operation named: WechatMPLiveUpdateCommentUsingGET_1
2024-03-09 19:48:33.829 [main] INFO  s.d.s.w.r.operation.CachingOperationNameGenerator - Generating unique operation named: WechatMPLiveUpdateFeedPublicUsingGET_1
2024-03-09 19:48:33.830 [main] INFO  s.d.s.w.r.operation.CachingOperationNameGenerator - Generating unique operation named: WechatMPLiveUpdateReplayUsingGET_1
2024-03-09 19:48:33.835 [main] INFO  s.d.s.w.r.operation.CachingOperationNameGenerator - Generating unique operation named: addUsingPOST_22
2024-03-09 19:48:33.836 [main] INFO  s.d.s.w.r.operation.CachingOperationNameGenerator - Generating unique operation named: deleteUsingPOST_26
2024-03-09 19:48:33.838 [main] INFO  s.d.s.w.r.operation.CachingOperationNameGenerator - Generating unique operation named: getCacheAllListUsingGET_1
2024-03-09 19:48:33.845 [main] INFO  s.d.s.w.r.operation.CachingOperationNameGenerator - Generating unique operation named: getListUsingGET_82
2024-03-09 19:48:33.846 [main] INFO  s.d.s.w.r.operation.CachingOperationNameGenerator - Generating unique operation named: updateUsingPOST_40
2024-03-09 19:48:33.846 [main] INFO  s.d.s.w.r.operation.CachingOperationNameGenerator - Generating unique operation named: updateShowStatusUsingPOST_3
2024-03-09 19:48:33.850 [main] INFO  s.d.s.w.r.operation.CachingOperationNameGenerator - Generating unique operation named: addUsingPOST_23
2024-03-09 19:48:33.851 [main] INFO  s.d.s.w.r.operation.CachingOperationNameGenerator - Generating unique operation named: deleteUsingPOST_27
2024-03-09 19:48:33.853 [main] INFO  s.d.s.w.r.operation.CachingOperationNameGenerator - Generating unique operation named: getListUsingGET_83
2024-03-09 19:48:33.858 [main] INFO  s.d.s.w.r.operation.CachingOperationNameGenerator - Generating unique operation named: updateUsingPOST_41
2024-03-09 19:48:33.858 [main] INFO  s.d.s.w.r.operation.CachingOperationNameGenerator - Generating unique operation named: updateShowStatusUsingPOST_4
2024-03-09 19:48:33.862 [main] INFO  s.d.s.w.r.operation.CachingOperationNameGenerator - Generating unique operation named: auditUsingPOST_4
2024-03-09 19:48:33.875 [main] INFO  s.d.s.w.r.operation.CachingOperationNameGenerator - Generating unique operation named: getActivitySearchPageUsingGET_1
2024-03-09 19:48:33.885 [main] INFO  s.d.s.w.r.operation.CachingOperationNameGenerator - Generating unique operation named: getListUsingGET_84
2024-03-09 19:48:33.896 [main] INFO  s.d.s.w.r.operation.CachingOperationNameGenerator - Generating unique operation named: getTabsHeaderUsingGET_1
2024-03-09 19:48:33.915 [main] INFO  s.d.s.w.r.operation.CachingOperationNameGenerator - Generating unique operation named: infoUsingGET_25
2024-03-09 19:48:33.926 [main] INFO  s.d.s.w.r.operation.CachingOperationNameGenerator - Generating unique operation named: addUsingPOST_24
2024-03-09 19:48:33.928 [main] INFO  s.d.s.w.r.operation.CachingOperationNameGenerator - Generating unique operation named: deleteUsingPOST_28
2024-03-09 19:48:33.935 [main] INFO  s.d.s.w.r.operation.CachingOperationNameGenerator - Generating unique operation named: getListUsingGET_85
2024-03-09 19:48:33.937 [main] INFO  s.d.s.w.r.operation.CachingOperationNameGenerator - Generating unique operation named: updateUsingPOST_42
2024-03-09 19:48:33.939 [main] INFO  s.d.s.w.r.operation.CachingOperationNameGenerator - Generating unique operation named: updateShowStatusUsingPOST_5
2024-03-09 19:48:33.943 [main] INFO  s.d.s.w.r.operation.CachingOperationNameGenerator - Generating unique operation named: deleteUsingGET_17
2024-03-09 19:48:33.952 [main] INFO  s.d.s.w.r.operation.CachingOperationNameGenerator - Generating unique operation named: getListUsingGET_86
2024-03-09 19:48:33.954 [main] INFO  s.d.s.w.r.operation.CachingOperationNameGenerator - Generating unique operation named: deleteUsingGET_18
2024-03-09 19:48:33.967 [main] INFO  s.d.s.w.r.operation.CachingOperationNameGenerator - Generating unique operation named: getListUsingGET_87
2024-03-09 19:48:33.991 [main] INFO  s.d.s.w.r.operation.CachingOperationNameGenerator - Generating unique operation named: infoUsingGET_26
2024-03-09 19:48:33.992 [main] INFO  s.d.s.w.r.operation.CachingOperationNameGenerator - Generating unique operation named: infoUsingGET_27
2024-03-09 19:48:33.996 [main] INFO  s.d.s.w.r.operation.CachingOperationNameGenerator - Generating unique operation named: saveUsingPOST_21
2024-03-09 19:48:33.999 [main] INFO  s.d.s.w.r.operation.CachingOperationNameGenerator - Generating unique operation named: updateUsingPOST_43
2024-03-09 19:48:34.007 [main] INFO  s.d.s.w.r.operation.CachingOperationNameGenerator - Generating unique operation named: getListUsingGET_88
2024-03-09 19:48:34.060 [main] INFO  s.d.s.w.r.operation.CachingOperationNameGenerator - Generating unique operation named: addUsingPOST_25
2024-03-09 19:48:34.061 [main] INFO  s.d.s.w.r.operation.CachingOperationNameGenerator - Generating unique operation named: deleteUsingPOST_29
2024-03-09 19:48:34.066 [main] INFO  s.d.s.w.r.operation.CachingOperationNameGenerator - Generating unique operation named: getListUsingGET_89
2024-03-09 19:48:34.086 [main] INFO  s.d.s.w.r.operation.CachingOperationNameGenerator - Generating unique operation named: updateUsingPOST_44
2024-03-09 19:48:34.131 [main] INFO  s.d.s.w.r.operation.CachingOperationNameGenerator - Generating unique operation named: activityDetailUsingGET_1
2024-03-09 19:48:34.141 [main] INFO  s.d.s.w.r.operation.CachingOperationNameGenerator - Generating unique operation named: activityPageUsingGET_1
2024-03-09 19:48:34.149 [main] INFO  s.d.s.w.r.operation.CachingOperationNameGenerator - Generating unique operation named: addProductUsingPOST_1
2024-03-09 19:48:34.164 [main] INFO  s.d.s.w.r.operation.CachingOperationNameGenerator - Generating unique operation named: deleteProductUsingPOST_1
2024-03-09 19:48:34.166 [main] INFO  s.d.s.w.r.operation.CachingOperationNameGenerator - Generating unique operation named: downProductUsingPOST_1
2024-03-09 19:48:34.179 [main] INFO  s.d.s.w.r.operation.CachingOperationNameGenerator - Generating unique operation named: getSeckillProductPageUsingGET_1
2024-03-09 19:48:34.194 [main] INFO  s.d.s.w.r.operation.CachingOperationNameGenerator - Generating unique operation named: setProductPriceUsingPOST_1
2024-03-09 19:48:34.202 [main] INFO  s.d.s.w.r.operation.CachingOperationNameGenerator - Generating unique operation named: deleteUsingPOST_30
2024-03-09 19:48:34.204 [main] INFO  s.d.s.w.r.operation.CachingOperationNameGenerator - Generating unique operation named: editBaseConfigUsingPOST_1
2024-03-09 19:48:34.210 [main] INFO  s.d.s.w.r.operation.CachingOperationNameGenerator - Generating unique operation named: getConfigUsingGET_2
2024-03-09 19:48:34.238 [main] INFO  s.d.s.w.r.operation.CachingOperationNameGenerator - Generating unique operation named: infoUsingGET_28
2024-03-09 19:48:34.251 [main] INFO  s.d.s.w.r.operation.CachingOperationNameGenerator - Generating unique operation named: justGetUniqUsingGET_1
2024-03-09 19:48:34.268 [main] INFO  s.d.s.w.r.operation.CachingOperationNameGenerator - Generating unique operation named: getListUsingGET_90
2024-03-09 19:48:34.271 [main] INFO  s.d.s.w.r.operation.CachingOperationNameGenerator - Generating unique operation named: infoUsingGET_29
2024-03-09 19:48:34.273 [main] INFO  s.d.s.w.r.operation.CachingOperationNameGenerator - Generating unique operation named: nameInfoUsingGET_1
2024-03-09 19:48:34.276 [main] INFO  s.d.s.w.r.operation.CachingOperationNameGenerator - Generating unique operation named: saveUsingPOST_22
2024-03-09 19:48:34.279 [main] INFO  s.d.s.w.r.operation.CachingOperationNameGenerator - Generating unique operation named: updateUsingPOST_45
2024-03-09 19:48:34.281 [main] INFO  s.d.s.w.r.operation.CachingOperationNameGenerator - Generating unique operation named: deleteUsingGET_19
2024-03-09 19:48:34.298 [main] INFO  s.d.s.w.r.operation.CachingOperationNameGenerator - Generating unique operation named: getListUsingGET_91
2024-03-09 19:48:34.306 [main] INFO  s.d.s.w.r.operation.CachingOperationNameGenerator - Generating unique operation named: infoUsingGET_30
2024-03-09 19:48:34.315 [main] INFO  s.d.s.w.r.operation.CachingOperationNameGenerator - Generating unique operation named: saveUsingPOST_23
2024-03-09 19:48:34.317 [main] INFO  s.d.s.w.r.operation.CachingOperationNameGenerator - Generating unique operation named: updateUsingPOST_46
2024-03-09 19:48:34.321 [main] INFO  s.d.s.w.r.operation.CachingOperationNameGenerator - Generating unique operation named: deleteUsingGET_20
2024-03-09 19:48:34.338 [main] INFO  s.d.s.w.r.operation.CachingOperationNameGenerator - Generating unique operation named: getListUsingGET_92
2024-03-09 19:48:34.346 [main] INFO  s.d.s.w.r.operation.CachingOperationNameGenerator - Generating unique operation named: infoUsingGET_31
2024-03-09 19:48:34.363 [main] INFO  s.d.s.w.r.operation.CachingOperationNameGenerator - Generating unique operation named: saveUsingPOST_24
2024-03-09 19:48:34.366 [main] INFO  s.d.s.w.r.operation.CachingOperationNameGenerator - Generating unique operation named: updateUsingPOST_47
2024-03-09 19:48:34.392 [main] INFO  s.d.s.w.r.operation.CachingOperationNameGenerator - Generating unique operation named: getListUsingGET_93
2024-03-09 19:48:34.419 [main] INFO  s.d.s.w.r.operation.CachingOperationNameGenerator - Generating unique operation named: infoUsingGET_32
2024-03-09 19:48:34.443 [main] INFO  s.d.s.w.r.operation.CachingOperationNameGenerator - Generating unique operation named: updateUsingPOST_48
2024-03-09 19:48:34.453 [main] INFO  s.d.s.w.r.operation.CachingOperationNameGenerator - Generating unique operation named: deleteUsingPOST_31
2024-03-09 19:48:34.465 [main] INFO  s.d.s.w.r.operation.CachingOperationNameGenerator - Generating unique operation named: getConfigUsingGET_3
2024-03-09 19:48:34.472 [main] INFO  s.d.s.w.r.operation.CachingOperationNameGenerator - Generating unique operation named: getListUsingGET_94
2024-03-09 19:48:34.482 [main] INFO  s.d.s.w.r.operation.CachingOperationNameGenerator - Generating unique operation named: saveUsingPOST_25
2024-03-09 19:48:34.484 [main] INFO  s.d.s.w.r.operation.CachingOperationNameGenerator - Generating unique operation named: updateUsingPOST_49
2024-03-09 19:48:34.486 [main] INFO  s.d.s.w.r.operation.CachingOperationNameGenerator - Generating unique operation named: updateConfigUsingPOST_2
2024-03-09 19:48:34.687 [main] INFO  s.d.s.w.r.operation.CachingOperationNameGenerator - Generating unique operation named: getListUsingGET_95
2024-03-09 19:48:34.689 [main] INFO  s.d.s.w.r.operation.CachingOperationNameGenerator - Generating unique operation named: deleteUsingGET_21
2024-03-09 19:48:34.705 [main] INFO  s.d.s.w.r.operation.CachingOperationNameGenerator - Generating unique operation named: getListUsingGET_96
2024-03-09 19:48:34.709 [main] INFO  s.d.s.w.r.operation.CachingOperationNameGenerator - Generating unique operation named: infoUsingGET_33
2024-03-09 19:48:34.728 [main] INFO  s.d.s.w.r.operation.CachingOperationNameGenerator - Generating unique operation named: saveUsingPOST_26
2024-03-09 19:48:34.746 [main] INFO  s.d.s.w.r.operation.CachingOperationNameGenerator - Generating unique operation named: updateUsingPOST_50
2024-03-09 19:48:34.749 [main] INFO  s.d.s.w.r.operation.CachingOperationNameGenerator - Generating unique operation named: updateUsingPOST_51
2024-03-09 19:48:34.873 [main] INFO  s.d.spring.web.scanners.ApiListingReferenceScanner - Scanning for api listing references
2024-03-09 19:48:34.972 [main] INFO  s.d.s.w.r.operation.CachingOperationNameGenerator - Generating unique operation named: getUsingGET_3
2024-03-09 19:48:34.998 [main] INFO  s.d.s.w.r.operation.CachingOperationNameGenerator - Generating unique operation named: webHookUsingPOST_1
2024-03-09 19:48:35.001 [main] INFO  s.d.s.w.r.operation.CachingOperationNameGenerator - Generating unique operation named: webHookUsingGET_1
2024-03-09 19:48:35.004 [main] INFO  o.s.scheduling.quartz.SchedulerFactoryBean - Starting Quartz Scheduler now
2024-03-09 19:48:35.196 [main] INFO  o.s.scheduling.quartz.LocalDataSourceJobStore - Freed 1 triggers from 'acquired' / 'blocked' state.
2024-03-09 19:48:35.268 [main] INFO  o.s.scheduling.quartz.LocalDataSourceJobStore - Recovering 0 jobs that were in-progress at the time of the last shut-down.
2024-03-09 19:48:35.268 [main] INFO  o.s.scheduling.quartz.LocalDataSourceJobStore - Recovery complete.
2024-03-09 19:48:35.298 [main] INFO  o.s.scheduling.quartz.LocalDataSourceJobStore - Removed 0 'complete' triggers.
2024-03-09 19:48:35.337 [main] INFO  o.s.scheduling.quartz.LocalDataSourceJobStore - Removed 2 stale fired job entries.
2024-03-09 19:48:35.400 [main] INFO  org.quartz.core.QuartzScheduler - Scheduler quartzScheduler_$_NON_CLUSTERED started.
2024-03-09 19:48:35.448 [main] INFO  org.apache.coyote.http11.Http11NioProtocol - Starting ProtocolHandler ["http-nio-8181"]
2024-03-09 19:48:35.665 [main] INFO  o.s.boot.web.embedded.tomcat.TomcatWebServer - Tomcat started on port(s): 8181 (http) with context path ''
2024-03-09 19:48:35.683 [main] INFO  com.jbp.admin.JbpAdminApplication - Started JbpAdminApplication in 66.326 seconds (JVM running for 67.61)
2024-03-09 19:48:40.516 [RMI TCP Connection(16)-192.168.2.30] INFO  o.a.c.core.ContainerBase.[Tomcat].[localhost].[/] - Initializing Spring DispatcherServlet 'dispatcherServlet'
2024-03-09 19:48:40.516 [RMI TCP Connection(16)-192.168.2.30] INFO  org.springframework.web.servlet.DispatcherServlet - Initializing Servlet 'dispatcherServlet'
2024-03-09 19:48:40.620 [RMI TCP Connection(16)-192.168.2.30] INFO  org.springframework.web.servlet.DispatcherServlet - Completed initialization in 104 ms
2024-03-09 19:49:01.567 [task-executor-1] INFO  com.jbp.admin.quartz.SysJobListener - 任务准备执行，任务ID：5
2024-03-09 19:49:01.582 [task-executor-1] INFO  com.jbp.admin.task.order.OrderAutoCancelTask - ---OrderAutoCancelTask task------produce Data with fixed rate task: Execution Time - Sat Mar 09 19:49:01 CST 2024
2024-03-09 19:49:01.591 [task-executor-1] INFO  com.jbp.service.service.impl.OrderTaskServiceImpl - OrderTaskServiceImpl.autoCancel | size:0
2024-03-09 19:49:01.591 [task-executor-1] INFO  com.jbp.admin.quartz.SysJobListener - 任务执行完毕，任务ID：5  总共耗时：25毫秒
2024-03-09 19:49:02.458 [task-executor-2] INFO  com.jbp.admin.quartz.SysJobListener - 任务准备执行，任务ID：9
2024-03-09 19:49:02.460 [task-executor-2] INFO  com.jbp.admin.task.order.OrderPaySuccessTask - ---OrderPaySuccessTask task------produce Data with fixed rate task: Execution Time - Sat Mar 09 19:49:02 CST 2024
2024-03-09 19:49:02.462 [task-executor-2] INFO  com.jbp.service.service.impl.OrderTaskServiceImpl - OrderTaskServiceImpl.orderPaySuccessAfter | size:0
2024-03-09 19:49:02.463 [task-executor-2] INFO  com.jbp.admin.quartz.SysJobListener - 任务执行完毕，任务ID：9  总共耗时：5毫秒
2024-03-09 19:49:03.357 [task-executor-3] INFO  com.jbp.admin.quartz.SysJobListener - 任务准备执行，任务ID：11
2024-03-09 19:49:03.358 [task-executor-3] INFO  com.jbp.admin.task.order.OrderRefundTask - ---OrderRefundTask task------produce Data with fixed rate task: Execution Time - Sat Mar 09 19:49:03 CST 2024
2024-03-09 19:49:03.359 [task-executor-3] INFO  com.jbp.service.service.impl.OrderTaskServiceImpl - OrderTaskServiceImpl.orderRefund | size:0
2024-03-09 19:49:03.360 [task-executor-3] INFO  com.jbp.admin.quartz.SysJobListener - 任务执行完毕，任务ID：11  总共耗时：2毫秒
2024-03-09 19:49:04.286 [task-executor-4] INFO  com.jbp.admin.quartz.SysJobListener - 任务准备执行，任务ID：36
2024-03-09 19:49:04.302 [task-executor-4] INFO  com.jbp.admin.task.user.UserRelationFlowTask - ---UserRelationFlowTask refresh------produce Data with fixed rate task: Execution Time - 2024-03-09 19:49:04
2024-03-09 19:49:04.611 [task-executor-4] INFO  com.jbp.admin.quartz.SysJobListener - 任务执行完毕，任务ID：36  总共耗时：325毫秒
2024-03-09 19:50:28.923 [task-executor-5] INFO  com.jbp.admin.quartz.SysJobListener - 任务准备执行，任务ID：4
2024-03-09 19:50:28.925 [task-executor-5] INFO  com.jbp.admin.task.integral.IntegralFrozenTask - ---IntegralFrozenTask task------produce Data with fixed rate task: Execution Time - Sat Mar 09 19:50:28 CST 2024
2024-03-09 19:52:33.089 [task-executor-5] INFO  com.jbp.admin.quartz.SysJobListener - 任务执行完毕，任务ID：4  总共耗时：124166毫秒
2024-03-09 19:53:19.934 [task-executor-6] INFO  com.jbp.admin.quartz.SysJobListener - 任务准备执行，任务ID：3
2024-03-09 19:53:19.936 [task-executor-6] INFO  com.jbp.admin.task.coupon.CouponOverdueTask - ---CouponOverdueTask task------produce Data with fixed rate task: Execution Time - 2024-03-09 19:53:19
2024-03-09 19:53:20.041 [SpringContextShutdownHook] INFO  org.quartz.core.QuartzScheduler - Scheduler quartzScheduler_$_NON_CLUSTERED paused.
2024-03-09 19:53:20.124 [SpringContextShutdownHook] INFO  o.s.scheduling.concurrent.ThreadPoolTaskExecutor - Shutting down ExecutorService 'jmReportTaskExecutor'
2024-03-09 19:53:20.138 [SpringContextShutdownHook] INFO  o.s.scheduling.concurrent.ThreadPoolTaskExecutor - Shutting down ExecutorService 'taskExecutor'
2024-03-09 19:53:20.162 [SpringContextShutdownHook] INFO  o.s.scheduling.quartz.SchedulerFactoryBean - Shutting down Quartz Scheduler
2024-03-09 19:53:20.163 [SpringContextShutdownHook] INFO  org.quartz.core.QuartzScheduler - Scheduler quartzScheduler_$_NON_CLUSTERED shutting down.
2024-03-09 19:53:20.163 [SpringContextShutdownHook] INFO  org.quartz.core.QuartzScheduler - Scheduler quartzScheduler_$_NON_CLUSTERED paused.
2024-03-09 19:53:20.170 [SpringContextShutdownHook] INFO  org.quartz.core.QuartzScheduler - Scheduler quartzScheduler_$_NON_CLUSTERED shutdown complete.
2024-03-09 19:53:20.189 [task-executor-6] INFO  com.jbp.admin.quartz.SysJobListener - 任务执行完毕，任务ID：3  总共耗时：256毫秒
2024-03-09 19:53:20.397 [SpringContextShutdownHook] INFO  com.alibaba.druid.pool.DruidDataSource - {dataSource-1} closing ...
2024-03-09 19:53:20.438 [SpringContextShutdownHook] INFO  com.alibaba.druid.pool.DruidDataSource - {dataSource-1} closed
