[host:] [param:]
				[URL:]

				级别:ERROR,类名:com.Jwebmall.sign.SignInterceptor,时间:2024-06-25 20:38:20,382,输出行:82,输出消息:"headerSessionId=231000001Q1719319098950_9HjiyjXf!5D27F0390227A253BF3ACB7C2302CEE020ACEC82296BFD5572A98F6E91A3F82F"
-------------------------------------------------------

[host:] [param:]
				[URL:]

				级别:ERROR,类名:com.Jwebmall.sign.SignInterceptor,时间:2024-06-25 20:38:22,850,输出行:82,输出消息:"headerSessionId=231000001Q1719319098950_9HjiyjXf!5D27F0390227A253BF3ACB7C2302CEE020ACEC82296BFD5572A98F6E91A3F82F"
-------------------------------------------------------

[host:] [param:]
				[URL:]

				级别:ERROR,类名:com.Jwebmall.sign.SignInterceptor,时间:2024-06-25 20:38:22,907,输出行:82,输出消息:"headerSessionId=231000001Q1719319098950_9HjiyjXf!5D27F0390227A253BF3ACB7C2302CEE020ACEC82296BFD5572A98F6E91A3F82F"
-------------------------------------------------------

[host:] [param:]
				[URL:]

				级别:ERROR,类名:com.Jwebmall.sign.SignInterceptor,时间:2024-06-25 20:38:23,056,输出行:82,输出消息:"headerSessionId=231000001Q1719319098950_9HjiyjXf!5D27F0390227A253BF3ACB7C2302CEE020ACEC82296BFD5572A98F6E91A3F82F"
-------------------------------------------------------

[host:] [param:]
				[URL:]

				级别:ERROR,类名:com.Jwebmall.sign.SignInterceptor,时间:2024-06-25 20:38:23,195,输出行:82,输出消息:"headerSessionId=231000001Q1719319098950_9HjiyjXf!5D27F0390227A253BF3ACB7C2302CEE020ACEC82296BFD5572A98F6E91A3F82F"
-------------------------------------------------------

[host:] [param:]
				[URL:]

				级别:ERROR,类名:com.Jwebmall.sign.SignInterceptor,时间:2024-06-25 20:38:26,901,输出行:82,输出消息:"headerSessionId=231000001Q1719319098950_9HjiyjXf!5D27F0390227A253BF3ACB7C2302CEE020ACEC82296BFD5572A98F6E91A3F82F"
-------------------------------------------------------

[host:] [param:]
				[URL:]

				级别:ERROR,类名:com.Jwebmall.sign.SignInterceptor,时间:2024-06-25 20:38:27,637,输出行:82,输出消息:"headerSessionId=231000001Q1719319098950_9HjiyjXf!5D27F0390227A253BF3ACB7C2302CEE020ACEC82296BFD5572A98F6E91A3F82F"
-------------------------------------------------------

[host:] [param:]
				[URL:]

				级别:ERROR,类名:com.Jwebmall.sign.SignInterceptor,时间:2024-06-25 20:38:47,970,输出行:82,输出消息:"headerSessionId=231000001Q1719319098950_9HjiyjXf!5D27F0390227A253BF3ACB7C2302CEE020ACEC82296BFD5572A98F6E91A3F82F"
-------------------------------------------------------

[host:] [param:]
				[URL:]

				级别:ERROR,类名:com.Jwebmall.sign.SignInterceptor,时间:2024-06-25 20:38:48,683,输出行:82,输出消息:"headerSessionId=231000001Q1719319098950_9HjiyjXf!5D27F0390227A253BF3ACB7C2302CEE020ACEC82296BFD5572A98F6E91A3F82F"
-------------------------------------------------------

[host:] [param:]
				[URL:]

				级别:ERROR,类名:com.Jwebmall.sign.SignInterceptor,时间:2024-06-25 20:38:49,399,输出行:82,输出消息:"headerSessionId=231000001Q1719319098950_9HjiyjXf!5D27F0390227A253BF3ACB7C2302CEE020ACEC82296BFD5572A98F6E91A3F82F"
-------------------------------------------------------

[host:] [param:]
				[URL:]

				级别:ERROR,类名:com.Jwebmall.sign.SignInterceptor,时间:2024-06-25 20:38:53,011,输出行:82,输出消息:"headerSessionId=231000001Q1719319098950_9HjiyjXf!5D27F0390227A253BF3ACB7C2302CEE020ACEC82296BFD5572A98F6E91A3F82F"
-------------------------------------------------------

[host:] [param:]
				[URL:]

				级别:ERROR,类名:com.Jwebmall.sign.SignInterceptor,时间:2024-06-25 20:38:53,016,输出行:82,输出消息:"headerSessionId=231000001Q1719319098950_9HjiyjXf!5D27F0390227A253BF3ACB7C2302CEE020ACEC82296BFD5572A98F6E91A3F82F"
-------------------------------------------------------

[host:] [param:]
				[URL:]

				级别:ERROR,类名:com.Jwebmall.sign.SignInterceptor,时间:2024-06-25 20:38:53,191,输出行:82,输出消息:"headerSessionId=231000001Q1719319098950_9HjiyjXf!5D27F0390227A253BF3ACB7C2302CEE020ACEC82296BFD5572A98F6E91A3F82F"
-------------------------------------------------------

[host:] [param:]
				[URL:]

				级别:ERROR,类名:com.Jwebmall.sign.SignInterceptor,时间:2024-06-25 20:38:53,214,输出行:82,输出消息:"headerSessionId=231000001Q1719319098950_9HjiyjXf!5D27F0390227A253BF3ACB7C2302CEE020ACEC82296BFD5572A98F6E91A3F82F"
-------------------------------------------------------

[host:] [param:]
				[URL:]

				级别:ERROR,类名:com.Jwebmall.sign.SignInterceptor,时间:2024-06-25 20:38:54,325,输出行:82,输出消息:"headerSessionId=231000001Q1719319098950_9HjiyjXf!5D27F0390227A253BF3ACB7C2302CEE020ACEC82296BFD5572A98F6E91A3F82F"
-------------------------------------------------------

[host:] [param:]
				[URL:]

				级别:ERROR,类名:com.Jwebmall.sign.SignInterceptor,时间:2024-06-25 20:38:55,940,输出行:82,输出消息:"headerSessionId=231000001Q1719319098950_9HjiyjXf!5D27F0390227A253BF3ACB7C2302CEE020ACEC82296BFD5572A98F6E91A3F82F"
-------------------------------------------------------

[host:] [param:]
				[URL:]

				级别:ERROR,类名:com.Jwebmall.sign.SignInterceptor,时间:2024-06-25 20:38:56,943,输出行:82,输出消息:"headerSessionId=231000001Q1719319098950_9HjiyjXf!5D27F0390227A253BF3ACB7C2302CEE020ACEC82296BFD5572A98F6E91A3F82F"
-------------------------------------------------------

[host:] [param:]
				[URL:]

				级别:ERROR,类名:com.Jwebmall.sign.SignInterceptor,时间:2024-06-25 20:39:02,035,输出行:82,输出消息:"headerSessionId=231000001Q1719319098950_9HjiyjXf!5D27F0390227A253BF3ACB7C2302CEE020ACEC82296BFD5572A98F6E91A3F82F"
-------------------------------------------------------

[host:] [param:]
				[URL:]

				级别:ERROR,类名:com.Jwebmall.sign.SignInterceptor,时间:2024-06-25 20:39:07,183,输出行:82,输出消息:"headerSessionId=231000001Q1719319098950_9HjiyjXf!5D27F0390227A253BF3ACB7C2302CEE020ACEC82296BFD5572A98F6E91A3F82F"
-------------------------------------------------------

[host:] [param:]
				[URL:]

				级别:ERROR,类名:com.Jwebmall.sign.SignInterceptor,时间:2024-06-25 20:39:07,226,输出行:82,输出消息:"headerSessionId=231000001Q1719319098950_9HjiyjXf!5D27F0390227A253BF3ACB7C2302CEE020ACEC82296BFD5572A98F6E91A3F82F"
-------------------------------------------------------

[host:] [param:]
				[URL:]

				级别:ERROR,类名:com.Jwebmall.sign.SignInterceptor,时间:2024-06-25 20:39:07,235,输出行:82,输出消息:"headerSessionId=231000001Q1719319098950_9HjiyjXf!5D27F0390227A253BF3ACB7C2302CEE020ACEC82296BFD5572A98F6E91A3F82F"
-------------------------------------------------------

[host:] [param:]
				[URL:]

				级别:ERROR,类名:com.Jwebmall.sign.SignInterceptor,时间:2024-06-25 20:39:07,378,输出行:82,输出消息:"headerSessionId=231000001Q1719319098950_9HjiyjXf!5D27F0390227A253BF3ACB7C2302CEE020ACEC82296BFD5572A98F6E91A3F82F"
-------------------------------------------------------

[host:] [param:]
				[URL:]

				级别:ERROR,类名:com.Jwebmall.sign.SignInterceptor,时间:2024-06-25 20:39:07,418,输出行:82,输出消息:"headerSessionId=231000001Q1719319098950_9HjiyjXf!5D27F0390227A253BF3ACB7C2302CEE020ACEC82296BFD5572A98F6E91A3F82F"
-------------------------------------------------------

[host:] [param:]
				[URL:]

				级别:ERROR,类名:com.Jwebmall.sign.SignInterceptor,时间:2024-06-25 20:39:08,040,输出行:82,输出消息:"headerSessionId=231000001Q1719319098950_9HjiyjXf!5D27F0390227A253BF3ACB7C2302CEE020ACEC82296BFD5572A98F6E91A3F82F"
-------------------------------------------------------

[host:] [param:]
				[URL:]

				级别:ERROR,类名:com.Jwebmall.sign.SignInterceptor,时间:2024-06-25 20:39:08,123,输出行:82,输出消息:"headerSessionId=231000001Q1719319098950_9HjiyjXf!5D27F0390227A253BF3ACB7C2302CEE020ACEC82296BFD5572A98F6E91A3F82F"
-------------------------------------------------------

[host:] [param:]
				[URL:]

				级别:ERROR,类名:com.Jwebmall.sign.SignInterceptor,时间:2024-06-25 20:39:08,124,输出行:82,输出消息:"headerSessionId=231000001Q1719319098950_9HjiyjXf!5D27F0390227A253BF3ACB7C2302CEE020ACEC82296BFD5572A98F6E91A3F82F"
-------------------------------------------------------

[host:] [param:]
				[URL:]

				级别:ERROR,类名:com.Jwebmall.sign.SignInterceptor,时间:2024-06-25 20:39:08,235,输出行:82,输出消息:"headerSessionId=231000001Q1719319098950_9HjiyjXf!5D27F0390227A253BF3ACB7C2302CEE020ACEC82296BFD5572A98F6E91A3F82F"
-------------------------------------------------------

[host:] [param:]
				[URL:]

				级别:ERROR,类名:com.Jwebmall.sign.SignInterceptor,时间:2024-06-25 20:39:08,259,输出行:82,输出消息:"headerSessionId=231000001Q1719319098950_9HjiyjXf!5D27F0390227A253BF3ACB7C2302CEE020ACEC82296BFD5572A98F6E91A3F82F"
-------------------------------------------------------

[host:] [param:]
				[URL:]

				级别:ERROR,类名:com.Jwebmall.sign.SignInterceptor,时间:2024-06-25 20:39:08,840,输出行:82,输出消息:"headerSessionId=231000001Q1719319098950_9HjiyjXf!5D27F0390227A253BF3ACB7C2302CEE020ACEC82296BFD5572A98F6E91A3F82F"
-------------------------------------------------------

[host:] [param:]
				[URL:]

				级别:ERROR,类名:com.Jwebmall.sign.SignInterceptor,时间:2024-06-25 20:39:09,185,输出行:82,输出消息:"headerSessionId=231000001Q1719319098950_9HjiyjXf!5D27F0390227A253BF3ACB7C2302CEE020ACEC82296BFD5572A98F6E91A3F82F"
-------------------------------------------------------

[host:] [param:]
				[URL:]

				级别:ERROR,类名:com.Jwebmall.sign.SignInterceptor,时间:2024-06-25 20:39:10,194,输出行:82,输出消息:"headerSessionId=231000001Q1719319098950_9HjiyjXf!5D27F0390227A253BF3ACB7C2302CEE020ACEC82296BFD5572A98F6E91A3F82F"
-------------------------------------------------------

[host:] [param:]
				[URL:]

				级别:ERROR,类名:com.Jwebmall.sign.SignInterceptor,时间:2024-06-25 20:39:11,205,输出行:82,输出消息:"headerSessionId=231000001Q1719319098950_9HjiyjXf!5D27F0390227A253BF3ACB7C2302CEE020ACEC82296BFD5572A98F6E91A3F82F"
-------------------------------------------------------

[host:] [param:]
				[URL:]

				级别:ERROR,类名:com.Jwebmall.sign.SignInterceptor,时间:2024-06-25 20:39:12,217,输出行:82,输出消息:"headerSessionId=231000001Q1719319098950_9HjiyjXf!5D27F0390227A253BF3ACB7C2302CEE020ACEC82296BFD5572A98F6E91A3F82F"
-------------------------------------------------------

[host:] [param:]
				[URL:]

				级别:ERROR,类名:com.Jwebmall.sign.SignInterceptor,时间:2024-06-25 20:39:12,960,输出行:82,输出消息:"headerSessionId=231000001Q1719319098950_9HjiyjXf!5D27F0390227A253BF3ACB7C2302CEE020ACEC82296BFD5572A98F6E91A3F82F"
-------------------------------------------------------

[host:] [param:]
				[URL:]

				级别:ERROR,类名:com.Jwebmall.sign.SignInterceptor,时间:2024-06-25 20:39:14,187,输出行:82,输出消息:"headerSessionId=231000001Q1719319098950_9HjiyjXf!5D27F0390227A253BF3ACB7C2302CEE020ACEC82296BFD5572A98F6E91A3F82F"
-------------------------------------------------------

[host:] [param:]
				[URL:]

				级别:ERROR,类名:com.Jwebmall.sign.SignInterceptor,时间:2024-06-25 20:39:15,179,输出行:82,输出消息:"headerSessionId=231000001Q1719319098950_9HjiyjXf!5D27F0390227A253BF3ACB7C2302CEE020ACEC82296BFD5572A98F6E91A3F82F"
-------------------------------------------------------

[host:] [param:]
				[URL:]

				级别:ERROR,类名:com.Jwebmall.sign.SignInterceptor,时间:2024-06-25 20:39:16,173,输出行:82,输出消息:"headerSessionId=231000001Q1719319098950_9HjiyjXf!5D27F0390227A253BF3ACB7C2302CEE020ACEC82296BFD5572A98F6E91A3F82F"
-------------------------------------------------------

[host:] [param:]
				[URL:]

				级别:ERROR,类名:com.Jwebmall.sign.SignInterceptor,时间:2024-06-25 20:39:17,184,输出行:82,输出消息:"headerSessionId=231000001Q1719319098950_9HjiyjXf!5D27F0390227A253BF3ACB7C2302CEE020ACEC82296BFD5572A98F6E91A3F82F"
-------------------------------------------------------

[host:] [param:]
				[URL:]

				级别:ERROR,类名:com.Jwebmall.sign.SignInterceptor,时间:2024-06-25 20:39:18,189,输出行:82,输出消息:"headerSessionId=231000001Q1719319098950_9HjiyjXf!5D27F0390227A253BF3ACB7C2302CEE020ACEC82296BFD5572A98F6E91A3F82F"
-------------------------------------------------------

[host:] [param:]
				[URL:]

				级别:ERROR,类名:com.Jwebmall.sign.SignInterceptor,时间:2024-06-25 20:39:19,236,输出行:82,输出消息:"headerSessionId=231000001Q1719319098950_9HjiyjXf!5D27F0390227A253BF3ACB7C2302CEE020ACEC82296BFD5572A98F6E91A3F82F"
-------------------------------------------------------

[host:] [param:]
				[URL:]

				级别:ERROR,类名:com.Jwebmall.sign.SignInterceptor,时间:2024-06-25 20:39:20,187,输出行:82,输出消息:"headerSessionId=231000001Q1719319098950_9HjiyjXf!5D27F0390227A253BF3ACB7C2302CEE020ACEC82296BFD5572A98F6E91A3F82F"
-------------------------------------------------------

[host:] [param:]
				[URL:]

				级别:ERROR,类名:com.Jwebmall.sign.SignInterceptor,时间:2024-06-25 20:39:21,196,输出行:82,输出消息:"headerSessionId=231000001Q1719319098950_9HjiyjXf!5D27F0390227A253BF3ACB7C2302CEE020ACEC82296BFD5572A98F6E91A3F82F"
-------------------------------------------------------

[host:] [param:]
				[URL:]

				级别:ERROR,类名:com.Jwebmall.sign.SignInterceptor,时间:2024-06-25 20:39:22,183,输出行:82,输出消息:"headerSessionId=231000001Q1719319098950_9HjiyjXf!5D27F0390227A253BF3ACB7C2302CEE020ACEC82296BFD5572A98F6E91A3F82F"
-------------------------------------------------------

[host:] [param:]
				[URL:]

				级别:ERROR,类名:com.Jwebmall.sign.SignInterceptor,时间:2024-06-25 20:39:23,169,输出行:82,输出消息:"headerSessionId=231000001Q1719319098950_9HjiyjXf!5D27F0390227A253BF3ACB7C2302CEE020ACEC82296BFD5572A98F6E91A3F82F"
-------------------------------------------------------

[host:] [param:]
				[URL:]

				级别:ERROR,类名:com.Jwebmall.sign.SignInterceptor,时间:2024-06-25 20:39:24,184,输出行:82,输出消息:"headerSessionId=231000001Q1719319098950_9HjiyjXf!5D27F0390227A253BF3ACB7C2302CEE020ACEC82296BFD5572A98F6E91A3F82F"
-------------------------------------------------------

[host:] [param:]
				[URL:]

				级别:ERROR,类名:com.Jwebmall.sign.SignInterceptor,时间:2024-06-25 20:39:25,189,输出行:82,输出消息:"headerSessionId=231000001Q1719319098950_9HjiyjXf!5D27F0390227A253BF3ACB7C2302CEE020ACEC82296BFD5572A98F6E91A3F82F"
-------------------------------------------------------

[host:] [param:]
				[URL:]

				级别:ERROR,类名:com.Jwebmall.sign.SignInterceptor,时间:2024-06-25 20:39:26,188,输出行:82,输出消息:"headerSessionId=231000001Q1719319098950_9HjiyjXf!5D27F0390227A253BF3ACB7C2302CEE020ACEC82296BFD5572A98F6E91A3F82F"
-------------------------------------------------------

[host:] [param:]
				[URL:]

				级别:ERROR,类名:com.Jwebmall.sign.SignInterceptor,时间:2024-06-25 20:39:35,153,输出行:82,输出消息:"headerSessionId=231000001Q1719319098950_9HjiyjXf!5D27F0390227A253BF3ACB7C2302CEE020ACEC82296BFD5572A98F6E91A3F82F"
-------------------------------------------------------

[host:] [param:]
				[URL:]

				级别:ERROR,类名:com.Jwebmall.sign.SignInterceptor,时间:2024-06-25 20:39:35,804,输出行:82,输出消息:"headerSessionId=231000001Q1719319098950_9HjiyjXf!5D27F0390227A253BF3ACB7C2302CEE020ACEC82296BFD5572A98F6E91A3F82F"
-------------------------------------------------------

[host:] [param:]
				[URL:]

				级别:ERROR,类名:com.Jwebmall.sign.SignInterceptor,时间:2024-06-25 20:39:50,731,输出行:82,输出消息:"headerSessionId=231000001Q1719319098950_9HjiyjXf!5D27F0390227A253BF3ACB7C2302CEE020ACEC82296BFD5572A98F6E91A3F82F"
-------------------------------------------------------

[host:] [param:]
				[URL:]

				级别:ERROR,类名:com.Jwebmall.sign.SignInterceptor,时间:2024-06-25 20:39:53,327,输出行:82,输出消息:"headerSessionId=231000001Q1719319098950_9HjiyjXf!5D27F0390227A253BF3ACB7C2302CEE020ACEC82296BFD5572A98F6E91A3F82F"
-------------------------------------------------------

[host:] [param:]
				[URL:]

				级别:ERROR,类名:com.Jwebmall.sign.SignInterceptor,时间:2024-06-25 20:39:53,989,输出行:82,输出消息:"headerSessionId=231000001Q1719319098950_9HjiyjXf!5D27F0390227A253BF3ACB7C2302CEE020ACEC82296BFD5572A98F6E91A3F82F"
-------------------------------------------------------

[host:] [param:]
				[URL:]

				级别:ERROR,类名:com.Jwebmall.sign.SignInterceptor,时间:2024-06-25 20:40:01,706,输出行:82,输出消息:"headerSessionId=231000001Q1719319098950_9HjiyjXf!5D27F0390227A253BF3ACB7C2302CEE020ACEC82296BFD5572A98F6E91A3F82F"
-------------------------------------------------------

[host:] [param:]
				[URL:]

				级别:ERROR,类名:com.Jwebmall.sign.SignInterceptor,时间:2024-06-25 20:40:02,465,输出行:82,输出消息:"headerSessionId=231000001Q1719319098950_9HjiyjXf!5D27F0390227A253BF3ACB7C2302CEE020ACEC82296BFD5572A98F6E91A3F82F"
-------------------------------------------------------

[host:] [param:]
				[URL:]

				级别:ERROR,类名:com.Jwebmall.sign.SignInterceptor,时间:2024-06-25 20:46:37,966,输出行:82,输出消息:"headerSessionId=231000001Q1719319098950_9HjiyjXf!5D27F0390227A253BF3ACB7C2302CEE020ACEC82296BFD5572A98F6E91A3F82F"
-------------------------------------------------------

[host:] [param:]
				[URL:]

				级别:ERROR,类名:com.Jwebmall.sign.SignInterceptor,时间:2024-06-25 20:46:37,980,输出行:82,输出消息:"headerSessionId=231000001Q1719319098950_9HjiyjXf!5D27F0390227A253BF3ACB7C2302CEE020ACEC82296BFD5572A98F6E91A3F82F"
-------------------------------------------------------

[host:] [param:]
				[URL:]

				级别:ERROR,类名:com.Jwebmall.sign.SignInterceptor,时间:2024-06-25 20:46:38,299,输出行:82,输出消息:"headerSessionId=231000001Q1719319098950_9HjiyjXf!5D27F0390227A253BF3ACB7C2302CEE020ACEC82296BFD5572A98F6E91A3F82F"
-------------------------------------------------------

[host:] [param:]
				[URL:]

				级别:ERROR,类名:com.Jwebmall.sign.SignInterceptor,时间:2024-06-25 20:46:38,857,输出行:82,输出消息:"headerSessionId=231000001Q1719319098950_9HjiyjXf!5D27F0390227A253BF3ACB7C2302CEE020ACEC82296BFD5572A98F6E91A3F82F"
-------------------------------------------------------

[host:] [param:]
				[URL:]

				级别:ERROR,类名:com.Jwebmall.sign.SignInterceptor,时间:2024-06-25 20:46:39,148,输出行:82,输出消息:"headerSessionId=231000001Q1719319098950_9HjiyjXf!5D27F0390227A253BF3ACB7C2302CEE020ACEC82296BFD5572A98F6E91A3F82F"
-------------------------------------------------------

[host:] [param:]
				[URL:]

				级别:ERROR,类名:com.Jwebmall.JwebmallAdminConfig,时间:2024-06-25 20:46:39,252,输出行:315,输出消息:"管理奖金结算异常请联系管理员"
-------------------------------------------------------

java.lang.RuntimeException: 管理奖金结算异常请联系管理员
	at com.Jwebmall.clearing.manager.impl.TeamBonusClearingMngImpl.start(TeamBonusClearingMngImpl.java:251)
	at com.Jwebmall.clearing.manager.impl.TeamBonusClearingMngImpl$$FastClassBySpringCGLIB$$3ddcb966.invoke(<generated>)
	at org.springframework.cglib.proxy.MethodProxy.invoke(MethodProxy.java:218)
	at org.springframework.aop.framework.CglibAopProxy$CglibMethodInvocation.invokeJoinpoint(CglibAopProxy.java:746)
	at org.springframework.aop.framework.ReflectiveMethodInvocation.proceed(ReflectiveMethodInvocation.java:163)
	at org.springframework.transaction.interceptor.TransactionAspectSupport.invokeWithinTransaction(TransactionAspectSupport.java:294)
	at org.springframework.transaction.interceptor.TransactionInterceptor.invoke(TransactionInterceptor.java:98)
	at org.springframework.aop.framework.ReflectiveMethodInvocation.proceed(ReflectiveMethodInvocation.java:186)
	at org.springframework.aop.framework.CglibAopProxy$DynamicAdvisedInterceptor.intercept(CglibAopProxy.java:688)
	at com.Jwebmall.clearing.manager.impl.TeamBonusClearingMngImpl$$EnhancerBySpringCGLIB$$257ccf0f.start(<generated>)
	at com.Jwebmall.clearing.TeamBonusClearingAct.start(TeamBonusClearingAct.java:64)
	at sun.reflect.NativeMethodAccessorImpl.invoke0(Native Method)
	at sun.reflect.NativeMethodAccessorImpl.invoke(NativeMethodAccessorImpl.java:62)
	at sun.reflect.DelegatingMethodAccessorImpl.invoke(DelegatingMethodAccessorImpl.java:43)
	at java.lang.reflect.Method.invoke(Method.java:498)
	at org.springframework.web.method.support.InvocableHandlerMethod.doInvoke(InvocableHandlerMethod.java:215)
	at org.springframework.web.method.support.InvocableHandlerMethod.invokeForRequest(InvocableHandlerMethod.java:142)
	at org.springframework.web.servlet.mvc.method.annotation.ServletInvocableHandlerMethod.invokeAndHandle(ServletInvocableHandlerMethod.java:102)
	at org.springframework.web.servlet.mvc.method.annotation.RequestMappingHandlerAdapter.invokeHandlerMethod(RequestMappingHandlerAdapter.java:895)
	at org.springframework.web.servlet.mvc.method.annotation.RequestMappingHandlerAdapter.handleInternal(RequestMappingHandlerAdapter.java:800)
	at org.springframework.web.servlet.mvc.method.AbstractHandlerMethodAdapter.handle(AbstractHandlerMethodAdapter.java:87)
	at org.springframework.web.servlet.DispatcherServlet.doDispatch(DispatcherServlet.java:1038)
	at org.springframework.web.servlet.DispatcherServlet.doService(DispatcherServlet.java:942)
	at org.springframework.web.servlet.FrameworkServlet.processRequest(FrameworkServlet.java:998)
	at org.springframework.web.servlet.FrameworkServlet.doPost(FrameworkServlet.java:901)
	at javax.servlet.http.HttpServlet.service(HttpServlet.java:660)
	at org.springframework.web.servlet.FrameworkServlet.service(FrameworkServlet.java:875)
	at javax.servlet.http.HttpServlet.service(HttpServlet.java:741)
	at org.apache.catalina.core.ApplicationFilterChain.internalDoFilter(ApplicationFilterChain.java:231)
	at org.apache.catalina.core.ApplicationFilterChain.doFilter(ApplicationFilterChain.java:166)
	at org.apache.tomcat.websocket.server.WsFilter.doFilter(WsFilter.java:53)
	at org.apache.catalina.core.ApplicationFilterChain.internalDoFilter(ApplicationFilterChain.java:193)
	at org.apache.catalina.core.ApplicationFilterChain.doFilter(ApplicationFilterChain.java:166)
	at org.springframework.web.filter.CorsFilter.doFilterInternal(CorsFilter.java:96)
	at org.springframework.web.filter.OncePerRequestFilter.doFilter(OncePerRequestFilter.java:107)
	at org.apache.catalina.core.ApplicationFilterChain.internalDoFilter(ApplicationFilterChain.java:193)
	at org.apache.catalina.core.ApplicationFilterChain.doFilter(ApplicationFilterChain.java:166)
	at com.alibaba.druid.support.http.WebStatFilter.doFilter(WebStatFilter.java:114)
	at org.apache.catalina.core.ApplicationFilterChain.internalDoFilter(ApplicationFilterChain.java:193)
	at org.apache.catalina.core.ApplicationFilterChain.doFilter(ApplicationFilterChain.java:166)
	at org.springframework.boot.actuate.web.trace.servlet.HttpTraceFilter.doFilterInternal(HttpTraceFilter.java:90)
	at org.springframework.web.filter.OncePerRequestFilter.doFilter(OncePerRequestFilter.java:107)
	at org.apache.catalina.core.ApplicationFilterChain.internalDoFilter(ApplicationFilterChain.java:193)
	at org.apache.catalina.core.ApplicationFilterChain.doFilter(ApplicationFilterChain.java:166)
	at com.xxl.sso.core.filter.XxlSsoWebFilter.doFilter(XxlSsoWebFilter.java:112)
	at org.apache.catalina.core.ApplicationFilterChain.internalDoFilter(ApplicationFilterChain.java:193)
	at org.apache.catalina.core.ApplicationFilterChain.doFilter(ApplicationFilterChain.java:166)
	at com.common.web.XssFilter.doFilter(XssFilter.java:42)
	at org.apache.catalina.core.ApplicationFilterChain.internalDoFilter(ApplicationFilterChain.java:193)
	at org.apache.catalina.core.ApplicationFilterChain.doFilter(ApplicationFilterChain.java:166)
	at org.springframework.security.web.FilterChainProxy$VirtualFilterChain.doFilter(FilterChainProxy.java:320)
	at org.springframework.security.web.access.intercept.FilterSecurityInterceptor.invoke(FilterSecurityInterceptor.java:127)
	at org.springframework.security.web.access.intercept.FilterSecurityInterceptor.doFilter(FilterSecurityInterceptor.java:91)
	at org.springframework.security.web.FilterChainProxy$VirtualFilterChain.doFilter(FilterChainProxy.java:334)
	at org.springframework.security.web.access.ExceptionTranslationFilter.doFilter(ExceptionTranslationFilter.java:119)
	at org.springframework.security.web.FilterChainProxy$VirtualFilterChain.doFilter(FilterChainProxy.java:334)
	at org.springframework.security.web.session.SessionManagementFilter.doFilter(SessionManagementFilter.java:137)
	at org.springframework.security.web.FilterChainProxy$VirtualFilterChain.doFilter(FilterChainProxy.java:334)
	at org.springframework.security.web.authentication.AnonymousAuthenticationFilter.doFilter(AnonymousAuthenticationFilter.java:111)
	at org.springframework.security.web.FilterChainProxy$VirtualFilterChain.doFilter(FilterChainProxy.java:334)
	at org.springframework.security.web.servletapi.SecurityContextHolderAwareRequestFilter.doFilter(SecurityContextHolderAwareRequestFilter.java:170)
	at org.springframework.security.web.FilterChainProxy$VirtualFilterChain.doFilter(FilterChainProxy.java:334)
	at org.springframework.security.web.savedrequest.RequestCacheAwareFilter.doFilter(RequestCacheAwareFilter.java:63)
	at org.springframework.security.web.FilterChainProxy$VirtualFilterChain.doFilter(FilterChainProxy.java:334)
	at org.springframework.security.web.authentication.www.BasicAuthenticationFilter.doFilterInternal(BasicAuthenticationFilter.java:215)
	at org.springframework.web.filter.OncePerRequestFilter.doFilter(OncePerRequestFilter.java:107)
	at org.springframework.security.web.FilterChainProxy$VirtualFilterChain.doFilter(FilterChainProxy.java:334)
	at org.springframework.security.web.authentication.logout.LogoutFilter.doFilter(LogoutFilter.java:116)
	at org.springframework.security.web.FilterChainProxy$VirtualFilterChain.doFilter(FilterChainProxy.java:334)
	at org.springframework.security.web.header.HeaderWriterFilter.doFilterInternal(HeaderWriterFilter.java:66)
	at org.springframework.web.filter.OncePerRequestFilter.doFilter(OncePerRequestFilter.java:107)
	at org.springframework.security.web.FilterChainProxy$VirtualFilterChain.doFilter(FilterChainProxy.java:334)
	at org.springframework.security.web.context.SecurityContextPersistenceFilter.doFilter(SecurityContextPersistenceFilter.java:105)
	at org.springframework.security.web.FilterChainProxy$VirtualFilterChain.doFilter(FilterChainProxy.java:334)
	at org.springframework.security.web.context.request.async.WebAsyncManagerIntegrationFilter.doFilterInternal(WebAsyncManagerIntegrationFilter.java:56)
	at org.springframework.web.filter.OncePerRequestFilter.doFilter(OncePerRequestFilter.java:107)
	at org.springframework.security.web.FilterChainProxy$VirtualFilterChain.doFilter(FilterChainProxy.java:334)
	at org.springframework.security.web.FilterChainProxy.doFilterInternal(FilterChainProxy.java:215)
	at org.springframework.security.web.FilterChainProxy.doFilter(FilterChainProxy.java:178)
	at org.springframework.web.filter.DelegatingFilterProxy.invokeDelegate(DelegatingFilterProxy.java:357)
	at org.springframework.web.filter.DelegatingFilterProxy.doFilter(DelegatingFilterProxy.java:270)
	at org.apache.catalina.core.ApplicationFilterChain.internalDoFilter(ApplicationFilterChain.java:193)
	at org.apache.catalina.core.ApplicationFilterChain.doFilter(ApplicationFilterChain.java:166)
	at org.springframework.web.filter.RequestContextFilter.doFilterInternal(RequestContextFilter.java:99)
	at org.springframework.web.filter.OncePerRequestFilter.doFilter(OncePerRequestFilter.java:107)
	at org.apache.catalina.core.ApplicationFilterChain.internalDoFilter(ApplicationFilterChain.java:193)
	at org.apache.catalina.core.ApplicationFilterChain.doFilter(ApplicationFilterChain.java:166)
	at org.springframework.web.filter.FormContentFilter.doFilterInternal(FormContentFilter.java:92)
	at org.springframework.web.filter.OncePerRequestFilter.doFilter(OncePerRequestFilter.java:107)
	at org.apache.catalina.core.ApplicationFilterChain.internalDoFilter(ApplicationFilterChain.java:193)
	at org.apache.catalina.core.ApplicationFilterChain.doFilter(ApplicationFilterChain.java:166)
	at org.springframework.web.filter.HiddenHttpMethodFilter.doFilterInternal(HiddenHttpMethodFilter.java:93)
	at org.springframework.web.filter.OncePerRequestFilter.doFilter(OncePerRequestFilter.java:107)
	at org.apache.catalina.core.ApplicationFilterChain.internalDoFilter(ApplicationFilterChain.java:193)
	at org.apache.catalina.core.ApplicationFilterChain.doFilter(ApplicationFilterChain.java:166)
	at org.springframework.boot.actuate.metrics.web.servlet.WebMvcMetricsFilter.filterAndRecordMetrics(WebMvcMetricsFilter.java:154)
	at org.springframework.boot.actuate.metrics.web.servlet.WebMvcMetricsFilter.filterAndRecordMetrics(WebMvcMetricsFilter.java:122)
	at org.springframework.boot.actuate.metrics.web.servlet.WebMvcMetricsFilter.doFilterInternal(WebMvcMetricsFilter.java:107)
	at org.springframework.web.filter.OncePerRequestFilter.doFilter(OncePerRequestFilter.java:107)
	at org.apache.catalina.core.ApplicationFilterChain.internalDoFilter(ApplicationFilterChain.java:193)
	at org.apache.catalina.core.ApplicationFilterChain.doFilter(ApplicationFilterChain.java:166)
	at org.springframework.web.filter.CharacterEncodingFilter.doFilterInternal(CharacterEncodingFilter.java:200)
	at org.springframework.web.filter.OncePerRequestFilter.doFilter(OncePerRequestFilter.java:107)
	at org.apache.catalina.core.ApplicationFilterChain.internalDoFilter(ApplicationFilterChain.java:193)
	at org.apache.catalina.core.ApplicationFilterChain.doFilter(ApplicationFilterChain.java:166)
	at org.apache.catalina.core.StandardWrapperValve.invoke(StandardWrapperValve.java:199)
	at org.apache.catalina.core.StandardContextValve.invoke(StandardContextValve.java:96)
	at org.apache.catalina.authenticator.AuthenticatorBase.invoke(AuthenticatorBase.java:490)
	at org.apache.catalina.core.StandardHostValve.invoke(StandardHostValve.java:139)
	at org.apache.catalina.valves.ErrorReportValve.invoke(ErrorReportValve.java:92)
	at org.apache.catalina.core.StandardEngineValve.invoke(StandardEngineValve.java:74)
	at org.apache.catalina.valves.RemoteIpValve.invoke(RemoteIpValve.java:685)
	at org.apache.catalina.connector.CoyoteAdapter.service(CoyoteAdapter.java:343)
	at org.apache.coyote.http11.Http11Processor.service(Http11Processor.java:408)
	at org.apache.coyote.AbstractProcessorLight.process(AbstractProcessorLight.java:66)
	at org.apache.coyote.AbstractProtocol$ConnectionHandler.process(AbstractProtocol.java:770)
	at org.apache.tomcat.util.net.NioEndpoint$SocketProcessor.doRun(NioEndpoint.java:1415)
	at org.apache.tomcat.util.net.SocketProcessorBase.run(SocketProcessorBase.java:49)
	at java.util.concurrent.ThreadPoolExecutor.runWorker(ThreadPoolExecutor.java:1149)
	at java.util.concurrent.ThreadPoolExecutor$Worker.run(ThreadPoolExecutor.java:624)
	at org.apache.tomcat.util.threads.TaskThread$WrappingRunnable.run(TaskThread.java:61)
	at java.lang.Thread.run(Thread.java:750)
[host:] [param:]
				[URL:]

				级别:ERROR,类名:com.Jwebmall.sign.SignInterceptor,时间:2024-06-25 20:47:07,214,输出行:82,输出消息:"headerSessionId=231000001Q1719319098950_9HjiyjXf!5D27F0390227A253BF3ACB7C2302CEE020ACEC82296BFD5572A98F6E91A3F82F"
-------------------------------------------------------

[host:] [param:]
				[URL:]

				级别:ERROR,类名:com.Jwebmall.sign.SignInterceptor,时间:2024-06-25 20:47:07,949,输出行:82,输出消息:"headerSessionId=231000001Q1719319098950_9HjiyjXf!5D27F0390227A253BF3ACB7C2302CEE020ACEC82296BFD5572A98F6E91A3F82F"
-------------------------------------------------------

[host:] [param:]
				[URL:]

				级别:ERROR,类名:com.Jwebmall.sign.SignInterceptor,时间:2024-06-25 20:49:05,829,输出行:82,输出消息:"headerSessionId=231000001Q1719319098950_9HjiyjXf!5D27F0390227A253BF3ACB7C2302CEE020ACEC82296BFD5572A98F6E91A3F82F"
-------------------------------------------------------

[host:] [param:]
				[URL:]

				级别:ERROR,类名:com.Jwebmall.sign.SignInterceptor,时间:2024-06-25 20:49:06,684,输出行:82,输出消息:"headerSessionId=231000001Q1719319098950_9HjiyjXf!5D27F0390227A253BF3ACB7C2302CEE020ACEC82296BFD5572A98F6E91A3F82F"
-------------------------------------------------------

