2024-01-17 10:24:30.109 [http-nio-8182-exec-27] DEBUG org.springframework.web.servlet.DispatcherServlet - GET "/doc.html", parameters={}
2024-01-17 10:24:30.485 [http-nio-8182-exec-27] DEBUG o.s.web.servlet.handler.SimpleUrlHandlerMapping - Mapped to ResourceHttpRequestHandler ["classpath:/META-INF/resources/"]
2024-01-17 10:24:30.548 [http-nio-8182-exec-27] DEBUG org.springframework.web.servlet.DispatcherServlet - Completed 404 NOT_FOUND
2024-01-17 10:24:30.627 [http-nio-8182-exec-29] DEBUG org.springframework.web.servlet.DispatcherServlet - GET "/webjars/bycdao-ui/bootstrap/css/bootstrap.min.css", parameters={}
2024-01-17 10:24:30.629 [http-nio-8182-exec-1] DEBUG org.springframework.web.servlet.DispatcherServlet - GET "/webjars/bycdao-ui/layer3.0.3/skin/default/layer.css", parameters={}
2024-01-17 10:24:30.629 [http-nio-8182-exec-2] DEBUG org.springframework.web.servlet.DispatcherServlet - GET "/webjars/bycdao-ui/highlight/styles/docco.css", parameters={}
2024-01-17 10:24:30.630 [http-nio-8182-exec-29] DEBUG o.s.web.servlet.handler.SimpleUrlHandlerMapping - Mapped to ResourceHttpRequestHandler ["classpath:/META-INF/resources/webjars/"]
2024-01-17 10:24:30.630 [http-nio-8182-exec-12] DEBUG org.springframework.web.servlet.DispatcherServlet - GET "/webjars/bycdao-ui/cdao/swaggerbootstrapui.css?v=1.9.3", parameters={masked}
2024-01-17 10:24:30.630 [http-nio-8182-exec-8] DEBUG org.springframework.web.servlet.DispatcherServlet - GET "/webjars/bycdao-ui/highlight/styles/default.css", parameters={}
2024-01-17 10:24:30.630 [http-nio-8182-exec-13] DEBUG org.springframework.web.servlet.DispatcherServlet - GET "/webjars/bycdao-ui/highlight/styles/style.css", parameters={}
2024-01-17 10:24:30.631 [http-nio-8182-exec-2] DEBUG o.s.web.servlet.handler.SimpleUrlHandlerMapping - Mapped to ResourceHttpRequestHandler ["classpath:/META-INF/resources/webjars/"]
2024-01-17 10:24:30.631 [http-nio-8182-exec-12] DEBUG o.s.web.servlet.handler.SimpleUrlHandlerMapping - Mapped to ResourceHttpRequestHandler ["classpath:/META-INF/resources/webjars/"]
2024-01-17 10:24:30.631 [http-nio-8182-exec-8] DEBUG o.s.web.servlet.handler.SimpleUrlHandlerMapping - Mapped to ResourceHttpRequestHandler ["classpath:/META-INF/resources/webjars/"]
2024-01-17 10:24:30.631 [http-nio-8182-exec-13] DEBUG o.s.web.servlet.handler.SimpleUrlHandlerMapping - Mapped to ResourceHttpRequestHandler ["classpath:/META-INF/resources/webjars/"]
2024-01-17 10:24:30.631 [http-nio-8182-exec-1] DEBUG o.s.web.servlet.handler.SimpleUrlHandlerMapping - Mapped to ResourceHttpRequestHandler ["classpath:/META-INF/resources/webjars/"]
2024-01-17 10:24:30.637 [http-nio-8182-exec-2] DEBUG org.springframework.web.servlet.DispatcherServlet - Completed 200 OK
2024-01-17 10:24:30.637 [http-nio-8182-exec-8] DEBUG org.springframework.web.servlet.DispatcherServlet - Completed 200 OK
2024-01-17 10:24:30.637 [http-nio-8182-exec-1] DEBUG org.springframework.web.servlet.DispatcherServlet - Completed 200 OK
2024-01-17 10:24:30.638 [http-nio-8182-exec-12] DEBUG org.springframework.web.servlet.DispatcherServlet - Completed 200 OK
2024-01-17 10:24:30.639 [http-nio-8182-exec-13] DEBUG org.springframework.web.servlet.DispatcherServlet - Completed 200 OK
2024-01-17 10:24:30.640 [http-nio-8182-exec-29] DEBUG org.springframework.web.servlet.DispatcherServlet - Completed 200 OK
2024-01-17 10:24:30.644 [http-nio-8182-exec-7] DEBUG org.springframework.web.servlet.DispatcherServlet - GET "/webjars/bycdao-ui/iconfont/iconfont.css", parameters={}
2024-01-17 10:24:30.645 [http-nio-8182-exec-23] DEBUG org.springframework.web.servlet.DispatcherServlet - GET "/webjars/bycdao-ui/layui/css/layui.css", parameters={}
2024-01-17 10:24:30.647 [http-nio-8182-exec-7] DEBUG o.s.web.servlet.handler.SimpleUrlHandlerMapping - Mapped to ResourceHttpRequestHandler ["classpath:/META-INF/resources/webjars/"]
2024-01-17 10:24:30.647 [http-nio-8182-exec-5] DEBUG org.springframework.web.servlet.DispatcherServlet - GET "/webjars/bycdao-ui/ext/sbuadmin.css", parameters={}
2024-01-17 10:24:30.647 [http-nio-8182-exec-10] DEBUG org.springframework.web.servlet.DispatcherServlet - GET "/webjars/bycdao-ui/bootstrap-tabx/css/bootstrap-tabs-x.min.css", parameters={}
2024-01-17 10:24:30.648 [http-nio-8182-exec-6] DEBUG org.springframework.web.servlet.DispatcherServlet - GET "/webjars/bycdao-ui/ext/i18n.js", parameters={}
2024-01-17 10:24:30.648 [http-nio-8182-exec-11] DEBUG org.springframework.web.servlet.DispatcherServlet - GET "/webjars/bycdao-ui/cdao/swaggerbootstrapui-md.css?v=1.9.3", parameters={masked}
2024-01-17 10:24:30.648 [http-nio-8182-exec-23] DEBUG o.s.web.servlet.handler.SimpleUrlHandlerMapping - Mapped to ResourceHttpRequestHandler ["classpath:/META-INF/resources/webjars/"]
2024-01-17 10:24:30.648 [http-nio-8182-exec-5] DEBUG o.s.web.servlet.handler.SimpleUrlHandlerMapping - Mapped to ResourceHttpRequestHandler ["classpath:/META-INF/resources/webjars/"]
2024-01-17 10:24:30.649 [http-nio-8182-exec-10] DEBUG o.s.web.servlet.handler.SimpleUrlHandlerMapping - Mapped to ResourceHttpRequestHandler ["classpath:/META-INF/resources/webjars/"]
2024-01-17 10:24:30.649 [http-nio-8182-exec-11] DEBUG o.s.web.servlet.handler.SimpleUrlHandlerMapping - Mapped to ResourceHttpRequestHandler ["classpath:/META-INF/resources/webjars/"]
2024-01-17 10:24:30.649 [http-nio-8182-exec-6] DEBUG o.s.web.servlet.handler.SimpleUrlHandlerMapping - Mapped to ResourceHttpRequestHandler ["classpath:/META-INF/resources/webjars/"]
2024-01-17 10:24:30.652 [http-nio-8182-exec-5] DEBUG org.springframework.web.servlet.DispatcherServlet - Completed 200 OK
2024-01-17 10:24:30.652 [http-nio-8182-exec-7] DEBUG org.springframework.web.servlet.DispatcherServlet - Completed 200 OK
2024-01-17 10:24:30.654 [http-nio-8182-exec-11] DEBUG org.springframework.web.servlet.DispatcherServlet - Completed 200 OK
2024-01-17 10:24:30.654 [http-nio-8182-exec-6] DEBUG org.springframework.web.servlet.DispatcherServlet - Completed 200 OK
2024-01-17 10:24:30.654 [http-nio-8182-exec-10] DEBUG org.springframework.web.servlet.DispatcherServlet - Completed 200 OK
2024-01-17 10:24:30.655 [http-nio-8182-exec-23] DEBUG org.springframework.web.servlet.DispatcherServlet - Completed 200 OK
2024-01-17 10:24:30.655 [http-nio-8182-exec-9] DEBUG org.springframework.web.servlet.DispatcherServlet - GET "/webjars/bycdao-ui/jquery/jquery-1.9.1.min.js", parameters={}
2024-01-17 10:24:30.655 [http-nio-8182-exec-14] DEBUG org.springframework.web.servlet.DispatcherServlet - GET "/webjars/bycdao-ui/ace/bootstrap.min.js", parameters={}
2024-01-17 10:24:30.657 [http-nio-8182-exec-9] DEBUG o.s.web.servlet.handler.SimpleUrlHandlerMapping - Mapped to ResourceHttpRequestHandler ["classpath:/META-INF/resources/webjars/"]
2024-01-17 10:24:30.657 [http-nio-8182-exec-14] DEBUG o.s.web.servlet.handler.SimpleUrlHandlerMapping - Mapped to ResourceHttpRequestHandler ["classpath:/META-INF/resources/webjars/"]
2024-01-17 10:24:30.659 [http-nio-8182-exec-15] DEBUG org.springframework.web.servlet.DispatcherServlet - GET "/webjars/bycdao-ui/ace/ace.min.js", parameters={}
2024-01-17 10:24:30.659 [http-nio-8182-exec-17] DEBUG org.springframework.web.servlet.DispatcherServlet - GET "/webjars/bycdao-ui/jquery/clipboard/clipboard.min.js", parameters={}
2024-01-17 10:24:30.659 [http-nio-8182-exec-4] DEBUG org.springframework.web.servlet.DispatcherServlet - GET "/webjars/bycdao-ui/layer3.0.3/layer.js", parameters={}
2024-01-17 10:24:30.660 [http-nio-8182-exec-15] DEBUG o.s.web.servlet.handler.SimpleUrlHandlerMapping - Mapped to ResourceHttpRequestHandler ["classpath:/META-INF/resources/webjars/"]
2024-01-17 10:24:30.660 [http-nio-8182-exec-17] DEBUG o.s.web.servlet.handler.SimpleUrlHandlerMapping - Mapped to ResourceHttpRequestHandler ["classpath:/META-INF/resources/webjars/"]
2024-01-17 10:24:30.660 [http-nio-8182-exec-4] DEBUG o.s.web.servlet.handler.SimpleUrlHandlerMapping - Mapped to ResourceHttpRequestHandler ["classpath:/META-INF/resources/webjars/"]
2024-01-17 10:24:30.663 [http-nio-8182-exec-14] DEBUG org.springframework.web.servlet.DispatcherServlet - Completed 200 OK
2024-01-17 10:24:30.666 [http-nio-8182-exec-15] DEBUG org.springframework.web.servlet.DispatcherServlet - Completed 200 OK
2024-01-17 10:24:30.666 [http-nio-8182-exec-9] DEBUG org.springframework.web.servlet.DispatcherServlet - Completed 200 OK
2024-01-17 10:24:30.666 [http-nio-8182-exec-17] DEBUG org.springframework.web.servlet.DispatcherServlet - Completed 200 OK
2024-01-17 10:24:30.667 [http-nio-8182-exec-4] DEBUG org.springframework.web.servlet.DispatcherServlet - Completed 200 OK
2024-01-17 10:24:30.667 [http-nio-8182-exec-16] DEBUG org.springframework.web.servlet.DispatcherServlet - GET "/webjars/bycdao-ui/highlight/highlight.pack.js", parameters={}
2024-01-17 10:24:30.668 [http-nio-8182-exec-19] DEBUG org.springframework.web.servlet.DispatcherServlet - GET "/webjars/bycdao-ui/jquery/marked.js", parameters={}
2024-01-17 10:24:30.669 [http-nio-8182-exec-16] DEBUG o.s.web.servlet.handler.SimpleUrlHandlerMapping - Mapped to ResourceHttpRequestHandler ["classpath:/META-INF/resources/webjars/"]
2024-01-17 10:24:30.670 [http-nio-8182-exec-19] DEBUG o.s.web.servlet.handler.SimpleUrlHandlerMapping - Mapped to ResourceHttpRequestHandler ["classpath:/META-INF/resources/webjars/"]
2024-01-17 10:24:30.670 [http-nio-8182-exec-18] DEBUG org.springframework.web.servlet.DispatcherServlet - GET "/webjars/bycdao-ui/jquery/template-web.js", parameters={}
2024-01-17 10:24:30.672 [http-nio-8182-exec-3] DEBUG org.springframework.web.servlet.DispatcherServlet - GET "/webjars/bycdao-ui/jquery/axios.min.js", parameters={}
2024-01-17 10:24:30.672 [http-nio-8182-exec-18] DEBUG o.s.web.servlet.handler.SimpleUrlHandlerMapping - Mapped to ResourceHttpRequestHandler ["classpath:/META-INF/resources/webjars/"]
2024-01-17 10:24:30.673 [http-nio-8182-exec-22] DEBUG org.springframework.web.servlet.DispatcherServlet - GET "/webjars/bycdao-ui/bootstrap-tabx/js/bootstrap-tabs-x.min.js", parameters={}
2024-01-17 10:24:30.673 [http-nio-8182-exec-3] DEBUG o.s.web.servlet.handler.SimpleUrlHandlerMapping - Mapped to ResourceHttpRequestHandler ["classpath:/META-INF/resources/webjars/"]
2024-01-17 10:24:30.674 [http-nio-8182-exec-22] DEBUG o.s.web.servlet.handler.SimpleUrlHandlerMapping - Mapped to ResourceHttpRequestHandler ["classpath:/META-INF/resources/webjars/"]
2024-01-17 10:24:30.676 [http-nio-8182-exec-20] DEBUG org.springframework.web.servlet.DispatcherServlet - GET "/webjars/bycdao-ui/layui/layui.js", parameters={}
2024-01-17 10:24:30.676 [http-nio-8182-exec-19] DEBUG org.springframework.web.servlet.DispatcherServlet - Completed 200 OK
2024-01-17 10:24:30.677 [http-nio-8182-exec-16] DEBUG org.springframework.web.servlet.DispatcherServlet - Completed 200 OK
2024-01-17 10:24:30.678 [http-nio-8182-exec-20] DEBUG o.s.web.servlet.handler.SimpleUrlHandlerMapping - Mapped to ResourceHttpRequestHandler ["classpath:/META-INF/resources/webjars/"]
2024-01-17 10:24:30.679 [http-nio-8182-exec-18] DEBUG org.springframework.web.servlet.DispatcherServlet - Completed 200 OK
2024-01-17 10:24:30.679 [http-nio-8182-exec-3] DEBUG org.springframework.web.servlet.DispatcherServlet - Completed 200 OK
2024-01-17 10:24:30.680 [http-nio-8182-exec-22] DEBUG org.springframework.web.servlet.DispatcherServlet - Completed 200 OK
2024-01-17 10:24:30.682 [http-nio-8182-exec-20] DEBUG org.springframework.web.servlet.DispatcherServlet - Completed 200 OK
2024-01-17 10:24:30.687 [http-nio-8182-exec-24] DEBUG org.springframework.web.servlet.DispatcherServlet - GET "/webjars/bycdao-ui/ace-editor/ace.js", parameters={}
2024-01-17 10:24:30.687 [http-nio-8182-exec-21] DEBUG org.springframework.web.servlet.DispatcherServlet - GET "/webjars/bycdao-ui/jquery/showdown.min.js", parameters={}
2024-01-17 10:24:30.687 [http-nio-8182-exec-26] DEBUG org.springframework.web.servlet.DispatcherServlet - GET "/webjars/bycdao-ui/jquery/async.min.js", parameters={}
2024-01-17 10:24:30.687 [http-nio-8182-exec-28] DEBUG org.springframework.web.servlet.DispatcherServlet - GET "/webjars/bycdao-ui/jquery/md5.min.js", parameters={}
2024-01-17 10:24:30.688 [http-nio-8182-exec-25] DEBUG org.springframework.web.servlet.DispatcherServlet - GET "/webjars/bycdao-ui/cdao/swaggerbootstrapui.js?v=1.9.3", parameters={masked}
2024-01-17 10:24:30.688 [http-nio-8182-exec-24] DEBUG o.s.web.servlet.handler.SimpleUrlHandlerMapping - Mapped to ResourceHttpRequestHandler ["classpath:/META-INF/resources/webjars/"]
2024-01-17 10:24:30.689 [http-nio-8182-exec-21] DEBUG o.s.web.servlet.handler.SimpleUrlHandlerMapping - Mapped to ResourceHttpRequestHandler ["classpath:/META-INF/resources/webjars/"]
2024-01-17 10:24:30.689 [http-nio-8182-exec-26] DEBUG o.s.web.servlet.handler.SimpleUrlHandlerMapping - Mapped to ResourceHttpRequestHandler ["classpath:/META-INF/resources/webjars/"]
2024-01-17 10:24:30.689 [http-nio-8182-exec-25] DEBUG o.s.web.servlet.handler.SimpleUrlHandlerMapping - Mapped to ResourceHttpRequestHandler ["classpath:/META-INF/resources/webjars/"]
2024-01-17 10:24:30.689 [http-nio-8182-exec-28] DEBUG o.s.web.servlet.handler.SimpleUrlHandlerMapping - Mapped to ResourceHttpRequestHandler ["classpath:/META-INF/resources/webjars/"]
2024-01-17 10:24:30.697 [http-nio-8182-exec-28] DEBUG org.springframework.web.servlet.DispatcherServlet - Completed 200 OK
2024-01-17 10:24:30.697 [http-nio-8182-exec-26] DEBUG org.springframework.web.servlet.DispatcherServlet - Completed 200 OK
2024-01-17 10:24:30.700 [http-nio-8182-exec-30] DEBUG org.springframework.web.servlet.DispatcherServlet - GET "/webjars/bycdao-ui/layer3.0.3/skin/default/layer.css?v=3.0.3303", parameters={masked}
2024-01-17 10:24:30.702 [http-nio-8182-exec-21] DEBUG org.springframework.web.servlet.DispatcherServlet - Completed 200 OK
2024-01-17 10:24:30.703 [http-nio-8182-exec-30] DEBUG o.s.web.servlet.handler.SimpleUrlHandlerMapping - Mapped to ResourceHttpRequestHandler ["classpath:/META-INF/resources/webjars/"]
2024-01-17 10:24:30.709 [http-nio-8182-exec-30] DEBUG org.springframework.web.servlet.DispatcherServlet - Completed 200 OK
2024-01-17 10:24:30.710 [http-nio-8182-exec-25] DEBUG org.springframework.web.servlet.DispatcherServlet - Completed 200 OK
2024-01-17 10:24:30.713 [http-nio-8182-exec-24] DEBUG org.springframework.web.servlet.DispatcherServlet - Completed 200 OK
2024-01-17 10:24:30.797 [http-nio-8182-exec-27] DEBUG org.springframework.web.servlet.DispatcherServlet - GET "/webjars/bycdao-ui/ext/sbuadmin.js", parameters={}
2024-01-17 10:24:30.798 [http-nio-8182-exec-27] DEBUG o.s.web.servlet.handler.SimpleUrlHandlerMapping - Mapped to ResourceHttpRequestHandler ["classpath:/META-INF/resources/webjars/"]
2024-01-17 10:24:30.801 [http-nio-8182-exec-27] DEBUG org.springframework.web.servlet.DispatcherServlet - Completed 200 OK
2024-01-17 10:24:30.865 [http-nio-8182-exec-2] DEBUG org.springframework.web.servlet.DispatcherServlet - GET "/webjars/bycdao-ui/layui/lay/modules/layer.js", parameters={}
2024-01-17 10:24:30.867 [http-nio-8182-exec-2] DEBUG o.s.web.servlet.handler.SimpleUrlHandlerMapping - Mapped to ResourceHttpRequestHandler ["classpath:/META-INF/resources/webjars/"]
2024-01-17 10:24:30.871 [http-nio-8182-exec-2] DEBUG org.springframework.web.servlet.DispatcherServlet - Completed 200 OK
2024-01-17 10:24:30.882 [http-nio-8182-exec-1] DEBUG org.springframework.web.servlet.DispatcherServlet - GET "/webjars/bycdao-ui/layui/lay/modules/element.js", parameters={}
2024-01-17 10:24:30.882 [http-nio-8182-exec-8] DEBUG org.springframework.web.servlet.DispatcherServlet - GET "/webjars/bycdao-ui/layui/css/modules/layer/default/layer.css?v=3.1.1", parameters={masked}
2024-01-17 10:24:30.884 [http-nio-8182-exec-1] DEBUG o.s.web.servlet.handler.SimpleUrlHandlerMapping - Mapped to ResourceHttpRequestHandler ["classpath:/META-INF/resources/webjars/"]
2024-01-17 10:24:30.884 [http-nio-8182-exec-8] DEBUG o.s.web.servlet.handler.SimpleUrlHandlerMapping - Mapped to ResourceHttpRequestHandler ["classpath:/META-INF/resources/webjars/"]
2024-01-17 10:24:30.889 [http-nio-8182-exec-1] DEBUG org.springframework.web.servlet.DispatcherServlet - Completed 200 OK
2024-01-17 10:24:30.890 [http-nio-8182-exec-8] DEBUG org.springframework.web.servlet.DispatcherServlet - Completed 200 OK
2024-01-17 10:24:30.905 [http-nio-8182-exec-12] DEBUG org.springframework.web.servlet.DispatcherServlet - GET "/webjars/bycdao-ui/ext/treetable.js", parameters={}
2024-01-17 10:24:30.906 [http-nio-8182-exec-12] DEBUG o.s.web.servlet.handler.SimpleUrlHandlerMapping - Mapped to ResourceHttpRequestHandler ["classpath:/META-INF/resources/webjars/"]
2024-01-17 10:24:30.910 [http-nio-8182-exec-12] DEBUG org.springframework.web.servlet.DispatcherServlet - Completed 200 OK
2024-01-17 10:24:30.918 [http-nio-8182-exec-13] DEBUG org.springframework.web.servlet.DispatcherServlet - GET "/webjars/bycdao-ui/layui/lay/modules/table.js", parameters={}
2024-01-17 10:24:30.919 [http-nio-8182-exec-13] DEBUG o.s.web.servlet.handler.SimpleUrlHandlerMapping - Mapped to ResourceHttpRequestHandler ["classpath:/META-INF/resources/webjars/"]
2024-01-17 10:24:30.922 [http-nio-8182-exec-13] DEBUG org.springframework.web.servlet.DispatcherServlet - Completed 200 OK
2024-01-17 10:24:30.928 [http-nio-8182-exec-29] DEBUG org.springframework.web.servlet.DispatcherServlet - GET "/webjars/bycdao-ui/layui/lay/modules/laytpl.js", parameters={}
2024-01-17 10:24:30.930 [http-nio-8182-exec-29] DEBUG o.s.web.servlet.handler.SimpleUrlHandlerMapping - Mapped to ResourceHttpRequestHandler ["classpath:/META-INF/resources/webjars/"]
2024-01-17 10:24:30.932 [http-nio-8182-exec-29] DEBUG org.springframework.web.servlet.DispatcherServlet - Completed 200 OK
2024-01-17 10:24:30.938 [http-nio-8182-exec-7] DEBUG org.springframework.web.servlet.DispatcherServlet - GET "/webjars/bycdao-ui/layui/lay/modules/laypage.js", parameters={}
2024-01-17 10:24:30.939 [http-nio-8182-exec-7] DEBUG o.s.web.servlet.handler.SimpleUrlHandlerMapping - Mapped to ResourceHttpRequestHandler ["classpath:/META-INF/resources/webjars/"]
2024-01-17 10:24:30.941 [http-nio-8182-exec-7] DEBUG org.springframework.web.servlet.DispatcherServlet - Completed 200 OK
2024-01-17 10:24:30.946 [http-nio-8182-exec-5] DEBUG org.springframework.web.servlet.DispatcherServlet - GET "/webjars/bycdao-ui/layui/lay/modules/form.js", parameters={}
2024-01-17 10:24:30.947 [http-nio-8182-exec-5] DEBUG o.s.web.servlet.handler.SimpleUrlHandlerMapping - Mapped to ResourceHttpRequestHandler ["classpath:/META-INF/resources/webjars/"]
2024-01-17 10:24:30.951 [http-nio-8182-exec-5] DEBUG org.springframework.web.servlet.DispatcherServlet - Completed 200 OK
2024-01-17 10:24:30.957 [http-nio-8182-exec-10] DEBUG org.springframework.web.servlet.DispatcherServlet - GET "/webjars/bycdao-ui/layui/lay/modules/util.js", parameters={}
2024-01-17 10:24:30.958 [http-nio-8182-exec-10] DEBUG o.s.web.servlet.handler.SimpleUrlHandlerMapping - Mapped to ResourceHttpRequestHandler ["classpath:/META-INF/resources/webjars/"]
2024-01-17 10:24:30.960 [http-nio-8182-exec-10] DEBUG org.springframework.web.servlet.DispatcherServlet - Completed 200 OK
2024-01-17 10:24:30.966 [http-nio-8182-exec-6] DEBUG org.springframework.web.servlet.DispatcherServlet - GET "/webjars/bycdao-ui/ext/treetable-lay/treetable.css", parameters={}
2024-01-17 10:24:30.967 [http-nio-8182-exec-6] DEBUG o.s.web.servlet.handler.SimpleUrlHandlerMapping - Mapped to ResourceHttpRequestHandler ["classpath:/META-INF/resources/webjars/"]
2024-01-17 10:24:30.969 [http-nio-8182-exec-6] DEBUG org.springframework.web.servlet.DispatcherServlet - Completed 200 OK
2024-01-17 10:24:30.979 [http-nio-8182-exec-11] DEBUG org.springframework.web.servlet.DispatcherServlet - GET "/swagger-resources", parameters={}
2024-01-17 10:24:30.980 [http-nio-8182-exec-11] DEBUG o.s.w.s.m.m.a.RequestMappingHandlerMapping - Mapped to springfox.documentation.swagger.web.ApiResourceController#swaggerResources()
2024-01-17 10:24:30.981 [http-nio-8182-exec-11] DEBUG o.s.w.s.m.m.annotation.HttpEntityMethodProcessor - Using 'application/json', given [application/json, text/javascript, */*;q=0.01] and supported [application/json, application/*+json, application/json, application/*+json, application/cbor]
2024-01-17 10:24:30.981 [http-nio-8182-exec-11] DEBUG o.s.w.s.m.m.annotation.HttpEntityMethodProcessor - Writing [[springfox.documentation.swagger.web.SwaggerResource@6c520f93, springfox.documentation.swagger.web.S (truncated)...]
2024-01-17 10:24:30.982 [http-nio-8182-exec-11] DEBUG org.springframework.web.servlet.DispatcherServlet - Completed 200 OK
2024-01-17 10:24:30.991 [http-nio-8182-exec-23] DEBUG org.springframework.web.servlet.DispatcherServlet - GET "/v2/api-docs?group=front", parameters={masked}
2024-01-17 10:24:31.079 [http-nio-8182-exec-23] DEBUG o.s.w.s.m.m.annotation.HttpEntityMethodProcessor - Using 'application/json', given [application/json, text/javascript, */*;q=0.01] and supported [application/json, application/*+json, application/json, application/*+json, application/cbor]
2024-01-17 10:24:31.080 [http-nio-8182-exec-23] DEBUG o.s.w.s.m.m.annotation.HttpEntityMethodProcessor - Writing [springfox.documentation.spring.web.json.Json@23e6e28f]
2024-01-17 10:24:31.084 [http-nio-8182-exec-23] DEBUG org.springframework.web.servlet.DispatcherServlet - Completed 200 OK
2024-01-17 10:24:31.349 [http-nio-8182-exec-14] DEBUG org.springframework.web.servlet.DispatcherServlet - GET "/webjars/bycdao-ui/images/api.ico", parameters={}
2024-01-17 10:24:31.350 [http-nio-8182-exec-14] DEBUG o.s.web.servlet.handler.SimpleUrlHandlerMapping - Mapped to ResourceHttpRequestHandler ["classpath:/META-INF/resources/webjars/"]
2024-01-17 10:24:31.354 [http-nio-8182-exec-14] DEBUG org.springframework.web.servlet.DispatcherServlet - Completed 200 OK
2024-01-17 12:01:55.363 [SpringContextShutdownHook] DEBUG o.s.b.w.s.c.AnnotationConfigServletWebServerApplicationContext - Closing org.springframework.boot.web.servlet.context.AnnotationConfigServletWebServerApplicationContext@5d25e6bb, started on Tue Jan 16 19:16:33 CST 2024
2024-01-17 12:01:55.396 [SpringContextShutdownHook] DEBUG o.s.boot.actuate.endpoint.jmx.JmxEndpointExporter - Unregister endpoint with ObjectName 'org.springframework.boot:type=Endpoint,name=Beans' from the JMX domain
2024-01-17 12:01:55.396 [SpringContextShutdownHook] DEBUG o.s.boot.actuate.endpoint.jmx.JmxEndpointExporter - Unregister endpoint with ObjectName 'org.springframework.boot:type=Endpoint,name=Caches' from the JMX domain
2024-01-17 12:01:55.396 [SpringContextShutdownHook] DEBUG o.s.boot.actuate.endpoint.jmx.JmxEndpointExporter - Unregister endpoint with ObjectName 'org.springframework.boot:type=Endpoint,name=Health' from the JMX domain
2024-01-17 12:01:55.396 [SpringContextShutdownHook] DEBUG o.s.boot.actuate.endpoint.jmx.JmxEndpointExporter - Unregister endpoint with ObjectName 'org.springframework.boot:type=Endpoint,name=Info' from the JMX domain
2024-01-17 12:01:55.396 [SpringContextShutdownHook] DEBUG o.s.boot.actuate.endpoint.jmx.JmxEndpointExporter - Unregister endpoint with ObjectName 'org.springframework.boot:type=Endpoint,name=Conditions' from the JMX domain
2024-01-17 12:01:55.396 [SpringContextShutdownHook] DEBUG o.s.boot.actuate.endpoint.jmx.JmxEndpointExporter - Unregister endpoint with ObjectName 'org.springframework.boot:type=Endpoint,name=Configprops' from the JMX domain
2024-01-17 12:01:55.396 [SpringContextShutdownHook] DEBUG o.s.boot.actuate.endpoint.jmx.JmxEndpointExporter - Unregister endpoint with ObjectName 'org.springframework.boot:type=Endpoint,name=Env' from the JMX domain
2024-01-17 12:01:55.397 [SpringContextShutdownHook] DEBUG o.s.boot.actuate.endpoint.jmx.JmxEndpointExporter - Unregister endpoint with ObjectName 'org.springframework.boot:type=Endpoint,name=Loggers' from the JMX domain
2024-01-17 12:01:55.397 [SpringContextShutdownHook] DEBUG o.s.boot.actuate.endpoint.jmx.JmxEndpointExporter - Unregister endpoint with ObjectName 'org.springframework.boot:type=Endpoint,name=Threaddump' from the JMX domain
2024-01-17 12:01:55.397 [SpringContextShutdownHook] DEBUG o.s.boot.actuate.endpoint.jmx.JmxEndpointExporter - Unregister endpoint with ObjectName 'org.springframework.boot:type=Endpoint,name=Metrics' from the JMX domain
2024-01-17 12:01:55.397 [SpringContextShutdownHook] DEBUG o.s.boot.actuate.endpoint.jmx.JmxEndpointExporter - Unregister endpoint with ObjectName 'org.springframework.boot:type=Endpoint,name=Scheduledtasks' from the JMX domain
2024-01-17 12:01:55.397 [SpringContextShutdownHook] DEBUG o.s.boot.actuate.endpoint.jmx.JmxEndpointExporter - Unregister endpoint with ObjectName 'org.springframework.boot:type=Endpoint,name=Mappings' from the JMX domain
